<?xml version="1.0" encoding="UTF-8"?>
<testsuite xmlns:xsi="http://www.w3.org/2001/XMLSchema-instance" xsi:schemaLocation="https://maven.apache.org/surefire/maven-surefire-plugin/xsd/surefire-test-report.xsd" name="TestSuite" time="73.698" tests="6" errors="0" skipped="0" failures="3">
  <properties>
[...]
</properties>
  <testcase name="addProductToCart" classname="com.browserstack.BStackDemoTest" time="7.87"/>
  <testcase name="addProductToCart" classname="com.browserstack.BStackDemoTest" time="9.661"/>
  <testcase name="addProductToCart" classname="com.browserstack.BStackDemoTest" time="6.876"/>
  <testcase name="addProductToCart1" classname="com.browserstack.BStackDemoTest" time="1.747">
    <failure message="expected [iPhone 12] but found [iPhone 12 Mini]" type="java.lang.AssertionError">java.lang.AssertionError: expected [iPhone 12] but found [iPhone 12 Mini]
	at com.browserstack.BStackDemoTest.addProductToCart1(BStackDemoTest.java:47)
</failure>
    <system-err><![CDATA[May 24, 2023 3:27:04 PM org.openqa.selenium.remote.ProtocolHandshake createSession
INFO: Detected dialect: W3C
May 24, 2023 3:27:04 PM org.openqa.selenium.devtools.CdpVersionFinder findNearestMatch
WARNING: Unable to find an exact match for CDP version 14, so returning the closest version found: a no-op implementation
May 24, 2023 3:27:04 PM org.openqa.selenium.devtools.CdpVersionFinder findNearestMatch
INFO: Unable to find CDP implementation matching 14.
May 24, 2023 3:27:04 PM org.openqa.selenium.chromium.ChromiumDriver lambda$new$3
WARNING: Unable to find version of CDP to use for . You may need to include a dependency on a specific version of the CDP using something similar to `org.seleniumhq.selenium:selenium-devtools-v86:4.1.4` where the version ("v86") matches the version of the chromium-based browser you're using and the version number of the artifact is the same as Selenium's.
May 24, 2023 3:27:06 PM org.openqa.selenium.remote.ProtocolHandshake createSession
INFO: Detected dialect: W3C
May 24, 2023 3:27:06 PM org.openqa.selenium.devtools.CdpVersionFinder findNearestMatch
WARNING: Unable to find an exact match for CDP version 102, so returning the closest version found: 101
May 24, 2023 3:27:06 PM org.openqa.selenium.devtools.CdpVersionFinder findNearestMatch
INFO: Found CDP implementation for version 102 of 101
May 24, 2023 3:27:08 PM org.openqa.selenium.remote.ProtocolHandshake createSession
INFO: Detected dialect: W3C
May 24, 2023 3:27:08 PM org.openqa.selenium.devtools.CdpEndpointFinder getCdpEndPoint
WARNING: Unable to connect to determine websocket url: java.net.ConnectException: Connection refused: no further information: localhost/[0:0:0:0:0:0:0:1]:3152
May 24, 2023 3:27:08 PM org.openqa.selenium.devtools.CdpVersionFinder findNearestMatch
WARNING: Unable to find an exact match for CDP version 103, so returning the closest version found: 101
May 24, 2023 3:27:08 PM org.openqa.selenium.devtools.CdpVersionFinder findNearestMatch
INFO: Found CDP implementation for version 103 of 101
]]></system-err>
  </testcase>
  <testcase name="addProductToCart1" classname="com.browserstack.BStackDemoTest" time="9.96">
    <failure message="expected [iPhone 12] but found [iPhone 12 Mini]" type="java.lang.AssertionError">java.lang.AssertionError: expected [iPhone 12] but found [iPhone 12 Mini]
	at com.browserstack.BStackDemoTest.addProductToCart1(BStackDemoTest.java:47)
</failure>
  </testcase>
  <testcase name="addProductToCart1" classname="com.browserstack.BStackDemoTest" time="11.344">
    <failure message="expected [iPhone 12] but found [iPhone 12 Mini]" type="java.lang.AssertionError">java.lang.AssertionError: expected [iPhone 12] but found [iPhone 12 Mini]
	at com.browserstack.BStackDemoTest.addProductToCart1(BStackDemoTest.java:47)
</failure>
    <system-err><![CDATA[May 24, 2023 3:27:35 PM org.openqa.selenium.remote.ProtocolHandshake createSession
INFO: Detected dialect: W3C
May 24, 2023 3:27:35 PM org.openqa.selenium.devtools.CdpVersionFinder findNearestMatch
WARNING: Unable to find an exact match for CDP version 102, so returning the closest version found: 101
May 24, 2023 3:27:35 PM org.openqa.selenium.devtools.CdpVersionFinder findNearestMatch
INFO: Found CDP implementation for version 102 of 101
]]></system-err>
  </testcase>
</testsuite>