<?xml version="1.0" encoding="UTF-8"?>
<testng-results ignored="0" total="3" passed="3" failed="0" skipped="0">
  <reporter-output>
  </reporter-output>
  <suite started-at="2023-05-24T09:40:55 IST" name="Cross-Platform" finished-at="2023-05-24T09:41:21 IST" duration-ms="26336">
    <groups>
    </groups>
    <test started-at="2023-05-24T09:40:55 IST" name="BStackDemo-2" finished-at="2023-05-24T09:41:09 IST" duration-ms="14165">
      <class name="com.browserstack.BStackDemoTest">
        <test-method is-config="true" signature="setUp()[pri:0, instance:com.browserstack.BStackDemoTest@dffa30b]" started-at="2023-05-24T09:40:55 IST" name="setUp" finished-at="2023-05-24T09:41:01 IST" duration-ms="6003" status="PASS">
          <reporter-output>
          </reporter-output>
        </test-method> <!-- setUp -->
        <test-method signature="addProductToCart()[pri:0, instance:com.browserstack.BStackDemoTest@dffa30b]" started-at="2023-05-24T09:41:01 IST" name="addProductToCart" finished-at="2023-05-24T09:41:07 IST" duration-ms="5896" status="PASS">
          <reporter-output>
          </reporter-output>
        </test-method> <!-- addProductToCart -->
        <test-method is-config="true" signature="tearDown()[pri:0, instance:com.browserstack.BStackDemoTest@dffa30b]" started-at="2023-05-24T09:41:07 IST" name="tearDown" finished-at="2023-05-24T09:41:09 IST" duration-ms="2104" status="PASS">
          <reporter-output>
          </reporter-output>
        </test-method> <!-- tearDown -->
      </class> <!-- com.browserstack.BStackDemoTest -->
    </test> <!-- BStackDemo-2 -->
    <test started-at="2023-05-24T09:40:55 IST" name="BStackDemo-0" finished-at="2023-05-24T09:41:12 IST" duration-ms="17451">
      <class name="com.browserstack.BStackDemoTest">
        <test-method is-config="true" signature="setUp()[pri:0, instance:com.browserstack.BStackDemoTest@368d5c00]" started-at="2023-05-24T09:40:55 IST" name="setUp" finished-at="2023-05-24T09:41:02 IST" duration-ms="7085" status="PASS">
          <reporter-output>
          </reporter-output>
        </test-method> <!-- setUp -->
        <test-method signature="addProductToCart()[pri:0, instance:com.browserstack.BStackDemoTest@368d5c00]" started-at="2023-05-24T09:41:02 IST" name="addProductToCart" finished-at="2023-05-24T09:41:09 IST" duration-ms="6698" status="PASS">
          <reporter-output>
          </reporter-output>
        </test-method> <!-- addProductToCart -->
        <test-method is-config="true" signature="tearDown()[pri:0, instance:com.browserstack.BStackDemoTest@368d5c00]" started-at="2023-05-24T09:41:10 IST" name="tearDown" finished-at="2023-05-24T09:41:12 IST" duration-ms="2230" status="PASS">
          <reporter-output>
          </reporter-output>
        </test-method> <!-- tearDown -->
      </class> <!-- com.browserstack.BStackDemoTest -->
    </test> <!-- BStackDemo-0 -->
    <test started-at="2023-05-24T09:40:55 IST" name="BStackDemo-1" finished-at="2023-05-24T09:41:21 IST" duration-ms="26336">
      <class name="com.browserstack.BStackDemoTest">
        <test-method is-config="true" signature="setUp()[pri:0, instance:com.browserstack.BStackDemoTest@aa004a0]" started-at="2023-05-24T09:40:55 IST" name="setUp" finished-at="2023-05-24T09:41:09 IST" duration-ms="13982" status="PASS">
          <reporter-output>
          </reporter-output>
        </test-method> <!-- setUp -->
        <test-method signature="addProductToCart()[pri:0, instance:com.browserstack.BStackDemoTest@aa004a0]" started-at="2023-05-24T09:41:09 IST" name="addProductToCart" finished-at="2023-05-24T09:41:17 IST" duration-ms="8449" status="PASS">
          <reporter-output>
          </reporter-output>
        </test-method> <!-- addProductToCart -->
        <test-method is-config="true" signature="tearDown()[pri:0, instance:com.browserstack.BStackDemoTest@aa004a0]" started-at="2023-05-24T09:41:19 IST" name="tearDown" finished-at="2023-05-24T09:41:21 IST" duration-ms="2280" status="PASS">
          <reporter-output>
          </reporter-output>
        </test-method> <!-- tearDown -->
      </class> <!-- com.browserstack.BStackDemoTest -->
    </test> <!-- BStackDemo-1 -->
  </suite> <!-- Cross-Platform -->
</testng-results>
