<?xml version="1.0" encoding="UTF-8"?>
<!-- Generated by org.testng.reporters.JUnitXMLReporter -->
<testsuite ignored="0" hostname="DESKTOP-SS9KUUU" failures="0" tests="2" name="BStackDemo-1" time="78.305" errors="0" timestamp="2023-05-26T10:21:45 IST">
  <testcase classname="com.browserstack.Headsupfortails" name="verifyHomepageTitle" time="17.68"/>
  <testcase classname="com.browserstack.Headsupfortails" name="verifyProductSearchFunctionality" time="23.078"/>
</testsuite> <!-- BStackDemo-1 -->
