<?xml version="1.0" encoding="UTF-8"?>
<!-- Generated by org.testng.reporters.JUnitXMLReporter -->
<testsuite ignored="0" hostname="DESKTOP-SS9KUUU" failures="1" tests="31" name="BStackDemo-0" time="459.468" errors="0" timestamp="2023-05-30T11:34:53 IST">
  <testcase classname="com.browserstack.SeleniumTest" name="@BeforeMethod setUp" time="1.033">
    <failure type="org.openqa.selenium.SessionNotCreatedException" message="Could not start a new session. Possible causes are invalid address of the remote server or browser start-up failure. 
Host info: host: &amp;apos;DESKTOP-SS9KUUU&amp;apos;, ip: &amp;apos;192.168.1.178&amp;apos;">
      <![CDATA[org.openqa.selenium.SessionNotCreatedException: Could not start a new session. Possible causes are invalid address of the remote server or browser start-up failure. 
Host info: host: 'DESKTOP-SS9KUUU', ip: '192.168.1.178'
at org.openqa.selenium.remote.RemoteWebDriver.execute(RemoteWebDriver.java:561)
at org.openqa.selenium.remote.RemoteWebDriver.startSession(RemoteWebDriver.java:229)
at org.openqa.selenium.remote.RemoteWebDriver.<init>(RemoteWebDriver.java:157)
at org.openqa.selenium.chromium.ChromiumDriver.<init>(ChromiumDriver.java:101)
at org.openqa.selenium.chrome.ChromeDriver.<init>(ChromeDriver.java:88)
at org.openqa.selenium.chrome.ChromeDriver.<init>(ChromeDriver.java:84)
at org.openqa.selenium.chrome.ChromeDriver.<init>(ChromeDriver.java:73)
at com.browserstack.SeleniumTest.setUp(SeleniumTest.java:19)
at java.base/java.util.ArrayList.forEach(ArrayList.java:1511)
at java.base/java.util.concurrent.FutureTask.run(FutureTask.java:264)
at java.base/java.util.concurrent.ThreadPoolExecutor.runWorker(ThreadPoolExecutor.java:1136)
at java.base/java.util.concurrent.ThreadPoolExecutor$Worker.run(ThreadPoolExecutor.java:635)
at java.base/java.lang.Thread.run(Thread.java:833)
Caused by: org.openqa.selenium.WebDriverException: Automate testing time expired.
Build info: version: '4.9.1', revision: 'eb2032df7f'
System info: os.name: 'Windows 11', os.arch: 'amd64', os.version: '10.0', java.version: '17.0.7'
Driver info: driver.version: ChromeDriver
remote stacktrace: 
at org.openqa.selenium.remote.W3CHandshakeResponse.lambda$errorHandler$0(W3CHandshakeResponse.java:59)
at org.openqa.selenium.remote.HandshakeResponse.lambda$getResponseFunction$0(HandshakeResponse.java:30)
at org.openqa.selenium.remote.ProtocolHandshake.lambda$createSession$1(ProtocolHandshake.java:141)
at java.base/java.util.stream.ReferencePipeline$3$1.accept(ReferencePipeline.java:197)
at java.base/java.util.stream.Streams$StreamBuilderImpl.tryAdvance(Streams.java:397)
at java.base/java.util.stream.ReferencePipeline.forEachWithCancel(ReferencePipeline.java:129)
at java.base/java.util.stream.AbstractPipeline.copyIntoWithCancel(AbstractPipeline.java:527)
at java.base/java.util.stream.AbstractPipeline.copyInto(AbstractPipeline.java:513)
at java.base/java.util.stream.AbstractPipeline.wrapAndCopyInto(AbstractPipeline.java:499)
at java.base/java.util.stream.FindOps$FindOp.evaluateSequential(FindOps.java:150)
at java.base/java.util.stream.AbstractPipeline.evaluate(AbstractPipeline.java:234)
at java.base/java.util.stream.ReferencePipeline.findFirst(ReferencePipeline.java:647)
at org.openqa.selenium.remote.ProtocolHandshake.createSession(ProtocolHandshake.java:143)
at org.openqa.selenium.remote.ProtocolHandshake.createSession(ProtocolHandshake.java:94)
at org.openqa.selenium.remote.ProtocolHandshake.createSession(ProtocolHandshake.java:68)
at org.openqa.selenium.remote.HttpCommandExecutor.execute(HttpCommandExecutor.java:165)
at org.openqa.selenium.remote.RemoteWebDriver.execute(RemoteWebDriver.java:543)
... 33 more
... Removed 26 stack frames]]>
    </failure>
  </testcase> <!-- @BeforeMethod setUp -->
  <testcase classname="com.browserstack.SeleniumTest" name="@BeforeMethod setUp" time="1.666">
    <failure type="org.openqa.selenium.SessionNotCreatedException" message="Could not start a new session. Handshake response does not match any supported protocol 
Host info: host: &amp;apos;DESKTOP-SS9KUUU&amp;apos;, ip: &amp;apos;192.168.1.178&amp;apos;
Build info: version: &amp;apos;4.9.1&amp;apos;, revision: &amp;apos;eb2032df7f&amp;apos;
System info: os.name: &amp;apos;Windows 11&amp;apos;, os.arch: &amp;apos;amd64&amp;apos;, os.version: &amp;apos;10.0&amp;apos;, java.version: &amp;apos;17.0.7&amp;apos;
Driver info: org.openqa.selenium.chrome.ChromeDriver
Command: [null, newSession {capabilities=[Capabilities {browserName: Chrome, browserVersion: latest, bstack:options: {accessKey: twqxQydQD82kykCXeAwz, browser: Chrome, browserName: Chrome, browserVersion: latest, browserstackSDK: testng-javaagent/1.5.2, buildIdentifier: #58, buildName: jenkins_BrowserStack-, consoleLogs: errors, debug: false, hostName: DESKTOP-SS9KUUU, local: true, localIdentifier: 30_May_1127_DESKTOP_SS9KUUU..., networkLogs: false, os: Windows, osVersion: 10, projectName: BrowserStack Samples, source: testng:sample-master:v1.1, userName: deepakkumar_rQ89ol}, goog:chromeOptions: {args: [--remote-allow-origins=*, start-maximized, --disable-notifications], extensions: []}}]}]">
      <![CDATA[org.openqa.selenium.SessionNotCreatedException: Could not start a new session. Handshake response does not match any supported protocol 
Host info: host: 'DESKTOP-SS9KUUU', ip: '192.168.1.178'
Build info: version: '4.9.1', revision: 'eb2032df7f'
System info: os.name: 'Windows 11', os.arch: 'amd64', os.version: '10.0', java.version: '17.0.7'
Driver info: org.openqa.selenium.chrome.ChromeDriver
Command: [null, newSession {capabilities=[Capabilities {browserName: Chrome, browserVersion: latest, bstack:options: {accessKey: twqxQydQD82kykCXeAwz, browser: Chrome, browserName: Chrome, browserVersion: latest, browserstackSDK: testng-javaagent/1.5.2, buildIdentifier: #58, buildName: jenkins_BrowserStack-, consoleLogs: errors, debug: false, hostName: DESKTOP-SS9KUUU, local: true, localIdentifier: 30_May_1127_DESKTOP_SS9KUUU..., networkLogs: false, os: Windows, osVersion: 10, projectName: BrowserStack Samples, source: testng:sample-master:v1.1, userName: deepakkumar_rQ89ol}, goog:chromeOptions: {args: [--remote-allow-origins=*, start-maximized, --disable-notifications], extensions: []}}]}]
at org.openqa.selenium.remote.ProtocolHandshake.lambda$createSession$2(ProtocolHandshake.java:145)
at java.base/java.util.Optional.orElseGet(Optional.java:364)
at org.openqa.selenium.remote.ProtocolHandshake.createSession(ProtocolHandshake.java:145)
at org.openqa.selenium.remote.ProtocolHandshake.createSession(ProtocolHandshake.java:94)
at org.openqa.selenium.remote.ProtocolHandshake.createSession(ProtocolHandshake.java:68)
at org.openqa.selenium.remote.HttpCommandExecutor.execute(HttpCommandExecutor.java:165)
at org.openqa.selenium.remote.RemoteWebDriver.execute(RemoteWebDriver.java:543)
at org.openqa.selenium.remote.RemoteWebDriver.startSession(RemoteWebDriver.java:229)
at org.openqa.selenium.remote.RemoteWebDriver.<init>(RemoteWebDriver.java:157)
at org.openqa.selenium.chromium.ChromiumDriver.<init>(ChromiumDriver.java:101)
at org.openqa.selenium.chrome.ChromeDriver.<init>(ChromeDriver.java:88)
at org.openqa.selenium.chrome.ChromeDriver.<init>(ChromeDriver.java:84)
at org.openqa.selenium.chrome.ChromeDriver.<init>(ChromeDriver.java:73)
at com.browserstack.SeleniumTest.setUp(SeleniumTest.java:19)
at java.base/java.util.ArrayList.forEach(ArrayList.java:1511)
at java.base/java.util.concurrent.FutureTask.run(FutureTask.java:264)
at java.base/java.util.concurrent.ThreadPoolExecutor.runWorker(ThreadPoolExecutor.java:1136)
at java.base/java.util.concurrent.ThreadPoolExecutor$Worker.run(ThreadPoolExecutor.java:635)
at java.base/java.lang.Thread.run(Thread.java:833)
... Removed 21 stack frames]]>
    </failure>
  </testcase> <!-- @BeforeMethod setUp -->
  <testcase classname="com.browserstack.SeleniumTest" name="@BeforeMethod setUp" time="1.671">
    <failure type="org.openqa.selenium.SessionNotCreatedException" message="Could not start a new session. Handshake response does not match any supported protocol 
Host info: host: &amp;apos;DESKTOP-SS9KUUU&amp;apos;, ip: &amp;apos;192.168.1.178&amp;apos;
Build info: version: &amp;apos;4.9.1&amp;apos;, revision: &amp;apos;eb2032df7f&amp;apos;
System info: os.name: &amp;apos;Windows 11&amp;apos;, os.arch: &amp;apos;amd64&amp;apos;, os.version: &amp;apos;10.0&amp;apos;, java.version: &amp;apos;17.0.7&amp;apos;
Driver info: org.openqa.selenium.chrome.ChromeDriver
Command: [null, newSession {capabilities=[Capabilities {browserName: Chrome, browserVersion: latest, bstack:options: {accessKey: twqxQydQD82kykCXeAwz, browser: Chrome, browserName: Chrome, browserVersion: latest, browserstackSDK: testng-javaagent/1.5.2, buildIdentifier: #58, buildName: jenkins_BrowserStack-, consoleLogs: errors, debug: false, hostName: DESKTOP-SS9KUUU, local: true, localIdentifier: 30_May_1127_DESKTOP_SS9KUUU..., networkLogs: false, os: Windows, osVersion: 10, projectName: BrowserStack Samples, source: testng:sample-master:v1.1, userName: deepakkumar_rQ89ol}, goog:chromeOptions: {args: [--remote-allow-origins=*, start-maximized, --disable-notifications], extensions: []}}]}]">
      <![CDATA[org.openqa.selenium.SessionNotCreatedException: Could not start a new session. Handshake response does not match any supported protocol 
Host info: host: 'DESKTOP-SS9KUUU', ip: '192.168.1.178'
Build info: version: '4.9.1', revision: 'eb2032df7f'
System info: os.name: 'Windows 11', os.arch: 'amd64', os.version: '10.0', java.version: '17.0.7'
Driver info: org.openqa.selenium.chrome.ChromeDriver
Command: [null, newSession {capabilities=[Capabilities {browserName: Chrome, browserVersion: latest, bstack:options: {accessKey: twqxQydQD82kykCXeAwz, browser: Chrome, browserName: Chrome, browserVersion: latest, browserstackSDK: testng-javaagent/1.5.2, buildIdentifier: #58, buildName: jenkins_BrowserStack-, consoleLogs: errors, debug: false, hostName: DESKTOP-SS9KUUU, local: true, localIdentifier: 30_May_1127_DESKTOP_SS9KUUU..., networkLogs: false, os: Windows, osVersion: 10, projectName: BrowserStack Samples, source: testng:sample-master:v1.1, userName: deepakkumar_rQ89ol}, goog:chromeOptions: {args: [--remote-allow-origins=*, start-maximized, --disable-notifications], extensions: []}}]}]
at org.openqa.selenium.remote.ProtocolHandshake.lambda$createSession$2(ProtocolHandshake.java:145)
at java.base/java.util.Optional.orElseGet(Optional.java:364)
at org.openqa.selenium.remote.ProtocolHandshake.createSession(ProtocolHandshake.java:145)
at org.openqa.selenium.remote.ProtocolHandshake.createSession(ProtocolHandshake.java:94)
at org.openqa.selenium.remote.ProtocolHandshake.createSession(ProtocolHandshake.java:68)
at org.openqa.selenium.remote.HttpCommandExecutor.execute(HttpCommandExecutor.java:165)
at org.openqa.selenium.remote.RemoteWebDriver.execute(RemoteWebDriver.java:543)
at org.openqa.selenium.remote.RemoteWebDriver.startSession(RemoteWebDriver.java:229)
at org.openqa.selenium.remote.RemoteWebDriver.<init>(RemoteWebDriver.java:157)
at org.openqa.selenium.chromium.ChromiumDriver.<init>(ChromiumDriver.java:101)
at org.openqa.selenium.chrome.ChromeDriver.<init>(ChromeDriver.java:88)
at org.openqa.selenium.chrome.ChromeDriver.<init>(ChromeDriver.java:84)
at org.openqa.selenium.chrome.ChromeDriver.<init>(ChromeDriver.java:73)
at com.browserstack.SeleniumTest.setUp(SeleniumTest.java:19)
at java.base/java.util.ArrayList.forEach(ArrayList.java:1511)
at java.base/java.util.concurrent.FutureTask.run(FutureTask.java:264)
at java.base/java.util.concurrent.ThreadPoolExecutor.runWorker(ThreadPoolExecutor.java:1136)
at java.base/java.util.concurrent.ThreadPoolExecutor$Worker.run(ThreadPoolExecutor.java:635)
at java.base/java.lang.Thread.run(Thread.java:833)
... Removed 21 stack frames]]>
    </failure>
  </testcase> <!-- @BeforeMethod setUp -->
  <testcase classname="com.browserstack.SeleniumTest" name="@BeforeMethod setUp" time="1.658">
    <failure type="org.openqa.selenium.SessionNotCreatedException" message="Could not start a new session. Handshake response does not match any supported protocol 
Host info: host: &amp;apos;DESKTOP-SS9KUUU&amp;apos;, ip: &amp;apos;192.168.1.178&amp;apos;
Build info: version: &amp;apos;4.9.1&amp;apos;, revision: &amp;apos;eb2032df7f&amp;apos;
System info: os.name: &amp;apos;Windows 11&amp;apos;, os.arch: &amp;apos;amd64&amp;apos;, os.version: &amp;apos;10.0&amp;apos;, java.version: &amp;apos;17.0.7&amp;apos;
Driver info: org.openqa.selenium.chrome.ChromeDriver
Command: [null, newSession {capabilities=[Capabilities {browserName: Chrome, browserVersion: latest, bstack:options: {accessKey: twqxQydQD82kykCXeAwz, browser: Chrome, browserName: Chrome, browserVersion: latest, browserstackSDK: testng-javaagent/1.5.2, buildIdentifier: #58, buildName: jenkins_BrowserStack-, consoleLogs: errors, debug: false, hostName: DESKTOP-SS9KUUU, local: true, localIdentifier: 30_May_1127_DESKTOP_SS9KUUU..., networkLogs: false, os: Windows, osVersion: 10, projectName: BrowserStack Samples, source: testng:sample-master:v1.1, userName: deepakkumar_rQ89ol}, goog:chromeOptions: {args: [--remote-allow-origins=*, start-maximized, --disable-notifications], extensions: []}}]}]">
      <![CDATA[org.openqa.selenium.SessionNotCreatedException: Could not start a new session. Handshake response does not match any supported protocol 
Host info: host: 'DESKTOP-SS9KUUU', ip: '192.168.1.178'
Build info: version: '4.9.1', revision: 'eb2032df7f'
System info: os.name: 'Windows 11', os.arch: 'amd64', os.version: '10.0', java.version: '17.0.7'
Driver info: org.openqa.selenium.chrome.ChromeDriver
Command: [null, newSession {capabilities=[Capabilities {browserName: Chrome, browserVersion: latest, bstack:options: {accessKey: twqxQydQD82kykCXeAwz, browser: Chrome, browserName: Chrome, browserVersion: latest, browserstackSDK: testng-javaagent/1.5.2, buildIdentifier: #58, buildName: jenkins_BrowserStack-, consoleLogs: errors, debug: false, hostName: DESKTOP-SS9KUUU, local: true, localIdentifier: 30_May_1127_DESKTOP_SS9KUUU..., networkLogs: false, os: Windows, osVersion: 10, projectName: BrowserStack Samples, source: testng:sample-master:v1.1, userName: deepakkumar_rQ89ol}, goog:chromeOptions: {args: [--remote-allow-origins=*, start-maximized, --disable-notifications], extensions: []}}]}]
at org.openqa.selenium.remote.ProtocolHandshake.lambda$createSession$2(ProtocolHandshake.java:145)
at java.base/java.util.Optional.orElseGet(Optional.java:364)
at org.openqa.selenium.remote.ProtocolHandshake.createSession(ProtocolHandshake.java:145)
at org.openqa.selenium.remote.ProtocolHandshake.createSession(ProtocolHandshake.java:94)
at org.openqa.selenium.remote.ProtocolHandshake.createSession(ProtocolHandshake.java:68)
at org.openqa.selenium.remote.HttpCommandExecutor.execute(HttpCommandExecutor.java:165)
at org.openqa.selenium.remote.RemoteWebDriver.execute(RemoteWebDriver.java:543)
at org.openqa.selenium.remote.RemoteWebDriver.startSession(RemoteWebDriver.java:229)
at org.openqa.selenium.remote.RemoteWebDriver.<init>(RemoteWebDriver.java:157)
at org.openqa.selenium.chromium.ChromiumDriver.<init>(ChromiumDriver.java:101)
at org.openqa.selenium.chrome.ChromeDriver.<init>(ChromeDriver.java:88)
at org.openqa.selenium.chrome.ChromeDriver.<init>(ChromeDriver.java:84)
at org.openqa.selenium.chrome.ChromeDriver.<init>(ChromeDriver.java:73)
at com.browserstack.SeleniumTest.setUp(SeleniumTest.java:19)
at java.base/java.util.ArrayList.forEach(ArrayList.java:1511)
at java.base/java.util.concurrent.FutureTask.run(FutureTask.java:264)
at java.base/java.util.concurrent.ThreadPoolExecutor.runWorker(ThreadPoolExecutor.java:1136)
at java.base/java.util.concurrent.ThreadPoolExecutor$Worker.run(ThreadPoolExecutor.java:635)
at java.base/java.lang.Thread.run(Thread.java:833)
... Removed 21 stack frames]]>
    </failure>
  </testcase> <!-- @BeforeMethod setUp -->
  <testcase classname="com.browserstack.SeleniumTest" name="@BeforeMethod setUp" time="1.654">
    <failure type="org.openqa.selenium.SessionNotCreatedException" message="Could not start a new session. Handshake response does not match any supported protocol 
Host info: host: &amp;apos;DESKTOP-SS9KUUU&amp;apos;, ip: &amp;apos;192.168.1.178&amp;apos;
Build info: version: &amp;apos;4.9.1&amp;apos;, revision: &amp;apos;eb2032df7f&amp;apos;
System info: os.name: &amp;apos;Windows 11&amp;apos;, os.arch: &amp;apos;amd64&amp;apos;, os.version: &amp;apos;10.0&amp;apos;, java.version: &amp;apos;17.0.7&amp;apos;
Driver info: org.openqa.selenium.chrome.ChromeDriver
Command: [null, newSession {capabilities=[Capabilities {browserName: Firefox, browserVersion: latest, bstack:options: {accessKey: twqxQydQD82kykCXeAwz, browser: Firefox, browserName: Firefox, browserVersion: latest, browserstackSDK: testng-javaagent/1.5.2, buildIdentifier: #58, buildName: jenkins_BrowserStack-, consoleLogs: errors, debug: false, hostName: DESKTOP-SS9KUUU, local: true, localIdentifier: 30_May_1127_DESKTOP_SS9KUUU..., networkLogs: false, os: Windows, osVersion: 10, projectName: BrowserStack Samples, source: testng:sample-master:v1.1, userName: deepakkumar_rQ89ol}, goog:chromeOptions: {args: [--remote-allow-origins=*, start-maximized, --disable-notifications], extensions: []}}]}]">
      <![CDATA[org.openqa.selenium.SessionNotCreatedException: Could not start a new session. Handshake response does not match any supported protocol 
Host info: host: 'DESKTOP-SS9KUUU', ip: '192.168.1.178'
Build info: version: '4.9.1', revision: 'eb2032df7f'
System info: os.name: 'Windows 11', os.arch: 'amd64', os.version: '10.0', java.version: '17.0.7'
Driver info: org.openqa.selenium.chrome.ChromeDriver
Command: [null, newSession {capabilities=[Capabilities {browserName: Firefox, browserVersion: latest, bstack:options: {accessKey: twqxQydQD82kykCXeAwz, browser: Firefox, browserName: Firefox, browserVersion: latest, browserstackSDK: testng-javaagent/1.5.2, buildIdentifier: #58, buildName: jenkins_BrowserStack-, consoleLogs: errors, debug: false, hostName: DESKTOP-SS9KUUU, local: true, localIdentifier: 30_May_1127_DESKTOP_SS9KUUU..., networkLogs: false, os: Windows, osVersion: 10, projectName: BrowserStack Samples, source: testng:sample-master:v1.1, userName: deepakkumar_rQ89ol}, goog:chromeOptions: {args: [--remote-allow-origins=*, start-maximized, --disable-notifications], extensions: []}}]}]
at org.openqa.selenium.remote.ProtocolHandshake.lambda$createSession$2(ProtocolHandshake.java:145)
at java.base/java.util.Optional.orElseGet(Optional.java:364)
at org.openqa.selenium.remote.ProtocolHandshake.createSession(ProtocolHandshake.java:145)
at org.openqa.selenium.remote.ProtocolHandshake.createSession(ProtocolHandshake.java:94)
at org.openqa.selenium.remote.ProtocolHandshake.createSession(ProtocolHandshake.java:68)
at org.openqa.selenium.remote.HttpCommandExecutor.execute(HttpCommandExecutor.java:165)
at org.openqa.selenium.remote.RemoteWebDriver.execute(RemoteWebDriver.java:543)
at org.openqa.selenium.remote.RemoteWebDriver.startSession(RemoteWebDriver.java:229)
at org.openqa.selenium.remote.RemoteWebDriver.<init>(RemoteWebDriver.java:157)
at org.openqa.selenium.chromium.ChromiumDriver.<init>(ChromiumDriver.java:101)
at org.openqa.selenium.chrome.ChromeDriver.<init>(ChromeDriver.java:88)
at org.openqa.selenium.chrome.ChromeDriver.<init>(ChromeDriver.java:84)
at org.openqa.selenium.chrome.ChromeDriver.<init>(ChromeDriver.java:73)
at com.browserstack.SeleniumTest.setUp(SeleniumTest.java:19)
at java.base/java.util.ArrayList.forEach(ArrayList.java:1511)
at java.base/java.util.concurrent.FutureTask.run(FutureTask.java:264)
at java.base/java.util.concurrent.ThreadPoolExecutor.runWorker(ThreadPoolExecutor.java:1136)
at java.base/java.util.concurrent.ThreadPoolExecutor$Worker.run(ThreadPoolExecutor.java:635)
at java.base/java.lang.Thread.run(Thread.java:833)
... Removed 22 stack frames]]>
    </failure>
  </testcase> <!-- @BeforeMethod setUp -->
  <testcase classname="com.browserstack.SeleniumTest" name="@BeforeMethod setUp" time="1.664">
    <failure type="org.openqa.selenium.SessionNotCreatedException" message="Could not start a new session. Handshake response does not match any supported protocol 
Host info: host: &amp;apos;DESKTOP-SS9KUUU&amp;apos;, ip: &amp;apos;192.168.1.178&amp;apos;
Build info: version: &amp;apos;4.9.1&amp;apos;, revision: &amp;apos;eb2032df7f&amp;apos;
System info: os.name: &amp;apos;Windows 11&amp;apos;, os.arch: &amp;apos;amd64&amp;apos;, os.version: &amp;apos;10.0&amp;apos;, java.version: &amp;apos;17.0.7&amp;apos;
Driver info: org.openqa.selenium.chrome.ChromeDriver
Command: [null, newSession {capabilities=[Capabilities {browserName: Chrome, browserVersion: latest, bstack:options: {accessKey: twqxQydQD82kykCXeAwz, browser: Chrome, browserName: Chrome, browserVersion: latest, browserstackSDK: testng-javaagent/1.5.2, buildIdentifier: #58, buildName: jenkins_BrowserStack-, consoleLogs: errors, debug: false, hostName: DESKTOP-SS9KUUU, local: true, localIdentifier: 30_May_1127_DESKTOP_SS9KUUU..., networkLogs: false, os: Windows, osVersion: 10, projectName: BrowserStack Samples, source: testng:sample-master:v1.1, userName: deepakkumar_rQ89ol}, goog:chromeOptions: {args: [--remote-allow-origins=*, start-maximized, --disable-notifications], extensions: []}}]}]">
      <![CDATA[org.openqa.selenium.SessionNotCreatedException: Could not start a new session. Handshake response does not match any supported protocol 
Host info: host: 'DESKTOP-SS9KUUU', ip: '192.168.1.178'
Build info: version: '4.9.1', revision: 'eb2032df7f'
System info: os.name: 'Windows 11', os.arch: 'amd64', os.version: '10.0', java.version: '17.0.7'
Driver info: org.openqa.selenium.chrome.ChromeDriver
Command: [null, newSession {capabilities=[Capabilities {browserName: Chrome, browserVersion: latest, bstack:options: {accessKey: twqxQydQD82kykCXeAwz, browser: Chrome, browserName: Chrome, browserVersion: latest, browserstackSDK: testng-javaagent/1.5.2, buildIdentifier: #58, buildName: jenkins_BrowserStack-, consoleLogs: errors, debug: false, hostName: DESKTOP-SS9KUUU, local: true, localIdentifier: 30_May_1127_DESKTOP_SS9KUUU..., networkLogs: false, os: Windows, osVersion: 10, projectName: BrowserStack Samples, source: testng:sample-master:v1.1, userName: deepakkumar_rQ89ol}, goog:chromeOptions: {args: [--remote-allow-origins=*, start-maximized, --disable-notifications], extensions: []}}]}]
at org.openqa.selenium.remote.ProtocolHandshake.lambda$createSession$2(ProtocolHandshake.java:145)
at java.base/java.util.Optional.orElseGet(Optional.java:364)
at org.openqa.selenium.remote.ProtocolHandshake.createSession(ProtocolHandshake.java:145)
at org.openqa.selenium.remote.ProtocolHandshake.createSession(ProtocolHandshake.java:94)
at org.openqa.selenium.remote.ProtocolHandshake.createSession(ProtocolHandshake.java:68)
at org.openqa.selenium.remote.HttpCommandExecutor.execute(HttpCommandExecutor.java:165)
at org.openqa.selenium.remote.RemoteWebDriver.execute(RemoteWebDriver.java:543)
at org.openqa.selenium.remote.RemoteWebDriver.startSession(RemoteWebDriver.java:229)
at org.openqa.selenium.remote.RemoteWebDriver.<init>(RemoteWebDriver.java:157)
at org.openqa.selenium.chromium.ChromiumDriver.<init>(ChromiumDriver.java:101)
at org.openqa.selenium.chrome.ChromeDriver.<init>(ChromeDriver.java:88)
at org.openqa.selenium.chrome.ChromeDriver.<init>(ChromeDriver.java:84)
at org.openqa.selenium.chrome.ChromeDriver.<init>(ChromeDriver.java:73)
at com.browserstack.SeleniumTest.setUp(SeleniumTest.java:19)
at java.base/java.util.ArrayList.forEach(ArrayList.java:1511)
at java.base/java.util.concurrent.FutureTask.run(FutureTask.java:264)
at java.base/java.util.concurrent.ThreadPoolExecutor.runWorker(ThreadPoolExecutor.java:1136)
at java.base/java.util.concurrent.ThreadPoolExecutor$Worker.run(ThreadPoolExecutor.java:635)
at java.base/java.lang.Thread.run(Thread.java:833)
... Removed 21 stack frames]]>
    </failure>
  </testcase> <!-- @BeforeMethod setUp -->
  <testcase classname="com.browserstack.SeleniumTest" name="@BeforeMethod setUp" time="1.643">
    <failure type="org.openqa.selenium.SessionNotCreatedException" message="Could not start a new session. Handshake response does not match any supported protocol 
Host info: host: &amp;apos;DESKTOP-SS9KUUU&amp;apos;, ip: &amp;apos;192.168.1.178&amp;apos;
Build info: version: &amp;apos;4.9.1&amp;apos;, revision: &amp;apos;eb2032df7f&amp;apos;
System info: os.name: &amp;apos;Windows 11&amp;apos;, os.arch: &amp;apos;amd64&amp;apos;, os.version: &amp;apos;10.0&amp;apos;, java.version: &amp;apos;17.0.7&amp;apos;
Driver info: org.openqa.selenium.chrome.ChromeDriver
Command: [null, newSession {capabilities=[Capabilities {browserName: Firefox, browserVersion: latest, bstack:options: {accessKey: twqxQydQD82kykCXeAwz, browser: Firefox, browserName: Firefox, browserVersion: latest, browserstackSDK: testng-javaagent/1.5.2, buildIdentifier: #58, buildName: jenkins_BrowserStack-, consoleLogs: errors, debug: false, hostName: DESKTOP-SS9KUUU, local: true, localIdentifier: 30_May_1127_DESKTOP_SS9KUUU..., networkLogs: false, os: Windows, osVersion: 10, projectName: BrowserStack Samples, source: testng:sample-master:v1.1, userName: deepakkumar_rQ89ol}, goog:chromeOptions: {args: [--remote-allow-origins=*, start-maximized, --disable-notifications], extensions: []}}]}]">
      <![CDATA[org.openqa.selenium.SessionNotCreatedException: Could not start a new session. Handshake response does not match any supported protocol 
Host info: host: 'DESKTOP-SS9KUUU', ip: '192.168.1.178'
Build info: version: '4.9.1', revision: 'eb2032df7f'
System info: os.name: 'Windows 11', os.arch: 'amd64', os.version: '10.0', java.version: '17.0.7'
Driver info: org.openqa.selenium.chrome.ChromeDriver
Command: [null, newSession {capabilities=[Capabilities {browserName: Firefox, browserVersion: latest, bstack:options: {accessKey: twqxQydQD82kykCXeAwz, browser: Firefox, browserName: Firefox, browserVersion: latest, browserstackSDK: testng-javaagent/1.5.2, buildIdentifier: #58, buildName: jenkins_BrowserStack-, consoleLogs: errors, debug: false, hostName: DESKTOP-SS9KUUU, local: true, localIdentifier: 30_May_1127_DESKTOP_SS9KUUU..., networkLogs: false, os: Windows, osVersion: 10, projectName: BrowserStack Samples, source: testng:sample-master:v1.1, userName: deepakkumar_rQ89ol}, goog:chromeOptions: {args: [--remote-allow-origins=*, start-maximized, --disable-notifications], extensions: []}}]}]
at org.openqa.selenium.remote.ProtocolHandshake.lambda$createSession$2(ProtocolHandshake.java:145)
at java.base/java.util.Optional.orElseGet(Optional.java:364)
at org.openqa.selenium.remote.ProtocolHandshake.createSession(ProtocolHandshake.java:145)
at org.openqa.selenium.remote.ProtocolHandshake.createSession(ProtocolHandshake.java:94)
at org.openqa.selenium.remote.ProtocolHandshake.createSession(ProtocolHandshake.java:68)
at org.openqa.selenium.remote.HttpCommandExecutor.execute(HttpCommandExecutor.java:165)
at org.openqa.selenium.remote.RemoteWebDriver.execute(RemoteWebDriver.java:543)
at org.openqa.selenium.remote.RemoteWebDriver.startSession(RemoteWebDriver.java:229)
at org.openqa.selenium.remote.RemoteWebDriver.<init>(RemoteWebDriver.java:157)
at org.openqa.selenium.chromium.ChromiumDriver.<init>(ChromiumDriver.java:101)
at org.openqa.selenium.chrome.ChromeDriver.<init>(ChromeDriver.java:88)
at org.openqa.selenium.chrome.ChromeDriver.<init>(ChromeDriver.java:84)
at org.openqa.selenium.chrome.ChromeDriver.<init>(ChromeDriver.java:73)
at com.browserstack.SeleniumTest.setUp(SeleniumTest.java:19)
at java.base/java.util.ArrayList.forEach(ArrayList.java:1511)
at java.base/java.util.concurrent.FutureTask.run(FutureTask.java:264)
at java.base/java.util.concurrent.ThreadPoolExecutor.runWorker(ThreadPoolExecutor.java:1136)
at java.base/java.util.concurrent.ThreadPoolExecutor$Worker.run(ThreadPoolExecutor.java:635)
at java.base/java.lang.Thread.run(Thread.java:833)
... Removed 22 stack frames]]>
    </failure>
  </testcase> <!-- @BeforeMethod setUp -->
  <testcase classname="com.browserstack.SeleniumTest" name="@BeforeMethod setUp" time="1.644">
    <failure type="org.openqa.selenium.SessionNotCreatedException" message="Could not start a new session. Handshake response does not match any supported protocol 
Host info: host: &amp;apos;DESKTOP-SS9KUUU&amp;apos;, ip: &amp;apos;192.168.1.178&amp;apos;
Build info: version: &amp;apos;4.9.1&amp;apos;, revision: &amp;apos;eb2032df7f&amp;apos;
System info: os.name: &amp;apos;Windows 11&amp;apos;, os.arch: &amp;apos;amd64&amp;apos;, os.version: &amp;apos;10.0&amp;apos;, java.version: &amp;apos;17.0.7&amp;apos;
Driver info: org.openqa.selenium.chrome.ChromeDriver
Command: [null, newSession {capabilities=[Capabilities {browserName: Chrome, browserVersion: latest, bstack:options: {accessKey: twqxQydQD82kykCXeAwz, browser: Chrome, browserName: Chrome, browserVersion: latest, browserstackSDK: testng-javaagent/1.5.2, buildIdentifier: #58, buildName: jenkins_BrowserStack-, consoleLogs: errors, debug: false, hostName: DESKTOP-SS9KUUU, local: true, localIdentifier: 30_May_1127_DESKTOP_SS9KUUU..., networkLogs: false, os: Windows, osVersion: 10, projectName: BrowserStack Samples, source: testng:sample-master:v1.1, userName: deepakkumar_rQ89ol}, goog:chromeOptions: {args: [--remote-allow-origins=*, start-maximized, --disable-notifications], extensions: []}}]}]">
      <![CDATA[org.openqa.selenium.SessionNotCreatedException: Could not start a new session. Handshake response does not match any supported protocol 
Host info: host: 'DESKTOP-SS9KUUU', ip: '192.168.1.178'
Build info: version: '4.9.1', revision: 'eb2032df7f'
System info: os.name: 'Windows 11', os.arch: 'amd64', os.version: '10.0', java.version: '17.0.7'
Driver info: org.openqa.selenium.chrome.ChromeDriver
Command: [null, newSession {capabilities=[Capabilities {browserName: Chrome, browserVersion: latest, bstack:options: {accessKey: twqxQydQD82kykCXeAwz, browser: Chrome, browserName: Chrome, browserVersion: latest, browserstackSDK: testng-javaagent/1.5.2, buildIdentifier: #58, buildName: jenkins_BrowserStack-, consoleLogs: errors, debug: false, hostName: DESKTOP-SS9KUUU, local: true, localIdentifier: 30_May_1127_DESKTOP_SS9KUUU..., networkLogs: false, os: Windows, osVersion: 10, projectName: BrowserStack Samples, source: testng:sample-master:v1.1, userName: deepakkumar_rQ89ol}, goog:chromeOptions: {args: [--remote-allow-origins=*, start-maximized, --disable-notifications], extensions: []}}]}]
at org.openqa.selenium.remote.ProtocolHandshake.lambda$createSession$2(ProtocolHandshake.java:145)
at java.base/java.util.Optional.orElseGet(Optional.java:364)
at org.openqa.selenium.remote.ProtocolHandshake.createSession(ProtocolHandshake.java:145)
at org.openqa.selenium.remote.ProtocolHandshake.createSession(ProtocolHandshake.java:94)
at org.openqa.selenium.remote.ProtocolHandshake.createSession(ProtocolHandshake.java:68)
at org.openqa.selenium.remote.HttpCommandExecutor.execute(HttpCommandExecutor.java:165)
at org.openqa.selenium.remote.RemoteWebDriver.execute(RemoteWebDriver.java:543)
at org.openqa.selenium.remote.RemoteWebDriver.startSession(RemoteWebDriver.java:229)
at org.openqa.selenium.remote.RemoteWebDriver.<init>(RemoteWebDriver.java:157)
at org.openqa.selenium.chromium.ChromiumDriver.<init>(ChromiumDriver.java:101)
at org.openqa.selenium.chrome.ChromeDriver.<init>(ChromeDriver.java:88)
at org.openqa.selenium.chrome.ChromeDriver.<init>(ChromeDriver.java:84)
at org.openqa.selenium.chrome.ChromeDriver.<init>(ChromeDriver.java:73)
at com.browserstack.SeleniumTest.setUp(SeleniumTest.java:19)
at java.base/java.util.ArrayList.forEach(ArrayList.java:1511)
at java.base/java.util.concurrent.FutureTask.run(FutureTask.java:264)
at java.base/java.util.concurrent.ThreadPoolExecutor.runWorker(ThreadPoolExecutor.java:1136)
at java.base/java.util.concurrent.ThreadPoolExecutor$Worker.run(ThreadPoolExecutor.java:635)
at java.base/java.lang.Thread.run(Thread.java:833)
... Removed 21 stack frames]]>
    </failure>
  </testcase> <!-- @BeforeMethod setUp -->
  <testcase classname="com.browserstack.SeleniumTest" name="@BeforeMethod setUp" time="1.646">
    <failure type="org.openqa.selenium.SessionNotCreatedException" message="Could not start a new session. Handshake response does not match any supported protocol 
Host info: host: &amp;apos;DESKTOP-SS9KUUU&amp;apos;, ip: &amp;apos;192.168.1.178&amp;apos;
Build info: version: &amp;apos;4.9.1&amp;apos;, revision: &amp;apos;eb2032df7f&amp;apos;
System info: os.name: &amp;apos;Windows 11&amp;apos;, os.arch: &amp;apos;amd64&amp;apos;, os.version: &amp;apos;10.0&amp;apos;, java.version: &amp;apos;17.0.7&amp;apos;
Driver info: org.openqa.selenium.chrome.ChromeDriver
Command: [null, newSession {capabilities=[Capabilities {browserName: Firefox, browserVersion: latest, bstack:options: {accessKey: twqxQydQD82kykCXeAwz, browser: Firefox, browserName: Firefox, browserVersion: latest, browserstackSDK: testng-javaagent/1.5.2, buildIdentifier: #58, buildName: jenkins_BrowserStack-, consoleLogs: errors, debug: false, hostName: DESKTOP-SS9KUUU, local: true, localIdentifier: 30_May_1127_DESKTOP_SS9KUUU..., networkLogs: false, os: Windows, osVersion: 10, projectName: BrowserStack Samples, source: testng:sample-master:v1.1, userName: deepakkumar_rQ89ol}, goog:chromeOptions: {args: [--remote-allow-origins=*, start-maximized, --disable-notifications], extensions: []}}]}]">
      <![CDATA[org.openqa.selenium.SessionNotCreatedException: Could not start a new session. Handshake response does not match any supported protocol 
Host info: host: 'DESKTOP-SS9KUUU', ip: '192.168.1.178'
Build info: version: '4.9.1', revision: 'eb2032df7f'
System info: os.name: 'Windows 11', os.arch: 'amd64', os.version: '10.0', java.version: '17.0.7'
Driver info: org.openqa.selenium.chrome.ChromeDriver
Command: [null, newSession {capabilities=[Capabilities {browserName: Firefox, browserVersion: latest, bstack:options: {accessKey: twqxQydQD82kykCXeAwz, browser: Firefox, browserName: Firefox, browserVersion: latest, browserstackSDK: testng-javaagent/1.5.2, buildIdentifier: #58, buildName: jenkins_BrowserStack-, consoleLogs: errors, debug: false, hostName: DESKTOP-SS9KUUU, local: true, localIdentifier: 30_May_1127_DESKTOP_SS9KUUU..., networkLogs: false, os: Windows, osVersion: 10, projectName: BrowserStack Samples, source: testng:sample-master:v1.1, userName: deepakkumar_rQ89ol}, goog:chromeOptions: {args: [--remote-allow-origins=*, start-maximized, --disable-notifications], extensions: []}}]}]
at org.openqa.selenium.remote.ProtocolHandshake.lambda$createSession$2(ProtocolHandshake.java:145)
at java.base/java.util.Optional.orElseGet(Optional.java:364)
at org.openqa.selenium.remote.ProtocolHandshake.createSession(ProtocolHandshake.java:145)
at org.openqa.selenium.remote.ProtocolHandshake.createSession(ProtocolHandshake.java:94)
at org.openqa.selenium.remote.ProtocolHandshake.createSession(ProtocolHandshake.java:68)
at org.openqa.selenium.remote.HttpCommandExecutor.execute(HttpCommandExecutor.java:165)
at org.openqa.selenium.remote.RemoteWebDriver.execute(RemoteWebDriver.java:543)
at org.openqa.selenium.remote.RemoteWebDriver.startSession(RemoteWebDriver.java:229)
at org.openqa.selenium.remote.RemoteWebDriver.<init>(RemoteWebDriver.java:157)
at org.openqa.selenium.chromium.ChromiumDriver.<init>(ChromiumDriver.java:101)
at org.openqa.selenium.chrome.ChromeDriver.<init>(ChromeDriver.java:88)
at org.openqa.selenium.chrome.ChromeDriver.<init>(ChromeDriver.java:84)
at org.openqa.selenium.chrome.ChromeDriver.<init>(ChromeDriver.java:73)
at com.browserstack.SeleniumTest.setUp(SeleniumTest.java:19)
at java.base/java.util.ArrayList.forEach(ArrayList.java:1511)
at java.base/java.util.concurrent.FutureTask.run(FutureTask.java:264)
at java.base/java.util.concurrent.ThreadPoolExecutor.runWorker(ThreadPoolExecutor.java:1136)
at java.base/java.util.concurrent.ThreadPoolExecutor$Worker.run(ThreadPoolExecutor.java:635)
at java.base/java.lang.Thread.run(Thread.java:833)
... Removed 22 stack frames]]>
    </failure>
  </testcase> <!-- @BeforeMethod setUp -->
  <testcase classname="com.browserstack.SeleniumTest" name="@BeforeMethod setUp" time="1.675">
    <failure type="org.openqa.selenium.SessionNotCreatedException" message="Could not start a new session. Handshake response does not match any supported protocol 
Host info: host: &amp;apos;DESKTOP-SS9KUUU&amp;apos;, ip: &amp;apos;192.168.1.178&amp;apos;
Build info: version: &amp;apos;4.9.1&amp;apos;, revision: &amp;apos;eb2032df7f&amp;apos;
System info: os.name: &amp;apos;Windows 11&amp;apos;, os.arch: &amp;apos;amd64&amp;apos;, os.version: &amp;apos;10.0&amp;apos;, java.version: &amp;apos;17.0.7&amp;apos;
Driver info: org.openqa.selenium.chrome.ChromeDriver
Command: [null, newSession {capabilities=[Capabilities {browserName: Chrome, browserVersion: latest, bstack:options: {accessKey: twqxQydQD82kykCXeAwz, browser: Chrome, browserName: Chrome, browserVersion: latest, browserstackSDK: testng-javaagent/1.5.2, buildIdentifier: #58, buildName: jenkins_BrowserStack-, consoleLogs: errors, debug: false, hostName: DESKTOP-SS9KUUU, local: true, localIdentifier: 30_May_1127_DESKTOP_SS9KUUU..., networkLogs: false, os: Windows, osVersion: 10, projectName: BrowserStack Samples, source: testng:sample-master:v1.1, userName: deepakkumar_rQ89ol}, goog:chromeOptions: {args: [--remote-allow-origins=*, start-maximized, --disable-notifications], extensions: []}}]}]">
      <![CDATA[org.openqa.selenium.SessionNotCreatedException: Could not start a new session. Handshake response does not match any supported protocol 
Host info: host: 'DESKTOP-SS9KUUU', ip: '192.168.1.178'
Build info: version: '4.9.1', revision: 'eb2032df7f'
System info: os.name: 'Windows 11', os.arch: 'amd64', os.version: '10.0', java.version: '17.0.7'
Driver info: org.openqa.selenium.chrome.ChromeDriver
Command: [null, newSession {capabilities=[Capabilities {browserName: Chrome, browserVersion: latest, bstack:options: {accessKey: twqxQydQD82kykCXeAwz, browser: Chrome, browserName: Chrome, browserVersion: latest, browserstackSDK: testng-javaagent/1.5.2, buildIdentifier: #58, buildName: jenkins_BrowserStack-, consoleLogs: errors, debug: false, hostName: DESKTOP-SS9KUUU, local: true, localIdentifier: 30_May_1127_DESKTOP_SS9KUUU..., networkLogs: false, os: Windows, osVersion: 10, projectName: BrowserStack Samples, source: testng:sample-master:v1.1, userName: deepakkumar_rQ89ol}, goog:chromeOptions: {args: [--remote-allow-origins=*, start-maximized, --disable-notifications], extensions: []}}]}]
at org.openqa.selenium.remote.ProtocolHandshake.lambda$createSession$2(ProtocolHandshake.java:145)
at java.base/java.util.Optional.orElseGet(Optional.java:364)
at org.openqa.selenium.remote.ProtocolHandshake.createSession(ProtocolHandshake.java:145)
at org.openqa.selenium.remote.ProtocolHandshake.createSession(ProtocolHandshake.java:94)
at org.openqa.selenium.remote.ProtocolHandshake.createSession(ProtocolHandshake.java:68)
at org.openqa.selenium.remote.HttpCommandExecutor.execute(HttpCommandExecutor.java:165)
at org.openqa.selenium.remote.RemoteWebDriver.execute(RemoteWebDriver.java:543)
at org.openqa.selenium.remote.RemoteWebDriver.startSession(RemoteWebDriver.java:229)
at org.openqa.selenium.remote.RemoteWebDriver.<init>(RemoteWebDriver.java:157)
at org.openqa.selenium.chromium.ChromiumDriver.<init>(ChromiumDriver.java:101)
at org.openqa.selenium.chrome.ChromeDriver.<init>(ChromeDriver.java:88)
at org.openqa.selenium.chrome.ChromeDriver.<init>(ChromeDriver.java:84)
at org.openqa.selenium.chrome.ChromeDriver.<init>(ChromeDriver.java:73)
at com.browserstack.SeleniumTest.setUp(SeleniumTest.java:19)
at java.base/java.util.ArrayList.forEach(ArrayList.java:1511)
at java.base/java.util.concurrent.FutureTask.run(FutureTask.java:264)
at java.base/java.util.concurrent.ThreadPoolExecutor.runWorker(ThreadPoolExecutor.java:1136)
at java.base/java.util.concurrent.ThreadPoolExecutor$Worker.run(ThreadPoolExecutor.java:635)
at java.base/java.lang.Thread.run(Thread.java:833)
... Removed 21 stack frames]]>
    </failure>
  </testcase> <!-- @BeforeMethod setUp -->
  <testcase classname="com.browserstack.SeleniumTest" name="@BeforeMethod setUp" time="1.651">
    <failure type="org.openqa.selenium.SessionNotCreatedException" message="Could not start a new session. Handshake response does not match any supported protocol 
Host info: host: &amp;apos;DESKTOP-SS9KUUU&amp;apos;, ip: &amp;apos;192.168.1.178&amp;apos;
Build info: version: &amp;apos;4.9.1&amp;apos;, revision: &amp;apos;eb2032df7f&amp;apos;
System info: os.name: &amp;apos;Windows 11&amp;apos;, os.arch: &amp;apos;amd64&amp;apos;, os.version: &amp;apos;10.0&amp;apos;, java.version: &amp;apos;17.0.7&amp;apos;
Driver info: org.openqa.selenium.chrome.ChromeDriver
Command: [null, newSession {capabilities=[Capabilities {browserName: Firefox, browserVersion: latest, bstack:options: {accessKey: twqxQydQD82kykCXeAwz, browser: Firefox, browserName: Firefox, browserVersion: latest, browserstackSDK: testng-javaagent/1.5.2, buildIdentifier: #58, buildName: jenkins_BrowserStack-, consoleLogs: errors, debug: false, hostName: DESKTOP-SS9KUUU, local: true, localIdentifier: 30_May_1127_DESKTOP_SS9KUUU..., networkLogs: false, os: Windows, osVersion: 10, projectName: BrowserStack Samples, source: testng:sample-master:v1.1, userName: deepakkumar_rQ89ol}, goog:chromeOptions: {args: [--remote-allow-origins=*, start-maximized, --disable-notifications], extensions: []}}]}]">
      <![CDATA[org.openqa.selenium.SessionNotCreatedException: Could not start a new session. Handshake response does not match any supported protocol 
Host info: host: 'DESKTOP-SS9KUUU', ip: '192.168.1.178'
Build info: version: '4.9.1', revision: 'eb2032df7f'
System info: os.name: 'Windows 11', os.arch: 'amd64', os.version: '10.0', java.version: '17.0.7'
Driver info: org.openqa.selenium.chrome.ChromeDriver
Command: [null, newSession {capabilities=[Capabilities {browserName: Firefox, browserVersion: latest, bstack:options: {accessKey: twqxQydQD82kykCXeAwz, browser: Firefox, browserName: Firefox, browserVersion: latest, browserstackSDK: testng-javaagent/1.5.2, buildIdentifier: #58, buildName: jenkins_BrowserStack-, consoleLogs: errors, debug: false, hostName: DESKTOP-SS9KUUU, local: true, localIdentifier: 30_May_1127_DESKTOP_SS9KUUU..., networkLogs: false, os: Windows, osVersion: 10, projectName: BrowserStack Samples, source: testng:sample-master:v1.1, userName: deepakkumar_rQ89ol}, goog:chromeOptions: {args: [--remote-allow-origins=*, start-maximized, --disable-notifications], extensions: []}}]}]
at org.openqa.selenium.remote.ProtocolHandshake.lambda$createSession$2(ProtocolHandshake.java:145)
at java.base/java.util.Optional.orElseGet(Optional.java:364)
at org.openqa.selenium.remote.ProtocolHandshake.createSession(ProtocolHandshake.java:145)
at org.openqa.selenium.remote.ProtocolHandshake.createSession(ProtocolHandshake.java:94)
at org.openqa.selenium.remote.ProtocolHandshake.createSession(ProtocolHandshake.java:68)
at org.openqa.selenium.remote.HttpCommandExecutor.execute(HttpCommandExecutor.java:165)
at org.openqa.selenium.remote.RemoteWebDriver.execute(RemoteWebDriver.java:543)
at org.openqa.selenium.remote.RemoteWebDriver.startSession(RemoteWebDriver.java:229)
at org.openqa.selenium.remote.RemoteWebDriver.<init>(RemoteWebDriver.java:157)
at org.openqa.selenium.chromium.ChromiumDriver.<init>(ChromiumDriver.java:101)
at org.openqa.selenium.chrome.ChromeDriver.<init>(ChromeDriver.java:88)
at org.openqa.selenium.chrome.ChromeDriver.<init>(ChromeDriver.java:84)
at org.openqa.selenium.chrome.ChromeDriver.<init>(ChromeDriver.java:73)
at com.browserstack.SeleniumTest.setUp(SeleniumTest.java:19)
at java.base/java.util.ArrayList.forEach(ArrayList.java:1511)
at java.base/java.util.concurrent.FutureTask.run(FutureTask.java:264)
at java.base/java.util.concurrent.ThreadPoolExecutor.runWorker(ThreadPoolExecutor.java:1136)
at java.base/java.util.concurrent.ThreadPoolExecutor$Worker.run(ThreadPoolExecutor.java:635)
at java.base/java.lang.Thread.run(Thread.java:833)
... Removed 22 stack frames]]>
    </failure>
  </testcase> <!-- @BeforeMethod setUp -->
  <testcase classname="com.browserstack.SeleniumTest" name="@BeforeMethod setUp" time="1.653">
    <failure type="org.openqa.selenium.SessionNotCreatedException" message="Could not start a new session. Handshake response does not match any supported protocol 
Host info: host: &amp;apos;DESKTOP-SS9KUUU&amp;apos;, ip: &amp;apos;192.168.1.178&amp;apos;
Build info: version: &amp;apos;4.9.1&amp;apos;, revision: &amp;apos;eb2032df7f&amp;apos;
System info: os.name: &amp;apos;Windows 11&amp;apos;, os.arch: &amp;apos;amd64&amp;apos;, os.version: &amp;apos;10.0&amp;apos;, java.version: &amp;apos;17.0.7&amp;apos;
Driver info: org.openqa.selenium.chrome.ChromeDriver
Command: [null, newSession {capabilities=[Capabilities {browserName: Chrome, browserVersion: latest, bstack:options: {accessKey: twqxQydQD82kykCXeAwz, browser: Chrome, browserName: Chrome, browserVersion: latest, browserstackSDK: testng-javaagent/1.5.2, buildIdentifier: #58, buildName: jenkins_BrowserStack-, consoleLogs: errors, debug: false, hostName: DESKTOP-SS9KUUU, local: true, localIdentifier: 30_May_1127_DESKTOP_SS9KUUU..., networkLogs: false, os: Windows, osVersion: 10, projectName: BrowserStack Samples, source: testng:sample-master:v1.1, userName: deepakkumar_rQ89ol}, goog:chromeOptions: {args: [--remote-allow-origins=*, start-maximized, --disable-notifications], extensions: []}}]}]">
      <![CDATA[org.openqa.selenium.SessionNotCreatedException: Could not start a new session. Handshake response does not match any supported protocol 
Host info: host: 'DESKTOP-SS9KUUU', ip: '192.168.1.178'
Build info: version: '4.9.1', revision: 'eb2032df7f'
System info: os.name: 'Windows 11', os.arch: 'amd64', os.version: '10.0', java.version: '17.0.7'
Driver info: org.openqa.selenium.chrome.ChromeDriver
Command: [null, newSession {capabilities=[Capabilities {browserName: Chrome, browserVersion: latest, bstack:options: {accessKey: twqxQydQD82kykCXeAwz, browser: Chrome, browserName: Chrome, browserVersion: latest, browserstackSDK: testng-javaagent/1.5.2, buildIdentifier: #58, buildName: jenkins_BrowserStack-, consoleLogs: errors, debug: false, hostName: DESKTOP-SS9KUUU, local: true, localIdentifier: 30_May_1127_DESKTOP_SS9KUUU..., networkLogs: false, os: Windows, osVersion: 10, projectName: BrowserStack Samples, source: testng:sample-master:v1.1, userName: deepakkumar_rQ89ol}, goog:chromeOptions: {args: [--remote-allow-origins=*, start-maximized, --disable-notifications], extensions: []}}]}]
at org.openqa.selenium.remote.ProtocolHandshake.lambda$createSession$2(ProtocolHandshake.java:145)
at java.base/java.util.Optional.orElseGet(Optional.java:364)
at org.openqa.selenium.remote.ProtocolHandshake.createSession(ProtocolHandshake.java:145)
at org.openqa.selenium.remote.ProtocolHandshake.createSession(ProtocolHandshake.java:94)
at org.openqa.selenium.remote.ProtocolHandshake.createSession(ProtocolHandshake.java:68)
at org.openqa.selenium.remote.HttpCommandExecutor.execute(HttpCommandExecutor.java:165)
at org.openqa.selenium.remote.RemoteWebDriver.execute(RemoteWebDriver.java:543)
at org.openqa.selenium.remote.RemoteWebDriver.startSession(RemoteWebDriver.java:229)
at org.openqa.selenium.remote.RemoteWebDriver.<init>(RemoteWebDriver.java:157)
at org.openqa.selenium.chromium.ChromiumDriver.<init>(ChromiumDriver.java:101)
at org.openqa.selenium.chrome.ChromeDriver.<init>(ChromeDriver.java:88)
at org.openqa.selenium.chrome.ChromeDriver.<init>(ChromeDriver.java:84)
at org.openqa.selenium.chrome.ChromeDriver.<init>(ChromeDriver.java:73)
at com.browserstack.SeleniumTest.setUp(SeleniumTest.java:19)
at java.base/java.util.ArrayList.forEach(ArrayList.java:1511)
at java.base/java.util.concurrent.FutureTask.run(FutureTask.java:264)
at java.base/java.util.concurrent.ThreadPoolExecutor.runWorker(ThreadPoolExecutor.java:1136)
at java.base/java.util.concurrent.ThreadPoolExecutor$Worker.run(ThreadPoolExecutor.java:635)
at java.base/java.lang.Thread.run(Thread.java:833)
... Removed 21 stack frames]]>
    </failure>
  </testcase> <!-- @BeforeMethod setUp -->
  <testcase classname="com.browserstack.SeleniumTest" name="@BeforeMethod setUp" time="1.786">
    <failure type="org.openqa.selenium.SessionNotCreatedException" message="Could not start a new session. Handshake response does not match any supported protocol 
Host info: host: &amp;apos;DESKTOP-SS9KUUU&amp;apos;, ip: &amp;apos;192.168.1.178&amp;apos;
Build info: version: &amp;apos;4.9.1&amp;apos;, revision: &amp;apos;eb2032df7f&amp;apos;
System info: os.name: &amp;apos;Windows 11&amp;apos;, os.arch: &amp;apos;amd64&amp;apos;, os.version: &amp;apos;10.0&amp;apos;, java.version: &amp;apos;17.0.7&amp;apos;
Driver info: org.openqa.selenium.chrome.ChromeDriver
Command: [null, newSession {capabilities=[Capabilities {browserName: Firefox, browserVersion: latest, bstack:options: {accessKey: twqxQydQD82kykCXeAwz, browser: Firefox, browserName: Firefox, browserVersion: latest, browserstackSDK: testng-javaagent/1.5.2, buildIdentifier: #58, buildName: jenkins_BrowserStack-, consoleLogs: errors, debug: false, hostName: DESKTOP-SS9KUUU, local: true, localIdentifier: 30_May_1127_DESKTOP_SS9KUUU..., networkLogs: false, os: Windows, osVersion: 10, projectName: BrowserStack Samples, source: testng:sample-master:v1.1, userName: deepakkumar_rQ89ol}, goog:chromeOptions: {args: [--remote-allow-origins=*, start-maximized, --disable-notifications], extensions: []}}]}]">
      <![CDATA[org.openqa.selenium.SessionNotCreatedException: Could not start a new session. Handshake response does not match any supported protocol 
Host info: host: 'DESKTOP-SS9KUUU', ip: '192.168.1.178'
Build info: version: '4.9.1', revision: 'eb2032df7f'
System info: os.name: 'Windows 11', os.arch: 'amd64', os.version: '10.0', java.version: '17.0.7'
Driver info: org.openqa.selenium.chrome.ChromeDriver
Command: [null, newSession {capabilities=[Capabilities {browserName: Firefox, browserVersion: latest, bstack:options: {accessKey: twqxQydQD82kykCXeAwz, browser: Firefox, browserName: Firefox, browserVersion: latest, browserstackSDK: testng-javaagent/1.5.2, buildIdentifier: #58, buildName: jenkins_BrowserStack-, consoleLogs: errors, debug: false, hostName: DESKTOP-SS9KUUU, local: true, localIdentifier: 30_May_1127_DESKTOP_SS9KUUU..., networkLogs: false, os: Windows, osVersion: 10, projectName: BrowserStack Samples, source: testng:sample-master:v1.1, userName: deepakkumar_rQ89ol}, goog:chromeOptions: {args: [--remote-allow-origins=*, start-maximized, --disable-notifications], extensions: []}}]}]
at org.openqa.selenium.remote.ProtocolHandshake.lambda$createSession$2(ProtocolHandshake.java:145)
at java.base/java.util.Optional.orElseGet(Optional.java:364)
at org.openqa.selenium.remote.ProtocolHandshake.createSession(ProtocolHandshake.java:145)
at org.openqa.selenium.remote.ProtocolHandshake.createSession(ProtocolHandshake.java:94)
at org.openqa.selenium.remote.ProtocolHandshake.createSession(ProtocolHandshake.java:68)
at org.openqa.selenium.remote.HttpCommandExecutor.execute(HttpCommandExecutor.java:165)
at org.openqa.selenium.remote.RemoteWebDriver.execute(RemoteWebDriver.java:543)
at org.openqa.selenium.remote.RemoteWebDriver.startSession(RemoteWebDriver.java:229)
at org.openqa.selenium.remote.RemoteWebDriver.<init>(RemoteWebDriver.java:157)
at org.openqa.selenium.chromium.ChromiumDriver.<init>(ChromiumDriver.java:101)
at org.openqa.selenium.chrome.ChromeDriver.<init>(ChromeDriver.java:88)
at org.openqa.selenium.chrome.ChromeDriver.<init>(ChromeDriver.java:84)
at org.openqa.selenium.chrome.ChromeDriver.<init>(ChromeDriver.java:73)
at com.browserstack.SeleniumTest.setUp(SeleniumTest.java:19)
at java.base/java.util.ArrayList.forEach(ArrayList.java:1511)
at java.base/java.util.concurrent.FutureTask.run(FutureTask.java:264)
at java.base/java.util.concurrent.ThreadPoolExecutor.runWorker(ThreadPoolExecutor.java:1136)
at java.base/java.util.concurrent.ThreadPoolExecutor$Worker.run(ThreadPoolExecutor.java:635)
at java.base/java.lang.Thread.run(Thread.java:833)
... Removed 22 stack frames]]>
    </failure>
  </testcase> <!-- @BeforeMethod setUp -->
  <testcase classname="com.browserstack.SeleniumTest" name="@BeforeMethod setUp" time="1.655">
    <failure type="org.openqa.selenium.SessionNotCreatedException" message="Could not start a new session. Handshake response does not match any supported protocol 
Host info: host: &amp;apos;DESKTOP-SS9KUUU&amp;apos;, ip: &amp;apos;192.168.1.178&amp;apos;
Build info: version: &amp;apos;4.9.1&amp;apos;, revision: &amp;apos;eb2032df7f&amp;apos;
System info: os.name: &amp;apos;Windows 11&amp;apos;, os.arch: &amp;apos;amd64&amp;apos;, os.version: &amp;apos;10.0&amp;apos;, java.version: &amp;apos;17.0.7&amp;apos;
Driver info: org.openqa.selenium.chrome.ChromeDriver
Command: [null, newSession {capabilities=[Capabilities {browserName: Chrome, browserVersion: latest, bstack:options: {accessKey: twqxQydQD82kykCXeAwz, browser: Chrome, browserName: Chrome, browserVersion: latest, browserstackSDK: testng-javaagent/1.5.2, buildIdentifier: #58, buildName: jenkins_BrowserStack-, consoleLogs: errors, debug: false, hostName: DESKTOP-SS9KUUU, local: true, localIdentifier: 30_May_1127_DESKTOP_SS9KUUU..., networkLogs: false, os: Windows, osVersion: 10, projectName: BrowserStack Samples, source: testng:sample-master:v1.1, userName: deepakkumar_rQ89ol}, goog:chromeOptions: {args: [--remote-allow-origins=*, start-maximized, --disable-notifications], extensions: []}}]}]">
      <![CDATA[org.openqa.selenium.SessionNotCreatedException: Could not start a new session. Handshake response does not match any supported protocol 
Host info: host: 'DESKTOP-SS9KUUU', ip: '192.168.1.178'
Build info: version: '4.9.1', revision: 'eb2032df7f'
System info: os.name: 'Windows 11', os.arch: 'amd64', os.version: '10.0', java.version: '17.0.7'
Driver info: org.openqa.selenium.chrome.ChromeDriver
Command: [null, newSession {capabilities=[Capabilities {browserName: Chrome, browserVersion: latest, bstack:options: {accessKey: twqxQydQD82kykCXeAwz, browser: Chrome, browserName: Chrome, browserVersion: latest, browserstackSDK: testng-javaagent/1.5.2, buildIdentifier: #58, buildName: jenkins_BrowserStack-, consoleLogs: errors, debug: false, hostName: DESKTOP-SS9KUUU, local: true, localIdentifier: 30_May_1127_DESKTOP_SS9KUUU..., networkLogs: false, os: Windows, osVersion: 10, projectName: BrowserStack Samples, source: testng:sample-master:v1.1, userName: deepakkumar_rQ89ol}, goog:chromeOptions: {args: [--remote-allow-origins=*, start-maximized, --disable-notifications], extensions: []}}]}]
at org.openqa.selenium.remote.ProtocolHandshake.lambda$createSession$2(ProtocolHandshake.java:145)
at java.base/java.util.Optional.orElseGet(Optional.java:364)
at org.openqa.selenium.remote.ProtocolHandshake.createSession(ProtocolHandshake.java:145)
at org.openqa.selenium.remote.ProtocolHandshake.createSession(ProtocolHandshake.java:94)
at org.openqa.selenium.remote.ProtocolHandshake.createSession(ProtocolHandshake.java:68)
at org.openqa.selenium.remote.HttpCommandExecutor.execute(HttpCommandExecutor.java:165)
at org.openqa.selenium.remote.RemoteWebDriver.execute(RemoteWebDriver.java:543)
at org.openqa.selenium.remote.RemoteWebDriver.startSession(RemoteWebDriver.java:229)
at org.openqa.selenium.remote.RemoteWebDriver.<init>(RemoteWebDriver.java:157)
at org.openqa.selenium.chromium.ChromiumDriver.<init>(ChromiumDriver.java:101)
at org.openqa.selenium.chrome.ChromeDriver.<init>(ChromeDriver.java:88)
at org.openqa.selenium.chrome.ChromeDriver.<init>(ChromeDriver.java:84)
at org.openqa.selenium.chrome.ChromeDriver.<init>(ChromeDriver.java:73)
at com.browserstack.SeleniumTest.setUp(SeleniumTest.java:19)
at java.base/java.util.ArrayList.forEach(ArrayList.java:1511)
at java.base/java.util.concurrent.FutureTask.run(FutureTask.java:264)
at java.base/java.util.concurrent.ThreadPoolExecutor.runWorker(ThreadPoolExecutor.java:1136)
at java.base/java.util.concurrent.ThreadPoolExecutor$Worker.run(ThreadPoolExecutor.java:635)
at java.base/java.lang.Thread.run(Thread.java:833)
... Removed 21 stack frames]]>
    </failure>
  </testcase> <!-- @BeforeMethod setUp -->
  <testcase classname="com.browserstack.SeleniumTest" name="@BeforeMethod setUp" time="1.661">
    <failure type="org.openqa.selenium.SessionNotCreatedException" message="Could not start a new session. Handshake response does not match any supported protocol 
Host info: host: &amp;apos;DESKTOP-SS9KUUU&amp;apos;, ip: &amp;apos;192.168.1.178&amp;apos;
Build info: version: &amp;apos;4.9.1&amp;apos;, revision: &amp;apos;eb2032df7f&amp;apos;
System info: os.name: &amp;apos;Windows 11&amp;apos;, os.arch: &amp;apos;amd64&amp;apos;, os.version: &amp;apos;10.0&amp;apos;, java.version: &amp;apos;17.0.7&amp;apos;
Driver info: org.openqa.selenium.chrome.ChromeDriver
Command: [null, newSession {capabilities=[Capabilities {browserName: Firefox, browserVersion: latest, bstack:options: {accessKey: twqxQydQD82kykCXeAwz, browser: Firefox, browserName: Firefox, browserVersion: latest, browserstackSDK: testng-javaagent/1.5.2, buildIdentifier: #58, buildName: jenkins_BrowserStack-, consoleLogs: errors, debug: false, hostName: DESKTOP-SS9KUUU, local: true, localIdentifier: 30_May_1127_DESKTOP_SS9KUUU..., networkLogs: false, os: Windows, osVersion: 10, projectName: BrowserStack Samples, source: testng:sample-master:v1.1, userName: deepakkumar_rQ89ol}, goog:chromeOptions: {args: [--remote-allow-origins=*, start-maximized, --disable-notifications], extensions: []}}]}]">
      <![CDATA[org.openqa.selenium.SessionNotCreatedException: Could not start a new session. Handshake response does not match any supported protocol 
Host info: host: 'DESKTOP-SS9KUUU', ip: '192.168.1.178'
Build info: version: '4.9.1', revision: 'eb2032df7f'
System info: os.name: 'Windows 11', os.arch: 'amd64', os.version: '10.0', java.version: '17.0.7'
Driver info: org.openqa.selenium.chrome.ChromeDriver
Command: [null, newSession {capabilities=[Capabilities {browserName: Firefox, browserVersion: latest, bstack:options: {accessKey: twqxQydQD82kykCXeAwz, browser: Firefox, browserName: Firefox, browserVersion: latest, browserstackSDK: testng-javaagent/1.5.2, buildIdentifier: #58, buildName: jenkins_BrowserStack-, consoleLogs: errors, debug: false, hostName: DESKTOP-SS9KUUU, local: true, localIdentifier: 30_May_1127_DESKTOP_SS9KUUU..., networkLogs: false, os: Windows, osVersion: 10, projectName: BrowserStack Samples, source: testng:sample-master:v1.1, userName: deepakkumar_rQ89ol}, goog:chromeOptions: {args: [--remote-allow-origins=*, start-maximized, --disable-notifications], extensions: []}}]}]
at org.openqa.selenium.remote.ProtocolHandshake.lambda$createSession$2(ProtocolHandshake.java:145)
at java.base/java.util.Optional.orElseGet(Optional.java:364)
at org.openqa.selenium.remote.ProtocolHandshake.createSession(ProtocolHandshake.java:145)
at org.openqa.selenium.remote.ProtocolHandshake.createSession(ProtocolHandshake.java:94)
at org.openqa.selenium.remote.ProtocolHandshake.createSession(ProtocolHandshake.java:68)
at org.openqa.selenium.remote.HttpCommandExecutor.execute(HttpCommandExecutor.java:165)
at org.openqa.selenium.remote.RemoteWebDriver.execute(RemoteWebDriver.java:543)
at org.openqa.selenium.remote.RemoteWebDriver.startSession(RemoteWebDriver.java:229)
at org.openqa.selenium.remote.RemoteWebDriver.<init>(RemoteWebDriver.java:157)
at org.openqa.selenium.chromium.ChromiumDriver.<init>(ChromiumDriver.java:101)
at org.openqa.selenium.chrome.ChromeDriver.<init>(ChromeDriver.java:88)
at org.openqa.selenium.chrome.ChromeDriver.<init>(ChromeDriver.java:84)
at org.openqa.selenium.chrome.ChromeDriver.<init>(ChromeDriver.java:73)
at com.browserstack.SeleniumTest.setUp(SeleniumTest.java:19)
at java.base/java.util.ArrayList.forEach(ArrayList.java:1511)
at java.base/java.util.concurrent.FutureTask.run(FutureTask.java:264)
at java.base/java.util.concurrent.ThreadPoolExecutor.runWorker(ThreadPoolExecutor.java:1136)
at java.base/java.util.concurrent.ThreadPoolExecutor$Worker.run(ThreadPoolExecutor.java:635)
at java.base/java.lang.Thread.run(Thread.java:833)
... Removed 22 stack frames]]>
    </failure>
  </testcase> <!-- @BeforeMethod setUp -->
  <testcase classname="com.browserstack.SeleniumTest" name="@BeforeMethod setUp" time="1.775">
    <failure type="org.openqa.selenium.SessionNotCreatedException" message="Could not start a new session. Handshake response does not match any supported protocol 
Host info: host: &amp;apos;DESKTOP-SS9KUUU&amp;apos;, ip: &amp;apos;192.168.1.178&amp;apos;
Build info: version: &amp;apos;4.9.1&amp;apos;, revision: &amp;apos;eb2032df7f&amp;apos;
System info: os.name: &amp;apos;Windows 11&amp;apos;, os.arch: &amp;apos;amd64&amp;apos;, os.version: &amp;apos;10.0&amp;apos;, java.version: &amp;apos;17.0.7&amp;apos;
Driver info: org.openqa.selenium.chrome.ChromeDriver
Command: [null, newSession {capabilities=[Capabilities {browserName: Chrome, browserVersion: latest, bstack:options: {accessKey: twqxQydQD82kykCXeAwz, browser: Chrome, browserName: Chrome, browserVersion: latest, browserstackSDK: testng-javaagent/1.5.2, buildIdentifier: #58, buildName: jenkins_BrowserStack-, consoleLogs: errors, debug: false, hostName: DESKTOP-SS9KUUU, local: true, localIdentifier: 30_May_1127_DESKTOP_SS9KUUU..., networkLogs: false, os: Windows, osVersion: 10, projectName: BrowserStack Samples, source: testng:sample-master:v1.1, userName: deepakkumar_rQ89ol}, goog:chromeOptions: {args: [--remote-allow-origins=*, start-maximized, --disable-notifications], extensions: []}}]}]">
      <![CDATA[org.openqa.selenium.SessionNotCreatedException: Could not start a new session. Handshake response does not match any supported protocol 
Host info: host: 'DESKTOP-SS9KUUU', ip: '192.168.1.178'
Build info: version: '4.9.1', revision: 'eb2032df7f'
System info: os.name: 'Windows 11', os.arch: 'amd64', os.version: '10.0', java.version: '17.0.7'
Driver info: org.openqa.selenium.chrome.ChromeDriver
Command: [null, newSession {capabilities=[Capabilities {browserName: Chrome, browserVersion: latest, bstack:options: {accessKey: twqxQydQD82kykCXeAwz, browser: Chrome, browserName: Chrome, browserVersion: latest, browserstackSDK: testng-javaagent/1.5.2, buildIdentifier: #58, buildName: jenkins_BrowserStack-, consoleLogs: errors, debug: false, hostName: DESKTOP-SS9KUUU, local: true, localIdentifier: 30_May_1127_DESKTOP_SS9KUUU..., networkLogs: false, os: Windows, osVersion: 10, projectName: BrowserStack Samples, source: testng:sample-master:v1.1, userName: deepakkumar_rQ89ol}, goog:chromeOptions: {args: [--remote-allow-origins=*, start-maximized, --disable-notifications], extensions: []}}]}]
at org.openqa.selenium.remote.ProtocolHandshake.lambda$createSession$2(ProtocolHandshake.java:145)
at java.base/java.util.Optional.orElseGet(Optional.java:364)
at org.openqa.selenium.remote.ProtocolHandshake.createSession(ProtocolHandshake.java:145)
at org.openqa.selenium.remote.ProtocolHandshake.createSession(ProtocolHandshake.java:94)
at org.openqa.selenium.remote.ProtocolHandshake.createSession(ProtocolHandshake.java:68)
at org.openqa.selenium.remote.HttpCommandExecutor.execute(HttpCommandExecutor.java:165)
at org.openqa.selenium.remote.RemoteWebDriver.execute(RemoteWebDriver.java:543)
at org.openqa.selenium.remote.RemoteWebDriver.startSession(RemoteWebDriver.java:229)
at org.openqa.selenium.remote.RemoteWebDriver.<init>(RemoteWebDriver.java:157)
at org.openqa.selenium.chromium.ChromiumDriver.<init>(ChromiumDriver.java:101)
at org.openqa.selenium.chrome.ChromeDriver.<init>(ChromeDriver.java:88)
at org.openqa.selenium.chrome.ChromeDriver.<init>(ChromeDriver.java:84)
at org.openqa.selenium.chrome.ChromeDriver.<init>(ChromeDriver.java:73)
at com.browserstack.SeleniumTest.setUp(SeleniumTest.java:19)
at java.base/java.util.ArrayList.forEach(ArrayList.java:1511)
at java.base/java.util.concurrent.FutureTask.run(FutureTask.java:264)
at java.base/java.util.concurrent.ThreadPoolExecutor.runWorker(ThreadPoolExecutor.java:1136)
at java.base/java.util.concurrent.ThreadPoolExecutor$Worker.run(ThreadPoolExecutor.java:635)
at java.base/java.lang.Thread.run(Thread.java:833)
... Removed 21 stack frames]]>
    </failure>
  </testcase> <!-- @BeforeMethod setUp -->
  <testcase classname="com.browserstack.SeleniumTest" name="@BeforeMethod setUp" time="1.657">
    <failure type="org.openqa.selenium.SessionNotCreatedException" message="Could not start a new session. Handshake response does not match any supported protocol 
Host info: host: &amp;apos;DESKTOP-SS9KUUU&amp;apos;, ip: &amp;apos;192.168.1.178&amp;apos;
Build info: version: &amp;apos;4.9.1&amp;apos;, revision: &amp;apos;eb2032df7f&amp;apos;
System info: os.name: &amp;apos;Windows 11&amp;apos;, os.arch: &amp;apos;amd64&amp;apos;, os.version: &amp;apos;10.0&amp;apos;, java.version: &amp;apos;17.0.7&amp;apos;
Driver info: org.openqa.selenium.chrome.ChromeDriver
Command: [null, newSession {capabilities=[Capabilities {browserName: Firefox, browserVersion: latest, bstack:options: {accessKey: twqxQydQD82kykCXeAwz, browser: Firefox, browserName: Firefox, browserVersion: latest, browserstackSDK: testng-javaagent/1.5.2, buildIdentifier: #58, buildName: jenkins_BrowserStack-, consoleLogs: errors, debug: false, hostName: DESKTOP-SS9KUUU, local: true, localIdentifier: 30_May_1127_DESKTOP_SS9KUUU..., networkLogs: false, os: Windows, osVersion: 10, projectName: BrowserStack Samples, source: testng:sample-master:v1.1, userName: deepakkumar_rQ89ol}, goog:chromeOptions: {args: [--remote-allow-origins=*, start-maximized, --disable-notifications], extensions: []}}]}]">
      <![CDATA[org.openqa.selenium.SessionNotCreatedException: Could not start a new session. Handshake response does not match any supported protocol 
Host info: host: 'DESKTOP-SS9KUUU', ip: '192.168.1.178'
Build info: version: '4.9.1', revision: 'eb2032df7f'
System info: os.name: 'Windows 11', os.arch: 'amd64', os.version: '10.0', java.version: '17.0.7'
Driver info: org.openqa.selenium.chrome.ChromeDriver
Command: [null, newSession {capabilities=[Capabilities {browserName: Firefox, browserVersion: latest, bstack:options: {accessKey: twqxQydQD82kykCXeAwz, browser: Firefox, browserName: Firefox, browserVersion: latest, browserstackSDK: testng-javaagent/1.5.2, buildIdentifier: #58, buildName: jenkins_BrowserStack-, consoleLogs: errors, debug: false, hostName: DESKTOP-SS9KUUU, local: true, localIdentifier: 30_May_1127_DESKTOP_SS9KUUU..., networkLogs: false, os: Windows, osVersion: 10, projectName: BrowserStack Samples, source: testng:sample-master:v1.1, userName: deepakkumar_rQ89ol}, goog:chromeOptions: {args: [--remote-allow-origins=*, start-maximized, --disable-notifications], extensions: []}}]}]
at org.openqa.selenium.remote.ProtocolHandshake.lambda$createSession$2(ProtocolHandshake.java:145)
at java.base/java.util.Optional.orElseGet(Optional.java:364)
at org.openqa.selenium.remote.ProtocolHandshake.createSession(ProtocolHandshake.java:145)
at org.openqa.selenium.remote.ProtocolHandshake.createSession(ProtocolHandshake.java:94)
at org.openqa.selenium.remote.ProtocolHandshake.createSession(ProtocolHandshake.java:68)
at org.openqa.selenium.remote.HttpCommandExecutor.execute(HttpCommandExecutor.java:165)
at org.openqa.selenium.remote.RemoteWebDriver.execute(RemoteWebDriver.java:543)
at org.openqa.selenium.remote.RemoteWebDriver.startSession(RemoteWebDriver.java:229)
at org.openqa.selenium.remote.RemoteWebDriver.<init>(RemoteWebDriver.java:157)
at org.openqa.selenium.chromium.ChromiumDriver.<init>(ChromiumDriver.java:101)
at org.openqa.selenium.chrome.ChromeDriver.<init>(ChromeDriver.java:88)
at org.openqa.selenium.chrome.ChromeDriver.<init>(ChromeDriver.java:84)
at org.openqa.selenium.chrome.ChromeDriver.<init>(ChromeDriver.java:73)
at com.browserstack.SeleniumTest.setUp(SeleniumTest.java:19)
at java.base/java.util.ArrayList.forEach(ArrayList.java:1511)
at java.base/java.util.concurrent.FutureTask.run(FutureTask.java:264)
at java.base/java.util.concurrent.ThreadPoolExecutor.runWorker(ThreadPoolExecutor.java:1136)
at java.base/java.util.concurrent.ThreadPoolExecutor$Worker.run(ThreadPoolExecutor.java:635)
at java.base/java.lang.Thread.run(Thread.java:833)
... Removed 21 stack frames]]>
    </failure>
  </testcase> <!-- @BeforeMethod setUp -->
  <testcase classname="com.browserstack.SeleniumTest" name="@BeforeMethod setUp" time="1.656">
    <failure type="org.openqa.selenium.SessionNotCreatedException" message="Could not start a new session. Handshake response does not match any supported protocol 
Host info: host: &amp;apos;DESKTOP-SS9KUUU&amp;apos;, ip: &amp;apos;192.168.1.178&amp;apos;
Build info: version: &amp;apos;4.9.1&amp;apos;, revision: &amp;apos;eb2032df7f&amp;apos;
System info: os.name: &amp;apos;Windows 11&amp;apos;, os.arch: &amp;apos;amd64&amp;apos;, os.version: &amp;apos;10.0&amp;apos;, java.version: &amp;apos;17.0.7&amp;apos;
Driver info: org.openqa.selenium.chrome.ChromeDriver
Command: [null, newSession {capabilities=[Capabilities {browserName: Chrome, browserVersion: latest, bstack:options: {accessKey: twqxQydQD82kykCXeAwz, browser: Chrome, browserName: Chrome, browserVersion: latest, browserstackSDK: testng-javaagent/1.5.2, buildIdentifier: #58, buildName: jenkins_BrowserStack-, consoleLogs: errors, debug: false, hostName: DESKTOP-SS9KUUU, local: true, localIdentifier: 30_May_1127_DESKTOP_SS9KUUU..., networkLogs: false, os: Windows, osVersion: 10, projectName: BrowserStack Samples, source: testng:sample-master:v1.1, userName: deepakkumar_rQ89ol}, goog:chromeOptions: {args: [--remote-allow-origins=*, start-maximized, --disable-notifications], extensions: []}}]}]">
      <![CDATA[org.openqa.selenium.SessionNotCreatedException: Could not start a new session. Handshake response does not match any supported protocol 
Host info: host: 'DESKTOP-SS9KUUU', ip: '192.168.1.178'
Build info: version: '4.9.1', revision: 'eb2032df7f'
System info: os.name: 'Windows 11', os.arch: 'amd64', os.version: '10.0', java.version: '17.0.7'
Driver info: org.openqa.selenium.chrome.ChromeDriver
Command: [null, newSession {capabilities=[Capabilities {browserName: Chrome, browserVersion: latest, bstack:options: {accessKey: twqxQydQD82kykCXeAwz, browser: Chrome, browserName: Chrome, browserVersion: latest, browserstackSDK: testng-javaagent/1.5.2, buildIdentifier: #58, buildName: jenkins_BrowserStack-, consoleLogs: errors, debug: false, hostName: DESKTOP-SS9KUUU, local: true, localIdentifier: 30_May_1127_DESKTOP_SS9KUUU..., networkLogs: false, os: Windows, osVersion: 10, projectName: BrowserStack Samples, source: testng:sample-master:v1.1, userName: deepakkumar_rQ89ol}, goog:chromeOptions: {args: [--remote-allow-origins=*, start-maximized, --disable-notifications], extensions: []}}]}]
at org.openqa.selenium.remote.ProtocolHandshake.lambda$createSession$2(ProtocolHandshake.java:145)
at java.base/java.util.Optional.orElseGet(Optional.java:364)
at org.openqa.selenium.remote.ProtocolHandshake.createSession(ProtocolHandshake.java:145)
at org.openqa.selenium.remote.ProtocolHandshake.createSession(ProtocolHandshake.java:94)
at org.openqa.selenium.remote.ProtocolHandshake.createSession(ProtocolHandshake.java:68)
at org.openqa.selenium.remote.HttpCommandExecutor.execute(HttpCommandExecutor.java:165)
at org.openqa.selenium.remote.RemoteWebDriver.execute(RemoteWebDriver.java:543)
at org.openqa.selenium.remote.RemoteWebDriver.startSession(RemoteWebDriver.java:229)
at org.openqa.selenium.remote.RemoteWebDriver.<init>(RemoteWebDriver.java:157)
at org.openqa.selenium.chromium.ChromiumDriver.<init>(ChromiumDriver.java:101)
at org.openqa.selenium.chrome.ChromeDriver.<init>(ChromeDriver.java:88)
at org.openqa.selenium.chrome.ChromeDriver.<init>(ChromeDriver.java:84)
at org.openqa.selenium.chrome.ChromeDriver.<init>(ChromeDriver.java:73)
at com.browserstack.SeleniumTest.setUp(SeleniumTest.java:19)
at java.base/java.util.ArrayList.forEach(ArrayList.java:1511)
at java.base/java.util.concurrent.FutureTask.run(FutureTask.java:264)
at java.base/java.util.concurrent.ThreadPoolExecutor.runWorker(ThreadPoolExecutor.java:1136)
at java.base/java.util.concurrent.ThreadPoolExecutor$Worker.run(ThreadPoolExecutor.java:635)
at java.base/java.lang.Thread.run(Thread.java:833)
... Removed 21 stack frames]]>
    </failure>
  </testcase> <!-- @BeforeMethod setUp -->
  <testcase classname="com.browserstack.SeleniumTest" name="@BeforeMethod setUp" time="1.663">
    <failure type="org.openqa.selenium.SessionNotCreatedException" message="Could not start a new session. Handshake response does not match any supported protocol 
Host info: host: &amp;apos;DESKTOP-SS9KUUU&amp;apos;, ip: &amp;apos;192.168.1.178&amp;apos;
Build info: version: &amp;apos;4.9.1&amp;apos;, revision: &amp;apos;eb2032df7f&amp;apos;
System info: os.name: &amp;apos;Windows 11&amp;apos;, os.arch: &amp;apos;amd64&amp;apos;, os.version: &amp;apos;10.0&amp;apos;, java.version: &amp;apos;17.0.7&amp;apos;
Driver info: org.openqa.selenium.chrome.ChromeDriver
Command: [null, newSession {capabilities=[Capabilities {browserName: Firefox, browserVersion: latest, bstack:options: {accessKey: twqxQydQD82kykCXeAwz, browser: Firefox, browserName: Firefox, browserVersion: latest, browserstackSDK: testng-javaagent/1.5.2, buildIdentifier: #58, buildName: jenkins_BrowserStack-, consoleLogs: errors, debug: false, hostName: DESKTOP-SS9KUUU, local: true, localIdentifier: 30_May_1127_DESKTOP_SS9KUUU..., networkLogs: false, os: Windows, osVersion: 10, projectName: BrowserStack Samples, source: testng:sample-master:v1.1, userName: deepakkumar_rQ89ol}, goog:chromeOptions: {args: [--remote-allow-origins=*, start-maximized, --disable-notifications], extensions: []}}]}]">
      <![CDATA[org.openqa.selenium.SessionNotCreatedException: Could not start a new session. Handshake response does not match any supported protocol 
Host info: host: 'DESKTOP-SS9KUUU', ip: '192.168.1.178'
Build info: version: '4.9.1', revision: 'eb2032df7f'
System info: os.name: 'Windows 11', os.arch: 'amd64', os.version: '10.0', java.version: '17.0.7'
Driver info: org.openqa.selenium.chrome.ChromeDriver
Command: [null, newSession {capabilities=[Capabilities {browserName: Firefox, browserVersion: latest, bstack:options: {accessKey: twqxQydQD82kykCXeAwz, browser: Firefox, browserName: Firefox, browserVersion: latest, browserstackSDK: testng-javaagent/1.5.2, buildIdentifier: #58, buildName: jenkins_BrowserStack-, consoleLogs: errors, debug: false, hostName: DESKTOP-SS9KUUU, local: true, localIdentifier: 30_May_1127_DESKTOP_SS9KUUU..., networkLogs: false, os: Windows, osVersion: 10, projectName: BrowserStack Samples, source: testng:sample-master:v1.1, userName: deepakkumar_rQ89ol}, goog:chromeOptions: {args: [--remote-allow-origins=*, start-maximized, --disable-notifications], extensions: []}}]}]
at org.openqa.selenium.remote.ProtocolHandshake.lambda$createSession$2(ProtocolHandshake.java:145)
at java.base/java.util.Optional.orElseGet(Optional.java:364)
at org.openqa.selenium.remote.ProtocolHandshake.createSession(ProtocolHandshake.java:145)
at org.openqa.selenium.remote.ProtocolHandshake.createSession(ProtocolHandshake.java:94)
at org.openqa.selenium.remote.ProtocolHandshake.createSession(ProtocolHandshake.java:68)
at org.openqa.selenium.remote.HttpCommandExecutor.execute(HttpCommandExecutor.java:165)
at org.openqa.selenium.remote.RemoteWebDriver.execute(RemoteWebDriver.java:543)
at org.openqa.selenium.remote.RemoteWebDriver.startSession(RemoteWebDriver.java:229)
at org.openqa.selenium.remote.RemoteWebDriver.<init>(RemoteWebDriver.java:157)
at org.openqa.selenium.chromium.ChromiumDriver.<init>(ChromiumDriver.java:101)
at org.openqa.selenium.chrome.ChromeDriver.<init>(ChromeDriver.java:88)
at org.openqa.selenium.chrome.ChromeDriver.<init>(ChromeDriver.java:84)
at org.openqa.selenium.chrome.ChromeDriver.<init>(ChromeDriver.java:73)
at com.browserstack.SeleniumTest.setUp(SeleniumTest.java:19)
at java.base/java.util.ArrayList.forEach(ArrayList.java:1511)
at java.base/java.util.concurrent.FutureTask.run(FutureTask.java:264)
at java.base/java.util.concurrent.ThreadPoolExecutor.runWorker(ThreadPoolExecutor.java:1136)
at java.base/java.util.concurrent.ThreadPoolExecutor$Worker.run(ThreadPoolExecutor.java:635)
at java.base/java.lang.Thread.run(Thread.java:833)
... Removed 21 stack frames]]>
    </failure>
  </testcase> <!-- @BeforeMethod setUp -->
  <testcase classname="com.browserstack.SeleniumTest" name="@BeforeMethod setUp" time="1.701">
    <failure type="org.openqa.selenium.SessionNotCreatedException" message="Could not start a new session. Handshake response does not match any supported protocol 
Host info: host: &amp;apos;DESKTOP-SS9KUUU&amp;apos;, ip: &amp;apos;192.168.1.178&amp;apos;
Build info: version: &amp;apos;4.9.1&amp;apos;, revision: &amp;apos;eb2032df7f&amp;apos;
System info: os.name: &amp;apos;Windows 11&amp;apos;, os.arch: &amp;apos;amd64&amp;apos;, os.version: &amp;apos;10.0&amp;apos;, java.version: &amp;apos;17.0.7&amp;apos;
Driver info: org.openqa.selenium.chrome.ChromeDriver
Command: [null, newSession {capabilities=[Capabilities {browserName: Chrome, browserVersion: latest, bstack:options: {accessKey: twqxQydQD82kykCXeAwz, browser: Chrome, browserName: Chrome, browserVersion: latest, browserstackSDK: testng-javaagent/1.5.2, buildIdentifier: #58, buildName: jenkins_BrowserStack-, consoleLogs: errors, debug: false, hostName: DESKTOP-SS9KUUU, local: true, localIdentifier: 30_May_1127_DESKTOP_SS9KUUU..., networkLogs: false, os: Windows, osVersion: 10, projectName: BrowserStack Samples, source: testng:sample-master:v1.1, userName: deepakkumar_rQ89ol}, goog:chromeOptions: {args: [--remote-allow-origins=*, start-maximized, --disable-notifications], extensions: []}}]}]">
      <![CDATA[org.openqa.selenium.SessionNotCreatedException: Could not start a new session. Handshake response does not match any supported protocol 
Host info: host: 'DESKTOP-SS9KUUU', ip: '192.168.1.178'
Build info: version: '4.9.1', revision: 'eb2032df7f'
System info: os.name: 'Windows 11', os.arch: 'amd64', os.version: '10.0', java.version: '17.0.7'
Driver info: org.openqa.selenium.chrome.ChromeDriver
Command: [null, newSession {capabilities=[Capabilities {browserName: Chrome, browserVersion: latest, bstack:options: {accessKey: twqxQydQD82kykCXeAwz, browser: Chrome, browserName: Chrome, browserVersion: latest, browserstackSDK: testng-javaagent/1.5.2, buildIdentifier: #58, buildName: jenkins_BrowserStack-, consoleLogs: errors, debug: false, hostName: DESKTOP-SS9KUUU, local: true, localIdentifier: 30_May_1127_DESKTOP_SS9KUUU..., networkLogs: false, os: Windows, osVersion: 10, projectName: BrowserStack Samples, source: testng:sample-master:v1.1, userName: deepakkumar_rQ89ol}, goog:chromeOptions: {args: [--remote-allow-origins=*, start-maximized, --disable-notifications], extensions: []}}]}]
at org.openqa.selenium.remote.ProtocolHandshake.lambda$createSession$2(ProtocolHandshake.java:145)
at java.base/java.util.Optional.orElseGet(Optional.java:364)
at org.openqa.selenium.remote.ProtocolHandshake.createSession(ProtocolHandshake.java:145)
at org.openqa.selenium.remote.ProtocolHandshake.createSession(ProtocolHandshake.java:94)
at org.openqa.selenium.remote.ProtocolHandshake.createSession(ProtocolHandshake.java:68)
at org.openqa.selenium.remote.HttpCommandExecutor.execute(HttpCommandExecutor.java:165)
at org.openqa.selenium.remote.RemoteWebDriver.execute(RemoteWebDriver.java:543)
at org.openqa.selenium.remote.RemoteWebDriver.startSession(RemoteWebDriver.java:229)
at org.openqa.selenium.remote.RemoteWebDriver.<init>(RemoteWebDriver.java:157)
[...]
Host info: host: &amp;apos;DESKTOP-SS9KUUU&amp;apos;, ip: &amp;apos;192.168.1.178&amp;apos;
Build info: version: &amp;apos;4.9.1&amp;apos;, revision: &amp;apos;eb2032df7f&amp;apos;
System info: os.name: &amp;apos;Windows 11&amp;apos;, os.arch: &amp;apos;amd64&amp;apos;, os.version: &amp;apos;10.0&amp;apos;, java.version: &amp;apos;17.0.7&amp;apos;
Driver info: org.openqa.selenium.chrome.ChromeDriver
Command: [null, newSession {capabilities=[Capabilities {browserName: Chrome, browserVersion: latest, bstack:options: {accessKey: twqxQydQD82kykCXeAwz, browser: Chrome, browserName: Chrome, browserVersion: latest, browserstackSDK: testng-javaagent/1.5.2, buildIdentifier: #58, buildName: jenkins_BrowserStack-, consoleLogs: errors, debug: false, hostName: DESKTOP-SS9KUUU, local: true, localIdentifier: 30_May_1127_DESKTOP_SS9KUUU..., networkLogs: false, os: Windows, osVersion: 10, projectName: BrowserStack Samples, source: testng:sample-master:v1.1, userName: deepakkumar_rQ89ol}, goog:chromeOptions: {args: [--remote-allow-origins=*, start-maximized, --disable-notifications], extensions: []}}]}]">
      <![CDATA[org.openqa.selenium.SessionNotCreatedException: Could not start a new session. Handshake response does not match any supported protocol 
Host info: host: 'DESKTOP-SS9KUUU', ip: '192.168.1.178'
Build info: version: '4.9.1', revision: 'eb2032df7f'
System info: os.name: 'Windows 11', os.arch: 'amd64', os.version: '10.0', java.version: '17.0.7'
Driver info: org.openqa.selenium.chrome.ChromeDriver
Command: [null, newSession {capabilities=[Capabilities {browserName: Chrome, browserVersion: latest, bstack:options: {accessKey: twqxQydQD82kykCXeAwz, browser: Chrome, browserName: Chrome, browserVersion: latest, browserstackSDK: testng-javaagent/1.5.2, buildIdentifier: #58, buildName: jenkins_BrowserStack-, consoleLogs: errors, debug: false, hostName: DESKTOP-SS9KUUU, local: true, localIdentifier: 30_May_1127_DESKTOP_SS9KUUU..., networkLogs: false, os: Windows, osVersion: 10, projectName: BrowserStack Samples, source: testng:sample-master:v1.1, userName: deepakkumar_rQ89ol}, goog:chromeOptions: {args: [--remote-allow-origins=*, start-maximized, --disable-notifications], extensions: []}}]}]
at org.openqa.selenium.remote.ProtocolHandshake.lambda$createSession$2(ProtocolHandshake.java:145)
at java.base/java.util.Optional.orElseGet(Optional.java:364)
at org.openqa.selenium.remote.ProtocolHandshake.createSession(ProtocolHandshake.java:145)
at org.openqa.selenium.remote.ProtocolHandshake.createSession(ProtocolHandshake.java:94)
at org.openqa.selenium.remote.ProtocolHandshake.createSession(ProtocolHandshake.java:68)
at org.openqa.selenium.remote.HttpCommandExecutor.execute(HttpCommandExecutor.java:165)
at org.openqa.selenium.remote.RemoteWebDriver.execute(RemoteWebDriver.java:543)
at org.openqa.selenium.remote.RemoteWebDriver.startSession(RemoteWebDriver.java:229)
at org.openqa.selenium.remote.RemoteWebDriver.<init>(RemoteWebDriver.java:157)
at org.openqa.selenium.chromium.ChromiumDriver.<init>(ChromiumDriver.java:101)
at org.openqa.selenium.chrome.ChromeDriver.<init>(ChromeDriver.java:88)
at org.openqa.selenium.chrome.ChromeDriver.<init>(ChromeDriver.java:84)
at org.openqa.selenium.chrome.ChromeDriver.<init>(ChromeDriver.java:73)
at com.browserstack.SeleniumTest.setUp(SeleniumTest.java:19)
at java.base/java.util.ArrayList.forEach(ArrayList.java:1511)
at java.base/java.util.concurrent.FutureTask.run(FutureTask.java:264)
at java.base/java.util.concurrent.ThreadPoolExecutor.runWorker(ThreadPoolExecutor.java:1136)
at java.base/java.util.concurrent.ThreadPoolExecutor$Worker.run(ThreadPoolExecutor.java:635)
at java.base/java.lang.Thread.run(Thread.java:833)
... Removed 21 stack frames]]>
    </failure>
  </testcase> <!-- @BeforeMethod setUp -->
  <testcase classname="com.browserstack.SeleniumTest" name="@BeforeMethod setUp" time="1.65">
    <failure type="org.openqa.selenium.SessionNotCreatedException" message="Could not start a new session. Handshake response does not match any supported protocol 
Host info: host: &amp;apos;DESKTOP-SS9KUUU&amp;apos;, ip: &amp;apos;192.168.1.178&amp;apos;
Build info: version: &amp;apos;4.9.1&amp;apos;, revision: &amp;apos;eb2032df7f&amp;apos;
System info: os.name: &amp;apos;Windows 11&amp;apos;, os.arch: &amp;apos;amd64&amp;apos;, os.version: &amp;apos;10.0&amp;apos;, java.version: &amp;apos;17.0.7&amp;apos;
Driver info: org.openqa.selenium.chrome.ChromeDriver
Command: [null, newSession {capabilities=[Capabilities {browserName: Chrome, browserVersion: latest, bstack:options: {accessKey: twqxQydQD82kykCXeAwz, browser: Chrome, browserName: Chrome, browserVersion: latest, browserstackSDK: testng-javaagent/1.5.2, buildIdentifier: #58, buildName: jenkins_BrowserStack-, consoleLogs: errors, debug: false, hostName: DESKTOP-SS9KUUU, local: true, localIdentifier: 30_May_1127_DESKTOP_SS9KUUU..., networkLogs: false, os: Windows, osVersion: 10, projectName: BrowserStack Samples, source: testng:sample-master:v1.1, userName: deepakkumar_rQ89ol}, goog:chromeOptions: {args: [--remote-allow-origins=*, start-maximized, --disable-notifications], extensions: []}}]}]">
      <![CDATA[org.openqa.selenium.SessionNotCreatedException: Could not start a new session. Handshake response does not match any supported protocol 
Host info: host: 'DESKTOP-SS9KUUU', ip: '192.168.1.178'
Build info: version: '4.9.1', revision: 'eb2032df7f'
System info: os.name: 'Windows 11', os.arch: 'amd64', os.version: '10.0', java.version: '17.0.7'
Driver info: org.openqa.selenium.chrome.ChromeDriver
Command: [null, newSession {capabilities=[Capabilities {browserName: Chrome, browserVersion: latest, bstack:options: {accessKey: twqxQydQD82kykCXeAwz, browser: Chrome, browserName: Chrome, browserVersion: latest, browserstackSDK: testng-javaagent/1.5.2, buildIdentifier: #58, buildName: jenkins_BrowserStack-, consoleLogs: errors, debug: false, hostName: DESKTOP-SS9KUUU, local: true, localIdentifier: 30_May_1127_DESKTOP_SS9KUUU..., networkLogs: false, os: Windows, osVersion: 10, projectName: BrowserStack Samples, source: testng:sample-master:v1.1, userName: deepakkumar_rQ89ol}, goog:chromeOptions: {args: [--remote-allow-origins=*, start-maximized, --disable-notifications], extensions: []}}]}]
at org.openqa.selenium.remote.ProtocolHandshake.lambda$createSession$2(ProtocolHandshake.java:145)
at java.base/java.util.Optional.orElseGet(Optional.java:364)
at org.openqa.selenium.remote.ProtocolHandshake.createSession(ProtocolHandshake.java:145)
at org.openqa.selenium.remote.ProtocolHandshake.createSession(ProtocolHandshake.java:94)
at org.openqa.selenium.remote.ProtocolHandshake.createSession(ProtocolHandshake.java:68)
at org.openqa.selenium.remote.HttpCommandExecutor.execute(HttpCommandExecutor.java:165)
at org.openqa.selenium.remote.RemoteWebDriver.execute(RemoteWebDriver.java:543)
at org.openqa.selenium.remote.RemoteWebDriver.startSession(RemoteWebDriver.java:229)
at org.openqa.selenium.remote.RemoteWebDriver.<init>(RemoteWebDriver.java:157)
at org.openqa.selenium.chromium.ChromiumDriver.<init>(ChromiumDriver.java:101)
at org.openqa.selenium.chrome.ChromeDriver.<init>(ChromeDriver.java:88)
at org.openqa.selenium.chrome.ChromeDriver.<init>(ChromeDriver.java:84)
at org.openqa.selenium.chrome.ChromeDriver.<init>(ChromeDriver.java:73)
at com.browserstack.SeleniumTest.setUp(SeleniumTest.java:19)
at java.base/java.util.ArrayList.forEach(ArrayList.java:1511)
at java.base/java.util.concurrent.FutureTask.run(FutureTask.java:264)
at java.base/java.util.concurrent.ThreadPoolExecutor.runWorker(ThreadPoolExecutor.java:1136)
at java.base/java.util.concurrent.ThreadPoolExecutor$Worker.run(ThreadPoolExecutor.java:635)
at java.base/java.lang.Thread.run(Thread.java:833)
... Removed 21 stack frames]]>
    </failure>
  </testcase> <!-- @BeforeMethod setUp -->
  <testcase classname="com.browserstack.SeleniumTest" name="@BeforeMethod setUp" time="1.653">
    <failure type="org.openqa.selenium.SessionNotCreatedException" message="Could not start a new session. Handshake response does not match any supported protocol 
Host info: host: &amp;apos;DESKTOP-SS9KUUU&amp;apos;, ip: &amp;apos;192.168.1.178&amp;apos;
Build info: version: &amp;apos;4.9.1&amp;apos;, revision: &amp;apos;eb2032df7f&amp;apos;
System info: os.name: &amp;apos;Windows 11&amp;apos;, os.arch: &amp;apos;amd64&amp;apos;, os.version: &amp;apos;10.0&amp;apos;, java.version: &amp;apos;17.0.7&amp;apos;
Driver info: org.openqa.selenium.chrome.ChromeDriver
Command: [null, newSession {capabilities=[Capabilities {browserName: Firefox, browserVersion: latest, bstack:options: {accessKey: twqxQydQD82kykCXeAwz, browser: Firefox, browserName: Firefox, browserVersion: latest, browserstackSDK: testng-javaagent/1.5.2, buildIdentifier: #58, buildName: jenkins_BrowserStack-, consoleLogs: errors, debug: false, hostName: DESKTOP-SS9KUUU, local: true, localIdentifier: 30_May_1127_DESKTOP_SS9KUUU..., networkLogs: false, os: Windows, osVersion: 10, projectName: BrowserStack Samples, source: testng:sample-master:v1.1, userName: deepakkumar_rQ89ol}, goog:chromeOptions: {args: [--remote-allow-origins=*, start-maximized, --disable-notifications], extensions: []}}]}]">
      <![CDATA[org.openqa.selenium.SessionNotCreatedException: Could not start a new session. Handshake response does not match any supported protocol 
Host info: host: 'DESKTOP-SS9KUUU', ip: '192.168.1.178'
Build info: version: '4.9.1', revision: 'eb2032df7f'
System info: os.name: 'Windows 11', os.arch: 'amd64', os.version: '10.0', java.version: '17.0.7'
Driver info: org.openqa.selenium.chrome.ChromeDriver
Command: [null, newSession {capabilities=[Capabilities {browserName: Firefox, browserVersion: latest, bstack:options: {accessKey: twqxQydQD82kykCXeAwz, browser: Firefox, browserName: Firefox, browserVersion: latest, browserstackSDK: testng-javaagent/1.5.2, buildIdentifier: #58, buildName: jenkins_BrowserStack-, consoleLogs: errors, debug: false, hostName: DESKTOP-SS9KUUU, local: true, localIdentifier: 30_May_1127_DESKTOP_SS9KUUU..., networkLogs: false, os: Windows, osVersion: 10, projectName: BrowserStack Samples, source: testng:sample-master:v1.1, userName: deepakkumar_rQ89ol}, goog:chromeOptions: {args: [--remote-allow-origins=*, start-maximized, --disable-notifications], extensions: []}}]}]
at org.openqa.selenium.remote.ProtocolHandshake.lambda$createSession$2(ProtocolHandshake.java:145)
at java.base/java.util.Optional.orElseGet(Optional.java:364)
at org.openqa.selenium.remote.ProtocolHandshake.createSession(ProtocolHandshake.java:145)
at org.openqa.selenium.remote.ProtocolHandshake.createSession(ProtocolHandshake.java:94)
at org.openqa.selenium.remote.ProtocolHandshake.createSession(ProtocolHandshake.java:68)
at org.openqa.selenium.remote.HttpCommandExecutor.execute(HttpCommandExecutor.java:165)
at org.openqa.selenium.remote.RemoteWebDriver.execute(RemoteWebDriver.java:543)
at org.openqa.selenium.remote.RemoteWebDriver.startSession(RemoteWebDriver.java:229)
at org.openqa.selenium.remote.RemoteWebDriver.<init>(RemoteWebDriver.java:157)
at org.openqa.selenium.chromium.ChromiumDriver.<init>(ChromiumDriver.java:101)
at org.openqa.selenium.chrome.ChromeDriver.<init>(ChromeDriver.java:88)
at org.openqa.selenium.chrome.ChromeDriver.<init>(ChromeDriver.java:84)
at org.openqa.selenium.chrome.ChromeDriver.<init>(ChromeDriver.java:73)
at com.browserstack.SeleniumTest.setUp(SeleniumTest.java:19)
at java.base/java.util.ArrayList.forEach(ArrayList.java:1511)
at java.base/java.util.concurrent.FutureTask.run(FutureTask.java:264)
at java.base/java.util.concurrent.ThreadPoolExecutor.runWorker(ThreadPoolExecutor.java:1136)
at java.base/java.util.concurrent.ThreadPoolExecutor$Worker.run(ThreadPoolExecutor.java:635)
at java.base/java.lang.Thread.run(Thread.java:833)
... Removed 21 stack frames]]>
    </failure>
  </testcase> <!-- @BeforeMethod setUp -->
  <testcase classname="com.browserstack.staticpages" name="Beagle" time="14.496"/>
  <testcase classname="com.browserstack.staticpages" name="aboutus" time="26.764"/>
  <testcase classname="com.browserstack.staticpages" name="alldogtreats" time="19.572"/>
  <testcase classname="com.browserstack.staticpages" name="awards" time="10.748"/>
  <testcase classname="com.browserstack.staticpages" name="birthdayclub" time="12.749"/>
  <testcase classname="com.browserstack.staticpages" name="blogs" time="14.456"/>
  <testcase classname="com.browserstack.staticpages" name="boxer" time="13.494"/>
  <testcase classname="com.browserstack.staticpages" name="career" time="14.606"/>
  <testcase classname="com.browserstack.staticpages" name="cats" time="13.797"/>
  <testcase classname="com.browserstack.staticpages" name="contactus" time="11.266"/>
  <testcase classname="com.browserstack.staticpages" name="dashdog" time="13.625"/>
  <testcase classname="com.browserstack.staticpages" name="downloadhuftapp" time="10.271"/>
  <testcase classname="com.browserstack.staticpages" name="germanshepherd" time="12.628"/>
  <testcase classname="com.browserstack.staticpages" name="goldenretriever" time="12.765"/>
  <testcase classname="com.browserstack.staticpages" name="huftcommunity" time="11.796"/>
  <testcase classname="com.browserstack.staticpages" name="huftreward" time="2.1">
    <failure type="org.openqa.selenium.NoSuchElementException" message="no such element: Unable to locate element: {&amp;quot;method&amp;quot;:&amp;quot;xpath&amp;quot;,&amp;quot;selector&amp;quot;:&amp;quot;//a[@href=&amp;apos;https://headsupfortails.com/pages/huft-rewards&amp;apos;]//p//picture//img[@loading=&amp;apos;lazy&amp;apos;]&amp;quot;}
  (Session info: chrome=113.0.5672.64)
For documentation on this error, please visit: https://selenium.dev/exceptions/#no_such_element
Build info: version: &amp;apos;4.9.1&amp;apos;, revision: &amp;apos;eb2032df7f&amp;apos;
System info: os.name: &amp;apos;Windows 11&amp;apos;, os.arch: &amp;apos;amd64&amp;apos;, os.version: &amp;apos;10.0&amp;apos;, java.version: &amp;apos;17.0.7&amp;apos;
Driver info: org.openqa.selenium.chrome.ChromeDriver
Command: [511b88b15af71418e5706933d85a2399f2e6dd43, findElement {using=xpath, value=//a[@href=&amp;apos;https://headsupfortails.com/pages/huft-rewards&amp;apos;]//p//picture//img[@loading=&amp;apos;lazy&amp;apos;]}]
Capabilities {acceptInsecureCerts: false, browserName: chrome, browserVersion: 113.0.5672.64, chrome: {chromedriverVersion: 113.0.5672.24 (65f30d4e8051..., userDataDir: C:\Windows\proxy\scoped_dir...}, goog:chromeOptions: {debuggerAddress: localhost:3116}, networkConnectionEnabled: false, pageLoadStrategy: normal, platformName: windows, proxy: Proxy(), setWindowRect: true, strictFileInteractability: false, timeouts: {implicit: 0, pageLoad: 300000, script: 30000}, unhandledPromptBehavior: dismiss and notify, webauthn:extension:credBlob: true, webauthn:extension:largeBlob: true, webauthn:extension:minPinLength: true, webauthn:extension:prf: true, webauthn:virtualAuthenticators: true, webdriver.remote.sessionid: 511b88b15af71418e5706933d85...}
Session ID: 511b88b15af71418e5706933d85a2399f2e6dd43">
      <![CDATA[org.openqa.selenium.NoSuchElementException: no such element: Unable to locate element: {"method":"xpath","selector":"//a[@href='https://headsupfortails.com/pages/huft-rewards']//p//picture//img[@loading='lazy']"}
  (Session info: chrome=113.0.5672.64)
For documentation on this error, please visit: https://selenium.dev/exceptions/#no_such_element
Build info: version: '4.9.1', revision: 'eb2032df7f'
System info: os.name: 'Windows 11', os.arch: 'amd64', os.version: '10.0', java.version: '17.0.7'
Driver info: org.openqa.selenium.chrome.ChromeDriver
Command: [511b88b15af71418e5706933d85a2399f2e6dd43, findElement {using=xpath, value=//a[@href='https://headsupfortails.com/pages/huft-rewards']//p//picture//img[@loading='lazy']}]
Capabilities {acceptInsecureCerts: false, browserName: chrome, browserVersion: 113.0.5672.64, chrome: {chromedriverVersion: 113.0.5672.24 (65f30d4e8051..., userDataDir: C:\Windows\proxy\scoped_dir...}, goog:chromeOptions: {debuggerAddress: localhost:3116}, networkConnectionEnabled: false, pageLoadStrategy: normal, platformName: windows, proxy: Proxy(), setWindowRect: true, strictFileInteractability: false, timeouts: {implicit: 0, pageLoad: 300000, script: 30000}, unhandledPromptBehavior: dismiss and notify, webauthn:extension:credBlob: true, webauthn:extension:largeBlob: true, webauthn:extension:minPinLength: true, webauthn:extension:prf: true, webauthn:virtualAuthenticators: true, webdriver.remote.sessionid: 511b88b15af71418e5706933d85...}
Session ID: 511b88b15af71418e5706933d85a2399f2e6dd43
at org.openqa.selenium.remote.codec.w3c.W3CHttpResponseCodec.createException(W3CHttpResponseCodec.java:200)
at org.openqa.selenium.remote.codec.w3c.W3CHttpResponseCodec.decode(W3CHttpResponseCodec.java:133)
at org.openqa.selenium.remote.codec.w3c.W3CHttpResponseCodec.decode(W3CHttpResponseCodec.java:53)
at org.openqa.selenium.remote.HttpCommandExecutor.execute(HttpCommandExecutor.java:193)
at org.openqa.selenium.remote.RemoteWebDriver.execute(RemoteWebDriver.java:543)
at org.openqa.selenium.remote.ElementLocation$ElementFinder$2.findElement(ElementLocation.java:162)
at org.openqa.selenium.remote.ElementLocation.findElement(ElementLocation.java:60)
at org.openqa.selenium.remote.RemoteWebDriver.findElement(RemoteWebDriver.java:352)
at org.openqa.selenium.remote.RemoteWebDriver.findElement(RemoteWebDriver.java:344)
at com.browserstack.staticpages.huftreward(staticpages.java:27)
at java.base/java.util.ArrayList.forEach(ArrayList.java:1511)
at java.base/java.util.concurrent.FutureTask.run(FutureTask.java:264)
at java.base/java.util.concurrent.ThreadPoolExecutor.runWorker(ThreadPoolExecutor.java:1136)
at java.base/java.util.concurrent.ThreadPoolExecutor$Worker.run(ThreadPoolExecutor.java:635)
at java.base/java.lang.Thread.run(Thread.java:833)
... Removed 23 stack frames]]>
    </failure>
  </testcase> <!-- huftreward -->
  <testcase classname="com.browserstack.staticpages" name="huskies" time="13.899"/>
  <testcase classname="com.browserstack.staticpages" name="indies" time="0.0">
    <skipped/>
  </testcase> <!-- indies -->
  <testcase classname="com.browserstack.staticpages" name="kitten" time="0.0">
    <skipped/>
  </testcase> <!-- kitten -->
  <testcase classname="com.browserstack.staticpages" name="learnwithhuft" time="0.0">
    <skipped/>
  </testcase> <!-- learnwithhuft -->
  <testcase classname="com.browserstack.staticpages" name="nauturehug" time="0.0">
    <skipped/>
  </testcase> <!-- nauturehug -->
  <testcase classname="com.browserstack.staticpages" name="offer" time="0.0">
    <skipped/>
  </testcase> <!-- offer -->
  <testcase classname="com.browserstack.staticpages" name="petspa" time="0.0">
    <skipped/>
  </testcase> <!-- petspa -->
  <testcase classname="com.browserstack.staticpages" name="privacypolicy" time="0.0">
    <skipped/>
  </testcase> <!-- privacypolicy -->
  <testcase classname="com.browserstack.staticpages" name="pugs" time="0.0">
    <skipped/>
  </testcase> <!-- pugs -->
  <testcase classname="com.browserstack.staticpages" name="puppy" time="0.0">
    <skipped/>
  </testcase> <!-- puppy -->
  <testcase classname="com.browserstack.staticpages" name="referafriend" time="0.0">
    <skipped/>
  </testcase> <!-- referafriend -->
  <testcase classname="com.browserstack.staticpages" name="senoirdogessentials" time="0.0">
    <skipped/>
  </testcase> <!-- senoirdogessentials -->
  <testcase classname="com.browserstack.staticpages" name="shihtzus" time="0.0">
    <skipped/>
  </testcase> <!-- shihtzus -->
  <testcase classname="com.browserstack.staticpages" name="store" time="0.0">
    <skipped/>
  </testcase> <!-- store -->
  <testcase classname="com.browserstack.staticpages" name="termofuses" time="0.0">
    <skipped/>
  </testcase> <!-- termofuses -->
</testsuite> <!-- BStackDemo-0 -->
