<?xml version="1.0" encoding="UTF-8"?>
<!-- Generated by org.testng.reporters.JUnitXMLReporter -->
<testsuite ignored="0" hostname="DESKTOP-SS9KUUU" failures="0" tests="31" name="BStackDemo-2" time="444.965" errors="0" timestamp="2023-05-30T11:34:38 IST">
  <testcase classname="com.browserstack.SeleniumTest" name="@BeforeMethod setUp" time="164.001">
    <failure type="org.openqa.selenium.SessionNotCreatedException" message="Could not start a new session. Handshake response does not match any supported protocol 
Host info: host: &amp;apos;DESKTOP-SS9KUUU&amp;apos;, ip: &amp;apos;192.168.1.178&amp;apos;
Build info: version: &amp;apos;4.9.1&amp;apos;, revision: &amp;apos;eb2032df7f&amp;apos;
System info: os.name: &amp;apos;Windows 11&amp;apos;, os.arch: &amp;apos;amd64&amp;apos;, os.version: &amp;apos;10.0&amp;apos;, java.version: &amp;apos;17.0.7&amp;apos;
Driver info: org.openqa.selenium.chrome.ChromeDriver
Command: [null, newSession {capabilities=[Capabilities {browserName: Safari, browserVersion: latest, bstack:options: {accessKey: twqxQydQD82kykCXeAwz, browser: Safari, browserName: Safari, browserVersion: latest, browserstackSDK: testng-javaagent/1.5.2, buildIdentifier: #58, buildName: jenkins_BrowserStack-, consoleLogs: errors, debug: false, hostName: DESKTOP-SS9KUUU, local: true, localIdentifier: 30_May_1127_DESKTOP_SS9KUUU..., networkLogs: false, os: OS X, osVersion: Big Sur, projectName: BrowserStack Samples, source: testng:sample-master:v1.1, userName: deepakkumar_rQ89ol}, goog:chromeOptions: {args: [--remote-allow-origins=*, start-maximized, --disable-notifications], extensions: []}}]}]">
      <![CDATA[org.openqa.selenium.SessionNotCreatedException: Could not start a new session. Handshake response does not match any supported protocol 
Host info: host: 'DESKTOP-SS9KUUU', ip: '192.168.1.178'
Build info: version: '4.9.1', revision: 'eb2032df7f'
System info: os.name: 'Windows 11', os.arch: 'amd64', os.version: '10.0', java.version: '17.0.7'
Driver info: org.openqa.selenium.chrome.ChromeDriver
Command: [null, newSession {capabilities=[Capabilities {browserName: Safari, browserVersion: latest, bstack:options: {accessKey: twqxQydQD82kykCXeAwz, browser: Safari, browserName: Safari, browserVersion: latest, browserstackSDK: testng-javaagent/1.5.2, buildIdentifier: #58, buildName: jenkins_BrowserStack-, consoleLogs: errors, debug: false, hostName: DESKTOP-SS9KUUU, local: true, localIdentifier: 30_May_1127_DESKTOP_SS9KUUU..., networkLogs: false, os: OS X, osVersion: Big Sur, projectName: BrowserStack Samples, source: testng:sample-master:v1.1, userName: deepakkumar_rQ89ol}, goog:chromeOptions: {args: [--remote-allow-origins=*, start-maximized, --disable-notifications], extensions: []}}]}]
at org.openqa.selenium.remote.ProtocolHandshake.lambda$createSession$2(ProtocolHandshake.java:145)
at java.base/java.util.Optional.orElseGet(Optional.java:364)
at org.openqa.selenium.remote.ProtocolHandshake.createSession(ProtocolHandshake.java:145)
at org.openqa.selenium.remote.ProtocolHandshake.createSession(ProtocolHandshake.java:94)
at org.openqa.selenium.remote.ProtocolHandshake.createSession(ProtocolHandshake.java:68)
at org.openqa.selenium.remote.HttpCommandExecutor.execute(HttpCommandExecutor.java:165)
at org.openqa.selenium.remote.RemoteWebDriver.execute(RemoteWebDriver.java:543)
at org.openqa.selenium.remote.RemoteWebDriver.startSession(RemoteWebDriver.java:229)
at org.openqa.selenium.remote.RemoteWebDriver.<init>(RemoteWebDriver.java:157)
at org.openqa.selenium.chromium.ChromiumDriver.<init>(ChromiumDriver.java:101)
at org.openqa.selenium.chrome.ChromeDriver.<init>(ChromeDriver.java:88)
at org.openqa.selenium.chrome.ChromeDriver.<init>(ChromeDriver.java:84)
at org.openqa.selenium.chrome.ChromeDriver.<init>(ChromeDriver.java:73)
at com.browserstack.SeleniumTest.setUp(SeleniumTest.java:19)
at java.base/java.util.ArrayList.forEach(ArrayList.java:1511)
at java.base/java.util.concurrent.FutureTask.run(FutureTask.java:264)
at java.base/java.util.concurrent.ThreadPoolExecutor.runWorker(ThreadPoolExecutor.java:1136)
at java.base/java.util.concurrent.ThreadPoolExecutor$Worker.run(ThreadPoolExecutor.java:635)
at java.base/java.lang.Thread.run(Thread.java:833)
... Removed 22 stack frames]]>
    </failure>
  </testcase> <!-- @BeforeMethod setUp -->
  <testcase classname="com.browserstack.SeleniumTest" name="@BeforeMethod setUp" time="1.665">
    <failure type="org.openqa.selenium.SessionNotCreatedException" message="Could not start a new session. Handshake response does not match any supported protocol 
Host info: host: &amp;apos;DESKTOP-SS9KUUU&amp;apos;, ip: &amp;apos;192.168.1.178&amp;apos;
Build info: version: &amp;apos;4.9.1&amp;apos;, revision: &amp;apos;eb2032df7f&amp;apos;
System info: os.name: &amp;apos;Windows 11&amp;apos;, os.arch: &amp;apos;amd64&amp;apos;, os.version: &amp;apos;10.0&amp;apos;, java.version: &amp;apos;17.0.7&amp;apos;
Driver info: org.openqa.selenium.chrome.ChromeDriver
Command: [null, newSession {capabilities=[Capabilities {browserName: safari, browserVersion: null, bstack:options: {accessKey: twqxQydQD82kykCXeAwz, browser: safari, browserName: safari, browserVersion: null, browserstackSDK: testng-javaagent/1.5.2, buildIdentifier: #58, buildName: jenkins_BrowserStack-, consoleLogs: errors, debug: false, deviceName: iPhone 12, hostName: DESKTOP-SS9KUUU, local: true, localIdentifier: 30_May_1127_DESKTOP_SS9KUUU..., networkLogs: false, os: ios, osVersion: 14.0, projectName: BrowserStack Samples, source: testng:sample-master:v1.1, userName: deepakkumar_rQ89ol}, goog:chromeOptions: {args: [--remote-allow-origins=*, start-maximized, --disable-notifications], extensions: []}}]}]">
      <![CDATA[org.openqa.selenium.SessionNotCreatedException: Could not start a new session. Handshake response does not match any supported protocol 
Host info: host: 'DESKTOP-SS9KUUU', ip: '192.168.1.178'
Build info: version: '4.9.1', revision: 'eb2032df7f'
System info: os.name: 'Windows 11', os.arch: 'amd64', os.version: '10.0', java.version: '17.0.7'
Driver info: org.openqa.selenium.chrome.ChromeDriver
Command: [null, newSession {capabilities=[Capabilities {browserName: safari, browserVersion: null, bstack:options: {accessKey: twqxQydQD82kykCXeAwz, browser: safari, browserName: safari, browserVersion: null, browserstackSDK: testng-javaagent/1.5.2, buildIdentifier: #58, buildName: jenkins_BrowserStack-, consoleLogs: errors, debug: false, deviceName: iPhone 12, hostName: DESKTOP-SS9KUUU, local: true, localIdentifier: 30_May_1127_DESKTOP_SS9KUUU..., networkLogs: false, os: ios, osVersion: 14.0, projectName: BrowserStack Samples, source: testng:sample-master:v1.1, userName: deepakkumar_rQ89ol}, goog:chromeOptions: {args: [--remote-allow-origins=*, start-maximized, --disable-notifications], extensions: []}}]}]
at org.openqa.selenium.remote.ProtocolHandshake.lambda$createSession$2(ProtocolHandshake.java:145)
at java.base/java.util.Optional.orElseGet(Optional.java:364)
at org.openqa.selenium.remote.ProtocolHandshake.createSession(ProtocolHandshake.java:145)
at org.openqa.selenium.remote.ProtocolHandshake.createSession(ProtocolHandshake.java:94)
at org.openqa.selenium.remote.ProtocolHandshake.createSession(ProtocolHandshake.java:68)
at org.openqa.selenium.remote.HttpCommandExecutor.execute(HttpCommandExecutor.java:165)
at org.openqa.selenium.remote.RemoteWebDriver.execute(RemoteWebDriver.java:543)
at org.openqa.selenium.remote.RemoteWebDriver.startSession(RemoteWebDriver.java:229)
at org.openqa.selenium.remote.RemoteWebDriver.<init>(RemoteWebDriver.java:157)
at org.openqa.selenium.chromium.ChromiumDriver.<init>(ChromiumDriver.java:101)
at org.openqa.selenium.chrome.ChromeDriver.<init>(ChromeDriver.java:88)
at org.openqa.selenium.chrome.ChromeDriver.<init>(ChromeDriver.java:84)
at org.openqa.selenium.chrome.ChromeDriver.<init>(ChromeDriver.java:73)
at com.browserstack.SeleniumTest.setUp(SeleniumTest.java:19)
at java.base/java.util.ArrayList.forEach(ArrayList.java:1511)
at java.base/java.util.concurrent.FutureTask.run(FutureTask.java:264)
at java.base/java.util.concurrent.ThreadPoolExecutor.runWorker(ThreadPoolExecutor.java:1136)
at java.base/java.util.concurrent.ThreadPoolExecutor$Worker.run(ThreadPoolExecutor.java:635)
at java.base/java.lang.Thread.run(Thread.java:833)
... Removed 22 stack frames]]>
    </failure>
  </testcase> <!-- @BeforeMethod setUp -->
  <testcase classname="com.browserstack.SeleniumTest" name="@BeforeMethod setUp" time="1.682">
    <failure type="org.openqa.selenium.SessionNotCreatedException" message="Could not start a new session. Handshake response does not match any supported protocol 
Host info: host: &amp;apos;DESKTOP-SS9KUUU&amp;apos;, ip: &amp;apos;192.168.1.178&amp;apos;
Build info: version: &amp;apos;4.9.1&amp;apos;, revision: &amp;apos;eb2032df7f&amp;apos;
System info: os.name: &amp;apos;Windows 11&amp;apos;, os.arch: &amp;apos;amd64&amp;apos;, os.version: &amp;apos;10.0&amp;apos;, java.version: &amp;apos;17.0.7&amp;apos;
Driver info: org.openqa.selenium.chrome.ChromeDriver
Command: [null, newSession {capabilities=[Capabilities {browserName: Safari, browserVersion: latest, bstack:options: {accessKey: twqxQydQD82kykCXeAwz, browser: Safari, browserName: Safari, browserVersion: latest, browserstackSDK: testng-javaagent/1.5.2, buildIdentifier: #58, buildName: jenkins_BrowserStack-, consoleLogs: errors, debug: false, hostName: DESKTOP-SS9KUUU, local: true, localIdentifier: 30_May_1127_DESKTOP_SS9KUUU..., networkLogs: false, os: OS X, osVersion: Big Sur, projectName: BrowserStack Samples, source: testng:sample-master:v1.1, userName: deepakkumar_rQ89ol}, goog:chromeOptions: {args: [--remote-allow-origins=*, start-maximized, --disable-notifications], extensions: []}}]}]">
      <![CDATA[org.openqa.selenium.SessionNotCreatedException: Could not start a new session. Handshake response does not match any supported protocol 
Host info: host: 'DESKTOP-SS9KUUU', ip: '192.168.1.178'
Build info: version: '4.9.1', revision: 'eb2032df7f'
System info: os.name: 'Windows 11', os.arch: 'amd64', os.version: '10.0', java.version: '17.0.7'
Driver info: org.openqa.selenium.chrome.ChromeDriver
Command: [null, newSession {capabilities=[Capabilities {browserName: Safari, browserVersion: latest, bstack:options: {accessKey: twqxQydQD82kykCXeAwz, browser: Safari, browserName: Safari, browserVersion: latest, browserstackSDK: testng-javaagent/1.5.2, buildIdentifier: #58, buildName: jenkins_BrowserStack-, consoleLogs: errors, debug: false, hostName: DESKTOP-SS9KUUU, local: true, localIdentifier: 30_May_1127_DESKTOP_SS9KUUU..., networkLogs: false, os: OS X, osVersion: Big Sur, projectName: BrowserStack Samples, source: testng:sample-master:v1.1, userName: deepakkumar_rQ89ol}, goog:chromeOptions: {args: [--remote-allow-origins=*, start-maximized, --disable-notifications], extensions: []}}]}]
at org.openqa.selenium.remote.ProtocolHandshake.lambda$createSession$2(ProtocolHandshake.java:145)
at java.base/java.util.Optional.orElseGet(Optional.java:364)
at org.openqa.selenium.remote.ProtocolHandshake.createSession(ProtocolHandshake.java:145)
at org.openqa.selenium.remote.ProtocolHandshake.createSession(ProtocolHandshake.java:94)
at org.openqa.selenium.remote.ProtocolHandshake.createSession(ProtocolHandshake.java:68)
at org.openqa.selenium.remote.HttpCommandExecutor.execute(HttpCommandExecutor.java:165)
at org.openqa.selenium.remote.RemoteWebDriver.execute(RemoteWebDriver.java:543)
at org.openqa.selenium.remote.RemoteWebDriver.startSession(RemoteWebDriver.java:229)
at org.openqa.selenium.remote.RemoteWebDriver.<init>(RemoteWebDriver.java:157)
at org.openqa.selenium.chromium.ChromiumDriver.<init>(ChromiumDriver.java:101)
at org.openqa.selenium.chrome.ChromeDriver.<init>(ChromeDriver.java:88)
at org.openqa.selenium.chrome.ChromeDriver.<init>(ChromeDriver.java:84)
at org.openqa.selenium.chrome.ChromeDriver.<init>(ChromeDriver.java:73)
at com.browserstack.SeleniumTest.setUp(SeleniumTest.java:19)
at java.base/java.util.ArrayList.forEach(ArrayList.java:1511)
at java.base/java.util.concurrent.FutureTask.run(FutureTask.java:264)
at java.base/java.util.concurrent.ThreadPoolExecutor.runWorker(ThreadPoolExecutor.java:1136)
at java.base/java.util.concurrent.ThreadPoolExecutor$Worker.run(ThreadPoolExecutor.java:635)
at java.base/java.lang.Thread.run(Thread.java:833)
... Removed 21 stack frames]]>
    </failure>
  </testcase> <!-- @BeforeMethod setUp -->
  <testcase classname="com.browserstack.SeleniumTest" name="@BeforeMethod setUp" time="1.686">
    <failure type="org.openqa.selenium.SessionNotCreatedException" message="Could not start a new session. Handshake response does not match any supported protocol 
Host info: host: &amp;apos;DESKTOP-SS9KUUU&amp;apos;, ip: &amp;apos;192.168.1.178&amp;apos;
Build info: version: &amp;apos;4.9.1&amp;apos;, revision: &amp;apos;eb2032df7f&amp;apos;
System info: os.name: &amp;apos;Windows 11&amp;apos;, os.arch: &amp;apos;amd64&amp;apos;, os.version: &amp;apos;10.0&amp;apos;, java.version: &amp;apos;17.0.7&amp;apos;
Driver info: org.openqa.selenium.chrome.ChromeDriver
Command: [null, newSession {capabilities=[Capabilities {browserName: safari, browserVersion: null, bstack:options: {accessKey: twqxQydQD82kykCXeAwz, browser: safari, browserName: safari, browserVersion: null, browserstackSDK: testng-javaagent/1.5.2, buildIdentifier: #58, buildName: jenkins_BrowserStack-, consoleLogs: errors, debug: false, deviceName: iPhone 12, hostName: DESKTOP-SS9KUUU, local: true, localIdentifier: 30_May_1127_DESKTOP_SS9KUUU..., networkLogs: false, os: ios, osVersion: 14.0, projectName: BrowserStack Samples, source: testng:sample-master:v1.1, userName: deepakkumar_rQ89ol}, goog:chromeOptions: {args: [--remote-allow-origins=*, start-maximized, --disable-notifications], extensions: []}}]}]">
      <![CDATA[org.openqa.selenium.SessionNotCreatedException: Could not start a new session. Handshake response does not match any supported protocol 
Host info: host: 'DESKTOP-SS9KUUU', ip: '192.168.1.178'
Build info: version: '4.9.1', revision: 'eb2032df7f'
System info: os.name: 'Windows 11', os.arch: 'amd64', os.version: '10.0', java.version: '17.0.7'
Driver info: org.openqa.selenium.chrome.ChromeDriver
Command: [null, newSession {capabilities=[Capabilities {browserName: safari, browserVersion: null, bstack:options: {accessKey: twqxQydQD82kykCXeAwz, browser: safari, browserName: safari, browserVersion: null, browserstackSDK: testng-javaagent/1.5.2, buildIdentifier: #58, buildName: jenkins_BrowserStack-, consoleLogs: errors, debug: false, deviceName: iPhone 12, hostName: DESKTOP-SS9KUUU, local: true, localIdentifier: 30_May_1127_DESKTOP_SS9KUUU..., networkLogs: false, os: ios, osVersion: 14.0, projectName: BrowserStack Samples, source: testng:sample-master:v1.1, userName: deepakkumar_rQ89ol}, goog:chromeOptions: {args: [--remote-allow-origins=*, start-maximized, --disable-notifications], extensions: []}}]}]
at org.openqa.selenium.remote.ProtocolHandshake.lambda$createSession$2(ProtocolHandshake.java:145)
at java.base/java.util.Optional.orElseGet(Optional.java:364)
at org.openqa.selenium.remote.ProtocolHandshake.createSession(ProtocolHandshake.java:145)
at org.openqa.selenium.remote.ProtocolHandshake.createSession(ProtocolHandshake.java:94)
at org.openqa.selenium.remote.ProtocolHandshake.createSession(ProtocolHandshake.java:68)
at org.openqa.selenium.remote.HttpCommandExecutor.execute(HttpCommandExecutor.java:165)
at org.openqa.selenium.remote.RemoteWebDriver.execute(RemoteWebDriver.java:543)
at org.openqa.selenium.remote.RemoteWebDriver.startSession(RemoteWebDriver.java:229)
at org.openqa.selenium.remote.RemoteWebDriver.<init>(RemoteWebDriver.java:157)
at org.openqa.selenium.chromium.ChromiumDriver.<init>(ChromiumDriver.java:101)
at org.openqa.selenium.chrome.ChromeDriver.<init>(ChromeDriver.java:88)
at org.openqa.selenium.chrome.ChromeDriver.<init>(ChromeDriver.java:84)
at org.openqa.selenium.chrome.ChromeDriver.<init>(ChromeDriver.java:73)
at com.browserstack.SeleniumTest.setUp(SeleniumTest.java:19)
at java.base/java.util.ArrayList.forEach(ArrayList.java:1511)
at java.base/java.util.concurrent.FutureTask.run(FutureTask.java:264)
at java.base/java.util.concurrent.ThreadPoolExecutor.runWorker(ThreadPoolExecutor.java:1136)
at java.base/java.util.concurrent.ThreadPoolExecutor$Worker.run(ThreadPoolExecutor.java:635)
at java.base/java.lang.Thread.run(Thread.java:833)
... Removed 22 stack frames]]>
    </failure>
  </testcase> <!-- @BeforeMethod setUp -->
  <testcase classname="com.browserstack.SeleniumTest" name="@BeforeMethod setUp" time="1.662">
    <failure type="org.openqa.selenium.SessionNotCreatedException" message="Could not start a new session. Handshake response does not match any supported protocol 
Host info: host: &amp;apos;DESKTOP-SS9KUUU&amp;apos;, ip: &amp;apos;192.168.1.178&amp;apos;
Build info: version: &amp;apos;4.9.1&amp;apos;, revision: &amp;apos;eb2032df7f&amp;apos;
System info: os.name: &amp;apos;Windows 11&amp;apos;, os.arch: &amp;apos;amd64&amp;apos;, os.version: &amp;apos;10.0&amp;apos;, java.version: &amp;apos;17.0.7&amp;apos;
Driver info: org.openqa.selenium.chrome.ChromeDriver
Command: [null, newSession {capabilities=[Capabilities {browserName: Safari, browserVersion: latest, bstack:options: {accessKey: twqxQydQD82kykCXeAwz, browser: Safari, browserName: Safari, browserVersion: latest, browserstackSDK: testng-javaagent/1.5.2, buildIdentifier: #58, buildName: jenkins_BrowserStack-, consoleLogs: errors, debug: false, hostName: DESKTOP-SS9KUUU, local: true, localIdentifier: 30_May_1127_DESKTOP_SS9KUUU..., networkLogs: false, os: OS X, osVersion: Big Sur, projectName: BrowserStack Samples, source: testng:sample-master:v1.1, userName: deepakkumar_rQ89ol}, goog:chromeOptions: {args: [--remote-allow-origins=*, start-maximized, --disable-notifications], extensions: []}}]}]">
      <![CDATA[org.openqa.selenium.SessionNotCreatedException: Could not start a new session. Handshake response does not match any supported protocol 
Host info: host: 'DESKTOP-SS9KUUU', ip: '192.168.1.178'
Build info: version: '4.9.1', revision: 'eb2032df7f'
System info: os.name: 'Windows 11', os.arch: 'amd64', os.version: '10.0', java.version: '17.0.7'
Driver info: org.openqa.selenium.chrome.ChromeDriver
Command: [null, newSession {capabilities=[Capabilities {browserName: Safari, browserVersion: latest, bstack:options: {accessKey: twqxQydQD82kykCXeAwz, browser: Safari, browserName: Safari, browserVersion: latest, browserstackSDK: testng-javaagent/1.5.2, buildIdentifier: #58, buildName: jenkins_BrowserStack-, consoleLogs: errors, debug: false, hostName: DESKTOP-SS9KUUU, local: true, localIdentifier: 30_May_1127_DESKTOP_SS9KUUU..., networkLogs: false, os: OS X, osVersion: Big Sur, projectName: BrowserStack Samples, source: testng:sample-master:v1.1, userName: deepakkumar_rQ89ol}, goog:chromeOptions: {args: [--remote-allow-origins=*, start-maximized, --disable-notifications], extensions: []}}]}]
at org.openqa.selenium.remote.ProtocolHandshake.lambda$createSession$2(ProtocolHandshake.java:145)
at java.base/java.util.Optional.orElseGet(Optional.java:364)
at org.openqa.selenium.remote.ProtocolHandshake.createSession(ProtocolHandshake.java:145)
at org.openqa.selenium.remote.ProtocolHandshake.createSession(ProtocolHandshake.java:94)
at org.openqa.selenium.remote.ProtocolHandshake.createSession(ProtocolHandshake.java:68)
at org.openqa.selenium.remote.HttpCommandExecutor.execute(HttpCommandExecutor.java:165)
at org.openqa.selenium.remote.RemoteWebDriver.execute(RemoteWebDriver.java:543)
at org.openqa.selenium.remote.RemoteWebDriver.startSession(RemoteWebDriver.java:229)
at org.openqa.selenium.remote.RemoteWebDriver.<init>(RemoteWebDriver.java:157)
at org.openqa.selenium.chromium.ChromiumDriver.<init>(ChromiumDriver.java:101)
at org.openqa.selenium.chrome.ChromeDriver.<init>(ChromeDriver.java:88)
at org.openqa.selenium.chrome.ChromeDriver.<init>(ChromeDriver.java:84)
at org.openqa.selenium.chrome.ChromeDriver.<init>(ChromeDriver.java:73)
at com.browserstack.SeleniumTest.setUp(SeleniumTest.java:19)
at java.base/java.util.ArrayList.forEach(ArrayList.java:1511)
at java.base/java.util.concurrent.FutureTask.run(FutureTask.java:264)
at java.base/java.util.concurrent.ThreadPoolExecutor.runWorker(ThreadPoolExecutor.java:1136)
at java.base/java.util.concurrent.ThreadPoolExecutor$Worker.run(ThreadPoolExecutor.java:635)
at java.base/java.lang.Thread.run(Thread.java:833)
... Removed 21 stack frames]]>
    </failure>
  </testcase> <!-- @BeforeMethod setUp -->
  <testcase classname="com.browserstack.SeleniumTest" name="@BeforeMethod setUp" time="1.674">
    <failure type="org.openqa.selenium.SessionNotCreatedException" message="Could not start a new session. Handshake response does not match any supported protocol 
Host info: host: &amp;apos;DESKTOP-SS9KUUU&amp;apos;, ip: &amp;apos;192.168.1.178&amp;apos;
Build info: version: &amp;apos;4.9.1&amp;apos;, revision: &amp;apos;eb2032df7f&amp;apos;
System info: os.name: &amp;apos;Windows 11&amp;apos;, os.arch: &amp;apos;amd64&amp;apos;, os.version: &amp;apos;10.0&amp;apos;, java.version: &amp;apos;17.0.7&amp;apos;
Driver info: org.openqa.selenium.chrome.ChromeDriver
Command: [null, newSession {capabilities=[Capabilities {browserName: safari, browserVersion: null, bstack:options: {accessKey: twqxQydQD82kykCXeAwz, browser: safari, browserName: safari, browserVersion: null, browserstackSDK: testng-javaagent/1.5.2, buildIdentifier: #58, buildName: jenkins_BrowserStack-, consoleLogs: errors, debug: false, deviceName: iPhone 12, hostName: DESKTOP-SS9KUUU, local: true, localIdentifier: 30_May_1127_DESKTOP_SS9KUUU..., networkLogs: false, os: ios, osVersion: 14.0, projectName: BrowserStack Samples, source: testng:sample-master:v1.1, userName: deepakkumar_rQ89ol}, goog:chromeOptions: {args: [--remote-allow-origins=*, start-maximized, --disable-notifications], extensions: []}}]}]">
      <![CDATA[org.openqa.selenium.SessionNotCreatedException: Could not start a new session. Handshake response does not match any supported protocol 
Host info: host: 'DESKTOP-SS9KUUU', ip: '192.168.1.178'
Build info: version: '4.9.1', revision: 'eb2032df7f'
System info: os.name: 'Windows 11', os.arch: 'amd64', os.version: '10.0', java.version: '17.0.7'
Driver info: org.openqa.selenium.chrome.ChromeDriver
Command: [null, newSession {capabilities=[Capabilities {browserName: safari, browserVersion: null, bstack:options: {accessKey: twqxQydQD82kykCXeAwz, browser: safari, browserName: safari, browserVersion: null, browserstackSDK: testng-javaagent/1.5.2, buildIdentifier: #58, buildName: jenkins_BrowserStack-, consoleLogs: errors, debug: false, deviceName: iPhone 12, hostName: DESKTOP-SS9KUUU, local: true, localIdentifier: 30_May_1127_DESKTOP_SS9KUUU..., networkLogs: false, os: ios, osVersion: 14.0, projectName: BrowserStack Samples, source: testng:sample-master:v1.1, userName: deepakkumar_rQ89ol}, goog:chromeOptions: {args: [--remote-allow-origins=*, start-maximized, --disable-notifications], extensions: []}}]}]
at org.openqa.selenium.remote.ProtocolHandshake.lambda$createSession$2(ProtocolHandshake.java:145)
at java.base/java.util.Optional.orElseGet(Optional.java:364)
at org.openqa.selenium.remote.ProtocolHandshake.createSession(ProtocolHandshake.java:145)
at org.openqa.selenium.remote.ProtocolHandshake.createSession(ProtocolHandshake.java:94)
at org.openqa.selenium.remote.ProtocolHandshake.createSession(ProtocolHandshake.java:68)
at org.openqa.selenium.remote.HttpCommandExecutor.execute(HttpCommandExecutor.java:165)
at org.openqa.selenium.remote.RemoteWebDriver.execute(RemoteWebDriver.java:543)
at org.openqa.selenium.remote.RemoteWebDriver.startSession(RemoteWebDriver.java:229)
at org.openqa.selenium.remote.RemoteWebDriver.<init>(RemoteWebDriver.java:157)
at org.openqa.selenium.chromium.ChromiumDriver.<init>(ChromiumDriver.java:101)
at org.openqa.selenium.chrome.ChromeDriver.<init>(ChromeDriver.java:88)
at org.openqa.selenium.chrome.ChromeDriver.<init>(ChromeDriver.java:84)
at org.openqa.selenium.chrome.ChromeDriver.<init>(ChromeDriver.java:73)
at com.browserstack.SeleniumTest.setUp(SeleniumTest.java:19)
at java.base/java.util.ArrayList.forEach(ArrayList.java:1511)
at java.base/java.util.concurrent.FutureTask.run(FutureTask.java:264)
at java.base/java.util.concurrent.ThreadPoolExecutor.runWorker(ThreadPoolExecutor.java:1136)
at java.base/java.util.concurrent.ThreadPoolExecutor$Worker.run(ThreadPoolExecutor.java:635)
at java.base/java.lang.Thread.run(Thread.java:833)
... Removed 22 stack frames]]>
    </failure>
  </testcase> <!-- @BeforeMethod setUp -->
  <testcase classname="com.browserstack.SeleniumTest" name="@BeforeMethod setUp" time="1.66">
    <failure type="org.openqa.selenium.SessionNotCreatedException" message="Could not start a new session. Handshake response does not match any supported protocol 
Host info: host: &amp;apos;DESKTOP-SS9KUUU&amp;apos;, ip: &amp;apos;192.168.1.178&amp;apos;
Build info: version: &amp;apos;4.9.1&amp;apos;, revision: &amp;apos;eb2032df7f&amp;apos;
System info: os.name: &amp;apos;Windows 11&amp;apos;, os.arch: &amp;apos;amd64&amp;apos;, os.version: &amp;apos;10.0&amp;apos;, java.version: &amp;apos;17.0.7&amp;apos;
Driver info: org.openqa.selenium.chrome.ChromeDriver
Command: [null, newSession {capabilities=[Capabilities {browserName: Safari, browserVersion: latest, bstack:options: {accessKey: twqxQydQD82kykCXeAwz, browser: Safari, browserName: Safari, browserVersion: latest, browserstackSDK: testng-javaagent/1.5.2, buildIdentifier: #58, buildName: jenkins_BrowserStack-, consoleLogs: errors, debug: false, hostName: DESKTOP-SS9KUUU, local: true, localIdentifier: 30_May_1127_DESKTOP_SS9KUUU..., networkLogs: false, os: OS X, osVersion: Big Sur, projectName: BrowserStack Samples, source: testng:sample-master:v1.1, userName: deepakkumar_rQ89ol}, goog:chromeOptions: {args: [--remote-allow-origins=*, start-maximized, --disable-notifications], extensions: []}}]}]">
      <![CDATA[org.openqa.selenium.SessionNotCreatedException: Could not start a new session. Handshake response does not match any supported protocol 
Host info: host: 'DESKTOP-SS9KUUU', ip: '192.168.1.178'
Build info: version: '4.9.1', revision: 'eb2032df7f'
System info: os.name: 'Windows 11', os.arch: 'amd64', os.version: '10.0', java.version: '17.0.7'
Driver info: org.openqa.selenium.chrome.ChromeDriver
Command: [null, newSession {capabilities=[Capabilities {browserName: Safari, browserVersion: latest, bstack:options: {accessKey: twqxQydQD82kykCXeAwz, browser: Safari, browserName: Safari, browserVersion: latest, browserstackSDK: testng-javaagent/1.5.2, buildIdentifier: #58, buildName: jenkins_BrowserStack-, consoleLogs: errors, debug: false, hostName: DESKTOP-SS9KUUU, local: true, localIdentifier: 30_May_1127_DESKTOP_SS9KUUU..., networkLogs: false, os: OS X, osVersion: Big Sur, projectName: BrowserStack Samples, source: testng:sample-master:v1.1, userName: deepakkumar_rQ89ol}, goog:chromeOptions: {args: [--remote-allow-origins=*, start-maximized, --disable-notifications], extensions: []}}]}]
at org.openqa.selenium.remote.ProtocolHandshake.lambda$createSession$2(ProtocolHandshake.java:145)
at java.base/java.util.Optional.orElseGet(Optional.java:364)
at org.openqa.selenium.remote.ProtocolHandshake.createSession(ProtocolHandshake.java:145)
at org.openqa.selenium.remote.ProtocolHandshake.createSession(ProtocolHandshake.java:94)
at org.openqa.selenium.remote.ProtocolHandshake.createSession(ProtocolHandshake.java:68)
at org.openqa.selenium.remote.HttpCommandExecutor.execute(HttpCommandExecutor.java:165)
at org.openqa.selenium.remote.RemoteWebDriver.execute(RemoteWebDriver.java:543)
at org.openqa.selenium.remote.RemoteWebDriver.startSession(RemoteWebDriver.java:229)
at org.openqa.selenium.remote.RemoteWebDriver.<init>(RemoteWebDriver.java:157)
at org.openqa.selenium.chromium.ChromiumDriver.<init>(ChromiumDriver.java:101)
at org.openqa.selenium.chrome.ChromeDriver.<init>(ChromeDriver.java:88)
at org.openqa.selenium.chrome.ChromeDriver.<init>(ChromeDriver.java:84)
at org.openqa.selenium.chrome.ChromeDriver.<init>(ChromeDriver.java:73)
at com.browserstack.SeleniumTest.setUp(SeleniumTest.java:19)
at java.base/java.util.ArrayList.forEach(ArrayList.java:1511)
at java.base/java.util.concurrent.FutureTask.run(FutureTask.java:264)
at java.base/java.util.concurrent.ThreadPoolExecutor.runWorker(ThreadPoolExecutor.java:1136)
at java.base/java.util.concurrent.ThreadPoolExecutor$Worker.run(ThreadPoolExecutor.java:635)
at java.base/java.lang.Thread.run(Thread.java:833)
... Removed 21 stack frames]]>
    </failure>
  </testcase> <!-- @BeforeMethod setUp -->
  <testcase classname="com.browserstack.SeleniumTest" name="@BeforeMethod setUp" time="1.648">
    <failure type="org.openqa.selenium.SessionNotCreatedException" message="Could not start a new session. Handshake response does not match any supported protocol 
Host info: host: &amp;apos;DESKTOP-SS9KUUU&amp;apos;, ip: &amp;apos;192.168.1.178&amp;apos;
Build info: version: &amp;apos;4.9.1&amp;apos;, revision: &amp;apos;eb2032df7f&amp;apos;
System info: os.name: &amp;apos;Windows 11&amp;apos;, os.arch: &amp;apos;amd64&amp;apos;, os.version: &amp;apos;10.0&amp;apos;, java.version: &amp;apos;17.0.7&amp;apos;
Driver info: org.openqa.selenium.chrome.ChromeDriver
Command: [null, newSession {capabilities=[Capabilities {browserName: safari, browserVersion: null, bstack:options: {accessKey: twqxQydQD82kykCXeAwz, browser: safari, browserName: safari, browserVersion: null, browserstackSDK: testng-javaagent/1.5.2, buildIdentifier: #58, buildName: jenkins_BrowserStack-, consoleLogs: errors, debug: false, deviceName: iPhone 12, hostName: DESKTOP-SS9KUUU, local: true, localIdentifier: 30_May_1127_DESKTOP_SS9KUUU..., networkLogs: false, os: ios, osVersion: 14.0, projectName: BrowserStack Samples, source: testng:sample-master:v1.1, userName: deepakkumar_rQ89ol}, goog:chromeOptions: {args: [--remote-allow-origins=*, start-maximized, --disable-notifications], extensions: []}}]}]">
      <![CDATA[org.openqa.selenium.SessionNotCreatedException: Could not start a new session. Handshake response does not match any supported protocol 
Host info: host: 'DESKTOP-SS9KUUU', ip: '192.168.1.178'
Build info: version: '4.9.1', revision: 'eb2032df7f'
System info: os.name: 'Windows 11', os.arch: 'amd64', os.version: '10.0', java.version: '17.0.7'
Driver info: org.openqa.selenium.chrome.ChromeDriver
Command: [null, newSession {capabilities=[Capabilities {browserName: safari, browserVersion: null, bstack:options: {accessKey: twqxQydQD82kykCXeAwz, browser: safari, browserName: safari, browserVersion: null, browserstackSDK: testng-javaagent/1.5.2, buildIdentifier: #58, buildName: jenkins_BrowserStack-, consoleLogs: errors, debug: false, deviceName: iPhone 12, hostName: DESKTOP-SS9KUUU, local: true, localIdentifier: 30_May_1127_DESKTOP_SS9KUUU..., networkLogs: false, os: ios, osVersion: 14.0, projectName: BrowserStack Samples, source: testng:sample-master:v1.1, userName: deepakkumar_rQ89ol}, goog:chromeOptions: {args: [--remote-allow-origins=*, start-maximized, --disable-notifications], extensions: []}}]}]
at org.openqa.selenium.remote.ProtocolHandshake.lambda$createSession$2(ProtocolHandshake.java:145)
at java.base/java.util.Optional.orElseGet(Optional.java:364)
at org.openqa.selenium.remote.ProtocolHandshake.createSession(ProtocolHandshake.java:145)
at org.openqa.selenium.remote.ProtocolHandshake.createSession(ProtocolHandshake.java:94)
at org.openqa.selenium.remote.ProtocolHandshake.createSession(ProtocolHandshake.java:68)
at org.openqa.selenium.remote.HttpCommandExecutor.execute(HttpCommandExecutor.java:165)
at org.openqa.selenium.remote.RemoteWebDriver.execute(RemoteWebDriver.java:543)
at org.openqa.selenium.remote.RemoteWebDriver.startSession(RemoteWebDriver.java:229)
at org.openqa.selenium.remote.RemoteWebDriver.<init>(RemoteWebDriver.java:157)
at org.openqa.selenium.chromium.ChromiumDriver.<init>(ChromiumDriver.java:101)
at org.openqa.selenium.chrome.ChromeDriver.<init>(ChromeDriver.java:88)
at org.openqa.selenium.chrome.ChromeDriver.<init>(ChromeDriver.java:84)
at org.openqa.selenium.chrome.ChromeDriver.<init>(ChromeDriver.java:73)
at com.browserstack.SeleniumTest.setUp(SeleniumTest.java:19)
at java.base/java.util.ArrayList.forEach(ArrayList.java:1511)
at java.base/java.util.concurrent.FutureTask.run(FutureTask.java:264)
at java.base/java.util.concurrent.ThreadPoolExecutor.runWorker(ThreadPoolExecutor.java:1136)
at java.base/java.util.concurrent.ThreadPoolExecutor$Worker.run(ThreadPoolExecutor.java:635)
at java.base/java.lang.Thread.run(Thread.java:833)
... Removed 21 stack frames]]>
    </failure>
  </testcase> <!-- @BeforeMethod setUp -->
  <testcase classname="com.browserstack.SeleniumTest" name="@BeforeMethod setUp" time="1.674">
    <failure type="org.openqa.selenium.SessionNotCreatedException" message="Could not start a new session. Handshake response does not match any supported protocol 
Host info: host: &amp;apos;DESKTOP-SS9KUUU&amp;apos;, ip: &amp;apos;192.168.1.178&amp;apos;
Build info: version: &amp;apos;4.9.1&amp;apos;, revision: &amp;apos;eb2032df7f&amp;apos;
System info: os.name: &amp;apos;Windows 11&amp;apos;, os.arch: &amp;apos;amd64&amp;apos;, os.version: &amp;apos;10.0&amp;apos;, java.version: &amp;apos;17.0.7&amp;apos;
Driver info: org.openqa.selenium.chrome.ChromeDriver
Command: [null, newSession {capabilities=[Capabilities {browserName: Safari, browserVersion: latest, bstack:options: {accessKey: twqxQydQD82kykCXeAwz, browser: Safari, browserName: Safari, browserVersion: latest, browserstackSDK: testng-javaagent/1.5.2, buildIdentifier: #58, buildName: jenkins_BrowserStack-, consoleLogs: errors, debug: false, hostName: DESKTOP-SS9KUUU, local: true, localIdentifier: 30_May_1127_DESKTOP_SS9KUUU..., networkLogs: false, os: OS X, osVersion: Big Sur, projectName: BrowserStack Samples, source: testng:sample-master:v1.1, userName: deepakkumar_rQ89ol}, goog:chromeOptions: {args: [--remote-allow-origins=*, start-maximized, --disable-notifications], extensions: []}}]}]">
      <![CDATA[org.openqa.selenium.SessionNotCreatedException: Could not start a new session. Handshake response does not match any supported protocol 
Host info: host: 'DESKTOP-SS9KUUU', ip: '192.168.1.178'
Build info: version: '4.9.1', revision: 'eb2032df7f'
System info: os.name: 'Windows 11', os.arch: 'amd64', os.version: '10.0', java.version: '17.0.7'
Driver info: org.openqa.selenium.chrome.ChromeDriver
Command: [null, newSession {capabilities=[Capabilities {browserName: Safari, browserVersion: latest, bstack:options: {accessKey: twqxQydQD82kykCXeAwz, browser: Safari, browserName: Safari, browserVersion: latest, browserstackSDK: testng-javaagent/1.5.2, buildIdentifier: #58, buildName: jenkins_BrowserStack-, consoleLogs: errors, debug: false, hostName: DESKTOP-SS9KUUU, local: true, localIdentifier: 30_May_1127_DESKTOP_SS9KUUU..., networkLogs: false, os: OS X, osVersion: Big Sur, projectName: BrowserStack Samples, source: testng:sample-master:v1.1, userName: deepakkumar_rQ89ol}, goog:chromeOptions: {args: [--remote-allow-origins=*, start-maximized, --disable-notifications], extensions: []}}]}]
at org.openqa.selenium.remote.ProtocolHandshake.lambda$createSession$2(ProtocolHandshake.java:145)
at java.base/java.util.Optional.orElseGet(Optional.java:364)
at org.openqa.selenium.remote.ProtocolHandshake.createSession(ProtocolHandshake.java:145)
at org.openqa.selenium.remote.ProtocolHandshake.createSession(ProtocolHandshake.java:94)
at org.openqa.selenium.remote.ProtocolHandshake.createSession(ProtocolHandshake.java:68)
at org.openqa.selenium.remote.HttpCommandExecutor.execute(HttpCommandExecutor.java:165)
at org.openqa.selenium.remote.RemoteWebDriver.execute(RemoteWebDriver.java:543)
at org.openqa.selenium.remote.RemoteWebDriver.startSession(RemoteWebDriver.java:229)
at org.openqa.selenium.remote.RemoteWebDriver.<init>(RemoteWebDriver.java:157)
at org.openqa.selenium.chromium.ChromiumDriver.<init>(ChromiumDriver.java:101)
at org.openqa.selenium.chrome.ChromeDriver.<init>(ChromeDriver.java:88)
at org.openqa.selenium.chrome.ChromeDriver.<init>(ChromeDriver.java:84)
at org.openqa.selenium.chrome.ChromeDriver.<init>(ChromeDriver.java:73)
at com.browserstack.SeleniumTest.setUp(SeleniumTest.java:19)
at java.base/java.util.ArrayList.forEach(ArrayList.java:1511)
at java.base/java.util.concurrent.FutureTask.run(FutureTask.java:264)
at java.base/java.util.concurrent.ThreadPoolExecutor.runWorker(ThreadPoolExecutor.java:1136)
at java.base/java.util.concurrent.ThreadPoolExecutor$Worker.run(ThreadPoolExecutor.java:635)
at java.base/java.lang.Thread.run(Thread.java:833)
... Removed 21 stack frames]]>
    </failure>
  </testcase> <!-- @BeforeMethod setUp -->
  <testcase classname="com.browserstack.SeleniumTest" name="@BeforeMethod setUp" time="1.662">
    <failure type="org.openqa.selenium.SessionNotCreatedException" message="Could not start a new session. Handshake response does not match any supported protocol 
Host info: host: &amp;apos;DESKTOP-SS9KUUU&amp;apos;, ip: &amp;apos;192.168.1.178&amp;apos;
Build info: version: &amp;apos;4.9.1&amp;apos;, revision: &amp;apos;eb2032df7f&amp;apos;
System info: os.name: &amp;apos;Windows 11&amp;apos;, os.arch: &amp;apos;amd64&amp;apos;, os.version: &amp;apos;10.0&amp;apos;, java.version: &amp;apos;17.0.7&amp;apos;
Driver info: org.openqa.selenium.chrome.ChromeDriver
Command: [null, newSession {capabilities=[Capabilities {browserName: safari, browserVersion: null, bstack:options: {accessKey: twqxQydQD82kykCXeAwz, browser: safari, browserName: safari, browserVersion: null, browserstackSDK: testng-javaagent/1.5.2, buildIdentifier: #58, buildName: jenkins_BrowserStack-, consoleLogs: errors, debug: false, deviceName: iPhone 12, hostName: DESKTOP-SS9KUUU, local: true, localIdentifier: 30_May_1127_DESKTOP_SS9KUUU..., networkLogs: false, os: ios, osVersion: 14.0, projectName: BrowserStack Samples, source: testng:sample-master:v1.1, userName: deepakkumar_rQ89ol}, goog:chromeOptions: {args: [--remote-allow-origins=*, start-maximized, --disable-notifications], extensions: []}}]}]">
      <![CDATA[org.openqa.selenium.SessionNotCreatedException: Could not start a new session. Handshake response does not match any supported protocol 
Host info: host: 'DESKTOP-SS9KUUU', ip: '192.168.1.178'
Build info: version: '4.9.1', revision: 'eb2032df7f'
System info: os.name: 'Windows 11', os.arch: 'amd64', os.version: '10.0', java.version: '17.0.7'
Driver info: org.openqa.selenium.chrome.ChromeDriver
Command: [null, newSession {capabilities=[Capabilities {browserName: safari, browserVersion: null, bstack:options: {accessKey: twqxQydQD82kykCXeAwz, browser: safari, browserName: safari, browserVersion: null, browserstackSDK: testng-javaagent/1.5.2, buildIdentifier: #58, buildName: jenkins_BrowserStack-, consoleLogs: errors, debug: false, deviceName: iPhone 12, hostName: DESKTOP-SS9KUUU, local: true, localIdentifier: 30_May_1127_DESKTOP_SS9KUUU..., networkLogs: false, os: ios, osVersion: 14.0, projectName: BrowserStack Samples, source: testng:sample-master:v1.1, userName: deepakkumar_rQ89ol}, goog:chromeOptions: {args: [--remote-allow-origins=*, start-maximized, --disable-notifications], extensions: []}}]}]
at org.openqa.selenium.remote.ProtocolHandshake.lambda$createSession$2(ProtocolHandshake.java:145)
at java.base/java.util.Optional.orElseGet(Optional.java:364)
at org.openqa.selenium.remote.ProtocolHandshake.createSession(ProtocolHandshake.java:145)
at org.openqa.selenium.remote.ProtocolHandshake.createSession(ProtocolHandshake.java:94)
at org.openqa.selenium.remote.ProtocolHandshake.createSession(ProtocolHandshake.java:68)
at org.openqa.selenium.remote.HttpCommandExecutor.execute(HttpCommandExecutor.java:165)
at org.openqa.selenium.remote.RemoteWebDriver.execute(RemoteWebDriver.java:543)
at org.openqa.selenium.remote.RemoteWebDriver.startSession(RemoteWebDriver.java:229)
at org.openqa.selenium.remote.RemoteWebDriver.<init>(RemoteWebDriver.java:157)
at org.openqa.selenium.chromium.ChromiumDriver.<init>(ChromiumDriver.java:101)
at org.openqa.selenium.chrome.ChromeDriver.<init>(ChromeDriver.java:88)
at org.openqa.selenium.chrome.ChromeDriver.<init>(ChromeDriver.java:84)
at org.openqa.selenium.chrome.ChromeDriver.<init>(ChromeDriver.java:73)
at com.browserstack.SeleniumTest.setUp(SeleniumTest.java:19)
at java.base/java.util.ArrayList.forEach(ArrayList.java:1511)
at java.base/java.util.concurrent.FutureTask.run(FutureTask.java:264)
at java.base/java.util.concurrent.ThreadPoolExecutor.runWorker(ThreadPoolExecutor.java:1136)
at java.base/java.util.concurrent.ThreadPoolExecutor$Worker.run(ThreadPoolExecutor.java:635)
at java.base/java.lang.Thread.run(Thread.java:833)
... Removed 21 stack frames]]>
    </failure>
  </testcase> <!-- @BeforeMethod setUp -->
  <testcase classname="com.browserstack.SeleniumTest" name="@BeforeMethod setUp" time="1.665">
    <failure type="org.openqa.selenium.SessionNotCreatedException" message="Could not start a new session. Handshake response does not match any supported protocol 
Host info: host: &amp;apos;DESKTOP-SS9KUUU&amp;apos;, ip: &amp;apos;192.168.1.178&amp;apos;
Build info: version: &amp;apos;4.9.1&amp;apos;, revision: &amp;apos;eb2032df7f&amp;apos;
System info: os.name: &amp;apos;Windows 11&amp;apos;, os.arch: &amp;apos;amd64&amp;apos;, os.version: &amp;apos;10.0&amp;apos;, java.version: &amp;apos;17.0.7&amp;apos;
Driver info: org.openqa.selenium.chrome.ChromeDriver
Command: [null, newSession {capabilities=[Capabilities {browserName: Safari, browserVersion: latest, bstack:options: {accessKey: twqxQydQD82kykCXeAwz, browser: Safari, browserName: Safari, browserVersion: latest, browserstackSDK: testng-javaagent/1.5.2, buildIdentifier: #58, buildName: jenkins_BrowserStack-, consoleLogs: errors, debug: false, hostName: DESKTOP-SS9KUUU, local: true, localIdentifier: 30_May_1127_DESKTOP_SS9KUUU..., networkLogs: false, os: OS X, osVersion: Big Sur, projectName: BrowserStack Samples, source: testng:sample-master:v1.1, userName: deepakkumar_rQ89ol}, goog:chromeOptions: {args: [--remote-allow-origins=*, start-maximized, --disable-notifications], extensions: []}}]}]">
      <![CDATA[org.openqa.selenium.SessionNotCreatedException: Could not start a new session. Handshake response does not match any supported protocol 
Host info: host: 'DESKTOP-SS9KUUU', ip: '192.168.1.178'
Build info: version: '4.9.1', revision: 'eb2032df7f'
System info: os.name: 'Windows 11', os.arch: 'amd64', os.version: '10.0', java.version: '17.0.7'
Driver info: org.openqa.selenium.chrome.ChromeDriver
Command: [null, newSession {capabilities=[Capabilities {browserName: Safari, browserVersion: latest, bstack:options: {accessKey: twqxQydQD82kykCXeAwz, browser: Safari, browserName: Safari, browserVersion: latest, browserstackSDK: testng-javaagent/1.5.2, buildIdentifier: #58, buildName: jenkins_BrowserStack-, consoleLogs: errors, debug: false, hostName: DESKTOP-SS9KUUU, local: true, localIdentifier: 30_May_1127_DESKTOP_SS9KUUU..., networkLogs: false, os: OS X, osVersion: Big Sur, projectName: BrowserStack Samples, source: testng:sample-master:v1.1, userName: deepakkumar_rQ89ol}, goog:chromeOptions: {args: [--remote-allow-origins=*, start-maximized, --disable-notifications], extensions: []}}]}]
at org.openqa.selenium.remote.ProtocolHandshake.lambda$createSession$2(ProtocolHandshake.java:145)
at java.base/java.util.Optional.orElseGet(Optional.java:364)
at org.openqa.selenium.remote.ProtocolHandshake.createSession(ProtocolHandshake.java:145)
at org.openqa.selenium.remote.ProtocolHandshake.createSession(ProtocolHandshake.java:94)
at org.openqa.selenium.remote.ProtocolHandshake.createSession(ProtocolHandshake.java:68)
at org.openqa.selenium.remote.HttpCommandExecutor.execute(HttpCommandExecutor.java:165)
at org.openqa.selenium.remote.RemoteWebDriver.execute(RemoteWebDriver.java:543)
at org.openqa.selenium.remote.RemoteWebDriver.startSession(RemoteWebDriver.java:229)
at org.openqa.selenium.remote.RemoteWebDriver.<init>(RemoteWebDriver.java:157)
at org.openqa.selenium.chromium.ChromiumDriver.<init>(ChromiumDriver.java:101)
at org.openqa.selenium.chrome.ChromeDriver.<init>(ChromeDriver.java:88)
at org.openqa.selenium.chrome.ChromeDriver.<init>(ChromeDriver.java:84)
at org.openqa.selenium.chrome.ChromeDriver.<init>(ChromeDriver.java:73)
at com.browserstack.SeleniumTest.setUp(SeleniumTest.java:19)
at java.base/java.util.ArrayList.forEach(ArrayList.java:1511)
at java.base/java.util.concurrent.FutureTask.run(FutureTask.java:264)
at java.base/java.util.concurrent.ThreadPoolExecutor.runWorker(ThreadPoolExecutor.java:1136)
at java.base/java.util.concurrent.ThreadPoolExecutor$Worker.run(ThreadPoolExecutor.java:635)
at java.base/java.lang.Thread.run(Thread.java:833)
... Removed 21 stack frames]]>
    </failure>
  </testcase> <!-- @BeforeMethod setUp -->
  <testcase classname="com.browserstack.SeleniumTest" name="@BeforeMethod setUp" time="1.651">
    <failure type="org.openqa.selenium.SessionNotCreatedException" message="Could not start a new session. Handshake response does not match any supported protocol 
Host info: host: &amp;apos;DESKTOP-SS9KUUU&amp;apos;, ip: &amp;apos;192.168.1.178&amp;apos;
Build info: version: &amp;apos;4.9.1&amp;apos;, revision: &amp;apos;eb2032df7f&amp;apos;
System info: os.name: &amp;apos;Windows 11&amp;apos;, os.arch: &amp;apos;amd64&amp;apos;, os.version: &amp;apos;10.0&amp;apos;, java.version: &amp;apos;17.0.7&amp;apos;
Driver info: org.openqa.selenium.chrome.ChromeDriver
Command: [null, newSession {capabilities=[Capabilities {browserName: safari, browserVersion: null, bstack:options: {accessKey: twqxQydQD82kykCXeAwz, browser: safari, browserName: safari, browserVersion: null, browserstackSDK: testng-javaagent/1.5.2, buildIdentifier: #58, buildName: jenkins_BrowserStack-, consoleLogs: errors, debug: false, deviceName: iPhone 12, hostName: DESKTOP-SS9KUUU, local: true, localIdentifier: 30_May_1127_DESKTOP_SS9KUUU..., networkLogs: false, os: ios, osVersion: 14.0, projectName: BrowserStack Samples, source: testng:sample-master:v1.1, userName: deepakkumar_rQ89ol}, goog:chromeOptions: {args: [--remote-allow-origins=*, start-maximized, --disable-notifications], extensions: []}}]}]">
      <![CDATA[org.openqa.selenium.SessionNotCreatedException: Could not start a new session. Handshake response does not match any supported protocol 
Host info: host: 'DESKTOP-SS9KUUU', ip: '192.168.1.178'
Build info: version: '4.9.1', revision: 'eb2032df7f'
System info: os.name: 'Windows 11', os.arch: 'amd64', os.version: '10.0', java.version: '17.0.7'
Driver info: org.openqa.selenium.chrome.ChromeDriver
Command: [null, newSession {capabilities=[Capabilities {browserName: safari, browserVersion: null, bstack:options: {accessKey: twqxQydQD82kykCXeAwz, browser: safari, browserName: safari, browserVersion: null, browserstackSDK: testng-javaagent/1.5.2, buildIdentifier: #58, buildName: jenkins_BrowserStack-, consoleLogs: errors, debug: false, deviceName: iPhone 12, hostName: DESKTOP-SS9KUUU, local: true, localIdentifier: 30_May_1127_DESKTOP_SS9KUUU..., networkLogs: false, os: ios, osVersion: 14.0, projectName: BrowserStack Samples, source: testng:sample-master:v1.1, userName: deepakkumar_rQ89ol}, goog:chromeOptions: {args: [--remote-allow-origins=*, start-maximized, --disable-notifications], extensions: []}}]}]
at org.openqa.selenium.remote.ProtocolHandshake.lambda$createSession$2(ProtocolHandshake.java:145)
at java.base/java.util.Optional.orElseGet(Optional.java:364)
at org.openqa.selenium.remote.ProtocolHandshake.createSession(ProtocolHandshake.java:145)
at org.openqa.selenium.remote.ProtocolHandshake.createSession(ProtocolHandshake.java:94)
at org.openqa.selenium.remote.ProtocolHandshake.createSession(ProtocolHandshake.java:68)
at org.openqa.selenium.remote.HttpCommandExecutor.execute(HttpCommandExecutor.java:165)
at org.openqa.selenium.remote.RemoteWebDriver.execute(RemoteWebDriver.java:543)
at org.openqa.selenium.remote.RemoteWebDriver.startSession(RemoteWebDriver.java:229)
at org.openqa.selenium.remote.RemoteWebDriver.<init>(RemoteWebDriver.java:157)
at org.openqa.selenium.chromium.ChromiumDriver.<init>(ChromiumDriver.java:101)
at org.openqa.selenium.chrome.ChromeDriver.<init>(ChromeDriver.java:88)
at org.openqa.selenium.chrome.ChromeDriver.<init>(ChromeDriver.java:84)
at org.openqa.selenium.chrome.ChromeDriver.<init>(ChromeDriver.java:73)
at com.browserstack.SeleniumTest.setUp(SeleniumTest.java:19)
at java.base/java.util.ArrayList.forEach(ArrayList.java:1511)
at java.base/java.util.concurrent.FutureTask.run(FutureTask.java:264)
at java.base/java.util.concurrent.ThreadPoolExecutor.runWorker(ThreadPoolExecutor.java:1136)
at java.base/java.util.concurrent.ThreadPoolExecutor$Worker.run(ThreadPoolExecutor.java:635)
at java.base/java.lang.Thread.run(Thread.java:833)
... Removed 21 stack frames]]>
    </failure>
  </testcase> <!-- @BeforeMethod setUp -->
  <testcase classname="com.browserstack.SeleniumTest" name="@BeforeMethod setUp" time="1.657">
    <failure type="org.openqa.selenium.SessionNotCreatedException" message="Could not start a new session. Handshake response does not match any supported protocol 
Host info: host: &amp;apos;DESKTOP-SS9KUUU&amp;apos;, ip: &amp;apos;192.168.1.178&amp;apos;
Build info: version: &amp;apos;4.9.1&amp;apos;, revision: &amp;apos;eb2032df7f&amp;apos;
System info: os.name: &amp;apos;Windows 11&amp;apos;, os.arch: &amp;apos;amd64&amp;apos;, os.version: &amp;apos;10.0&amp;apos;, java.version: &amp;apos;17.0.7&amp;apos;
Driver info: org.openqa.selenium.chrome.ChromeDriver
Command: [null, newSession {capabilities=[Capabilities {browserName: Safari, browserVersion: latest, bstack:options: {accessKey: twqxQydQD82kykCXeAwz, browser: Safari, browserName: Safari, browserVersion: latest, browserstackSDK: testng-javaagent/1.5.2, buildIdentifier: #58, buildName: jenkins_BrowserStack-, consoleLogs: errors, debug: false, hostName: DESKTOP-SS9KUUU, local: true, localIdentifier: 30_May_1127_DESKTOP_SS9KUUU..., networkLogs: false, os: OS X, osVersion: Big Sur, projectName: BrowserStack Samples, source: testng:sample-master:v1.1, userName: deepakkumar_rQ89ol}, goog:chromeOptions: {args: [--remote-allow-origins=*, start-maximized, --disable-notifications], extensions: []}}]}]">
      <![CDATA[org.openqa.selenium.SessionNotCreatedException: Could not start a new session. Handshake response does not match any supported protocol 
Host info: host: 'DESKTOP-SS9KUUU', ip: '192.168.1.178'
Build info: version: '4.9.1', revision: 'eb2032df7f'
System info: os.name: 'Windows 11', os.arch: 'amd64', os.version: '10.0', java.version: '17.0.7'
Driver info: org.openqa.selenium.chrome.ChromeDriver
Command: [null, newSession {capabilities=[Capabilities {browserName: Safari, browserVersion: latest, bstack:options: {accessKey: twqxQydQD82kykCXeAwz, browser: Safari, browserName: Safari, browserVersion: latest, browserstackSDK: testng-javaagent/1.5.2, buildIdentifier: #58, buildName: jenkins_BrowserStack-, consoleLogs: errors, debug: false, hostName: DESKTOP-SS9KUUU, local: true, localIdentifier: 30_May_1127_DESKTOP_SS9KUUU..., networkLogs: false, os: OS X, osVersion: Big Sur, projectName: BrowserStack Samples, source: testng:sample-master:v1.1, userName: deepakkumar_rQ89ol}, goog:chromeOptions: {args: [--remote-allow-origins=*, start-maximized, --disable-notifications], extensions: []}}]}]
at org.openqa.selenium.remote.ProtocolHandshake.lambda$createSession$2(ProtocolHandshake.java:145)
at java.base/java.util.Optional.orElseGet(Optional.java:364)
at org.openqa.selenium.remote.ProtocolHandshake.createSession(ProtocolHandshake.java:145)
at org.openqa.selenium.remote.ProtocolHandshake.createSession(ProtocolHandshake.java:94)
at org.openqa.selenium.remote.ProtocolHandshake.createSession(ProtocolHandshake.java:68)
at org.openqa.selenium.remote.HttpCommandExecutor.execute(HttpCommandExecutor.java:165)
at org.openqa.selenium.remote.RemoteWebDriver.execute(RemoteWebDriver.java:543)
at org.openqa.selenium.remote.RemoteWebDriver.startSession(RemoteWebDriver.java:229)
at org.openqa.selenium.remote.RemoteWebDriver.<init>(RemoteWebDriver.java:157)
at org.openqa.selenium.chromium.ChromiumDriver.<init>(ChromiumDriver.java:101)
at org.openqa.selenium.chrome.ChromeDriver.<init>(ChromeDriver.java:88)
at org.openqa.selenium.chrome.ChromeDriver.<init>(ChromeDriver.java:84)
at org.openqa.selenium.chrome.ChromeDriver.<init>(ChromeDriver.java:73)
at com.browserstack.SeleniumTest.setUp(SeleniumTest.java:19)
at java.base/java.util.ArrayList.forEach(ArrayList.java:1511)
at java.base/java.util.concurrent.FutureTask.run(FutureTask.java:264)
at java.base/java.util.concurrent.ThreadPoolExecutor.runWorker(ThreadPoolExecutor.java:1136)
at java.base/java.util.concurrent.ThreadPoolExecutor$Worker.run(ThreadPoolExecutor.java:635)
at java.base/java.lang.Thread.run(Thread.java:833)
... Removed 21 stack frames]]>
    </failure>
  </testcase> <!-- @BeforeMethod setUp -->
  <testcase classname="com.browserstack.SeleniumTest" name="@BeforeMethod setUp" time="1.654">
    <failure type="org.openqa.selenium.SessionNotCreatedException" message="Could not start a new session. Handshake response does not match any supported protocol 
Host info: host: &amp;apos;DESKTOP-SS9KUUU&amp;apos;, ip: &amp;apos;192.168.1.178&amp;apos;
Build info: version: &amp;apos;4.9.1&amp;apos;, revision: &amp;apos;eb2032df7f&amp;apos;
System info: os.name: &amp;apos;Windows 11&amp;apos;, os.arch: &amp;apos;amd64&amp;apos;, os.version: &amp;apos;10.0&amp;apos;, java.version: &amp;apos;17.0.7&amp;apos;
Driver info: org.openqa.selenium.chrome.ChromeDriver
Command: [null, newSession {capabilities=[Capabilities {browserName: safari, browserVersion: null, bstack:options: {accessKey: twqxQydQD82kykCXeAwz, browser: safari, browserName: safari, browserVersion: null, browserstackSDK: testng-javaagent/1.5.2, buildIdentifier: #58, buildName: jenkins_BrowserStack-, consoleLogs: errors, debug: false, deviceName: iPhone 12, hostName: DESKTOP-SS9KUUU, local: true, localIdentifier: 30_May_1127_DESKTOP_SS9KUUU..., networkLogs: false, os: ios, osVersion: 14.0, projectName: BrowserStack Samples, source: testng:sample-master:v1.1, userName: deepakkumar_rQ89ol}, goog:chromeOptions: {args: [--remote-allow-origins=*, start-maximized, --disable-notifications], extensions: []}}]}]">
      <![CDATA[org.openqa.selenium.SessionNotCreatedException: Could not start a new session. Handshake response does not match any supported protocol 
Host info: host: 'DESKTOP-SS9KUUU', ip: '192.168.1.178'
Build info: version: '4.9.1', revision: 'eb2032df7f'
System info: os.name: 'Windows 11', os.arch: 'amd64', os.version: '10.0', java.version: '17.0.7'
Driver info: org.openqa.selenium.chrome.ChromeDriver
Command: [null, newSession {capabilities=[Capabilities {browserName: safari, browserVersion: null, bstack:options: {accessKey: twqxQydQD82kykCXeAwz, browser: safari, browserName: safari, browserVersion: null, browserstackSDK: testng-javaagent/1.5.2, buildIdentifier: #58, buildName: jenkins_BrowserStack-, consoleLogs: errors, debug: false, deviceName: iPhone 12, hostName: DESKTOP-SS9KUUU, local: true, localIdentifier: 30_May_1127_DESKTOP_SS9KUUU..., networkLogs: false, os: ios, osVersion: 14.0, projectName: BrowserStack Samples, source: testng:sample-master:v1.1, userName: deepakkumar_rQ89ol}, goog:chromeOptions: {args: [--remote-allow-origins=*, start-maximized, --disable-notifications], extensions: []}}]}]
at org.openqa.selenium.remote.ProtocolHandshake.lambda$createSession$2(ProtocolHandshake.java:145)
at java.base/java.util.Optional.orElseGet(Optional.java:364)
at org.openqa.selenium.remote.ProtocolHandshake.createSession(ProtocolHandshake.java:145)
at org.openqa.selenium.remote.ProtocolHandshake.createSession(ProtocolHandshake.java:94)
at org.openqa.selenium.remote.ProtocolHandshake.createSession(ProtocolHandshake.java:68)
at org.openqa.selenium.remote.HttpCommandExecutor.execute(HttpCommandExecutor.java:165)
at org.openqa.selenium.remote.RemoteWebDriver.execute(RemoteWebDriver.java:543)
at org.openqa.selenium.remote.RemoteWebDriver.startSession(RemoteWebDriver.java:229)
at org.openqa.selenium.remote.RemoteWebDriver.<init>(RemoteWebDriver.java:157)
at org.openqa.selenium.chromium.ChromiumDriver.<init>(ChromiumDriver.java:101)
at org.openqa.selenium.chrome.ChromeDriver.<init>(ChromeDriver.java:88)
at org.openqa.selenium.chrome.ChromeDriver.<init>(ChromeDriver.java:84)
at org.openqa.selenium.chrome.ChromeDriver.<init>(ChromeDriver.java:73)
at com.browserstack.SeleniumTest.setUp(SeleniumTest.java:19)
at java.base/java.util.ArrayList.forEach(ArrayList.java:1511)
at java.base/java.util.concurrent.FutureTask.run(FutureTask.java:264)
at java.base/java.util.concurrent.ThreadPoolExecutor.runWorker(ThreadPoolExecutor.java:1136)
at java.base/java.util.concurrent.ThreadPoolExecutor$Worker.run(ThreadPoolExecutor.java:635)
at java.base/java.lang.Thread.run(Thread.java:833)
... Removed 21 stack frames]]>
    </failure>
  </testcase> <!-- @BeforeMethod setUp -->
  <testcase classname="com.browserstack.SeleniumTest" name="@BeforeMethod setUp" time="1.639">
    <failure type="org.openqa.selenium.SessionNotCreatedException" message="Could not start a new session. Handshake response does not match any supported protocol 
Host info: host: &amp;apos;DESKTOP-SS9KUUU&amp;apos;, ip: &amp;apos;192.168.1.178&amp;apos;
Build info: version: &amp;apos;4.9.1&amp;apos;, revision: &amp;apos;eb2032df7f&amp;apos;
System info: os.name: &amp;apos;Windows 11&amp;apos;, os.arch: &amp;apos;amd64&amp;apos;, os.version: &amp;apos;10.0&amp;apos;, java.version: &amp;apos;17.0.7&amp;apos;
Driver info: org.openqa.selenium.chrome.ChromeDriver
Command: [null, newSession {capabilities=[Capabilities {browserName: Safari, browserVersion: latest, bstack:options: {accessKey: twqxQydQD82kykCXeAwz, browser: Safari, browserName: Safari, browserVersion: latest, browserstackSDK: testng-javaagent/1.5.2, buildIdentifier: #58, buildName: jenkins_BrowserStack-, consoleLogs: errors, debug: false, hostName: DESKTOP-SS9KUUU, local: true, localIdentifier: 30_May_1127_DESKTOP_SS9KUUU..., networkLogs: false, os: OS X, osVersion: Big Sur, projectName: BrowserStack Samples, source: testng:sample-master:v1.1, userName: deepakkumar_rQ89ol}, goog:chromeOptions: {args: [--remote-allow-origins=*, start-maximized, --disable-notifications], extensions: []}}]}]">
      <![CDATA[org.openqa.selenium.SessionNotCreatedException: Could not start a new session. Handshake response does not match any supported protocol 
Host info: host: 'DESKTOP-SS9KUUU', ip: '192.168.1.178'
Build info: version: '4.9.1', revision: 'eb2032df7f'
System info: os.name: 'Windows 11', os.arch: 'amd64', os.version: '10.0', java.version: '17.0.7'
Driver info: org.openqa.selenium.chrome.ChromeDriver
Command: [null, newSession {capabilities=[Capabilities {browserName: Safari, browserVersion: latest, bstack:options: {accessKey: twqxQydQD82kykCXeAwz, browser: Safari, browserName: Safari, browserVersion: latest, browserstackSDK: testng-javaagent/1.5.2, buildIdentifier: #58, buildName: jenkins_BrowserStack-, consoleLogs: errors, debug: false, hostName: DESKTOP-SS9KUUU, local: true, localIdentifier: 30_May_1127_DESKTOP_SS9KUUU..., networkLogs: false, os: OS X, osVersion: Big Sur, projectName: BrowserStack Samples, source: testng:sample-master:v1.1, userName: deepakkumar_rQ89ol}, goog:chromeOptions: {args: [--remote-allow-origins=*, start-maximized, --disable-notifications], extensions: []}}]}]
at org.openqa.selenium.remote.ProtocolHandshake.lambda$createSession$2(ProtocolHandshake.java:145)
at java.base/java.util.Optional.orElseGet(Optional.java:364)
at org.openqa.selenium.remote.ProtocolHandshake.createSession(ProtocolHandshake.java:145)
at org.openqa.selenium.remote.ProtocolHandshake.createSession(ProtocolHandshake.java:94)
at org.openqa.selenium.remote.ProtocolHandshake.createSession(ProtocolHandshake.java:68)
at org.openqa.selenium.remote.HttpCommandExecutor.execute(HttpCommandExecutor.java:165)
at org.openqa.selenium.remote.RemoteWebDriver.execute(RemoteWebDriver.java:543)
at org.openqa.selenium.remote.RemoteWebDriver.startSession(RemoteWebDriver.java:229)
at org.openqa.selenium.remote.RemoteWebDriver.<init>(RemoteWebDriver.java:157)
at org.openqa.selenium.chromium.ChromiumDriver.<init>(ChromiumDriver.java:101)
at org.openqa.selenium.chrome.ChromeDriver.<init>(ChromeDriver.java:88)
at org.openqa.selenium.chrome.ChromeDriver.<init>(ChromeDriver.java:84)
at org.openqa.selenium.chrome.ChromeDriver.<init>(ChromeDriver.java:73)
at com.browserstack.SeleniumTest.setUp(SeleniumTest.java:19)
at java.base/java.util.ArrayList.forEach(ArrayList.java:1511)
at java.base/java.util.concurrent.FutureTask.run(FutureTask.java:264)
at java.base/java.util.concurrent.ThreadPoolExecutor.runWorker(ThreadPoolExecutor.java:1136)
at java.base/java.util.concurrent.ThreadPoolExecutor$Worker.run(ThreadPoolExecutor.java:635)
at java.base/java.lang.Thread.run(Thread.java:833)
... Removed 21 stack frames]]>
    </failure>
  </testcase> <!-- @BeforeMethod setUp -->
  <testcase classname="com.browserstack.SeleniumTest" name="@BeforeMethod setUp" time="1.643">
    <failure type="org.openqa.selenium.SessionNotCreatedException" message="Could not start a new session. Handshake response does not match any supported protocol 
Host info: host: &amp;apos;DESKTOP-SS9KUUU&amp;apos;, ip: &amp;apos;192.168.1.178&amp;apos;
Build info: version: &amp;apos;4.9.1&amp;apos;, revision: &amp;apos;eb2032df7f&amp;apos;
System info: os.name: &amp;apos;Windows 11&amp;apos;, os.arch: &amp;apos;amd64&amp;apos;, os.version: &amp;apos;10.0&amp;apos;, java.version: &amp;apos;17.0.7&amp;apos;
Driver info: org.openqa.selenium.chrome.ChromeDriver
Command: [null, newSession {capabilities=[Capabilities {browserName: safari, browserVersion: null, bstack:options: {accessKey: twqxQydQD82kykCXeAwz, browser: safari, browserName: safari, browserVersion: null, browserstackSDK: testng-javaagent/1.5.2, buildIdentifier: #58, buildName: jenkins_BrowserStack-, consoleLogs: errors, debug: false, deviceName: iPhone 12, hostName: DESKTOP-SS9KUUU, local: true, localIdentifier: 30_May_1127_DESKTOP_SS9KUUU..., networkLogs: false, os: ios, osVersion: 14.0, projectName: BrowserStack Samples, source: testng:sample-master:v1.1, userName: deepakkumar_rQ89ol}, goog:chromeOptions: {args: [--remote-allow-origins=*, start-maximized, --disable-notifications], extensions: []}}]}]">
      <![CDATA[org.openqa.selenium.SessionNotCreatedException: Could not start a new session. Handshake response does not match any supported protocol 
Host info: host: 'DESKTOP-SS9KUUU', ip: '192.168.1.178'
Build info: version: '4.9.1', revision: 'eb2032df7f'
System info: os.name: 'Windows 11', os.arch: 'amd64', os.version: '10.0', java.version: '17.0.7'
Driver info: org.openqa.selenium.chrome.ChromeDriver
Command: [null, newSession {capabilities=[Capabilities {browserName: safari, browserVersion: null, bstack:options: {accessKey: twqxQydQD82kykCXeAwz, browser: safari, browserName: safari, browserVersion: null, browserstackSDK: testng-javaagent/1.5.2, buildIdentifier: #58, buildName: jenkins_BrowserStack-, consoleLogs: errors, debug: false, deviceName: iPhone 12, hostName: DESKTOP-SS9KUUU, local: true, localIdentifier: 30_May_1127_DESKTOP_SS9KUUU..., networkLogs: false, os: ios, osVersion: 14.0, projectName: BrowserStack Samples, source: testng:sample-master:v1.1, userName: deepakkumar_rQ89ol}, goog:chromeOptions: {args: [--remote-allow-origins=*, start-maximized, --disable-notifications], extensions: []}}]}]
at org.openqa.selenium.remote.ProtocolHandshake.lambda$createSession$2(ProtocolHandshake.java:145)
at java.base/java.util.Optional.orElseGet(Optional.java:364)
at org.openqa.selenium.remote.ProtocolHandshake.createSession(ProtocolHandshake.java:145)
at org.openqa.selenium.remote.ProtocolHandshake.createSession(ProtocolHandshake.java:94)
at org.openqa.selenium.remote.ProtocolHandshake.createSession(ProtocolHandshake.java:68)
at org.openqa.selenium.remote.HttpCommandExecutor.execute(HttpCommandExecutor.java:165)
at org.openqa.selenium.remote.RemoteWebDriver.execute(RemoteWebDriver.java:543)
at org.openqa.selenium.remote.RemoteWebDriver.startSession(RemoteWebDriver.java:229)
at org.openqa.selenium.remote.RemoteWebDriver.<init>(RemoteWebDriver.java:157)
at org.openqa.selenium.chromium.ChromiumDriver.<init>(ChromiumDriver.java:101)
at org.openqa.selenium.chrome.ChromeDriver.<init>(ChromeDriver.java:88)
at org.openqa.selenium.chrome.ChromeDriver.<init>(ChromeDriver.java:84)
at org.openqa.selenium.chrome.ChromeDriver.<init>(ChromeDriver.java:73)
at com.browserstack.SeleniumTest.setUp(SeleniumTest.java:19)
at java.base/java.util.ArrayList.forEach(ArrayList.java:1511)
at java.base/java.util.concurrent.FutureTask.run(FutureTask.java:264)
at java.base/java.util.concurrent.ThreadPoolExecutor.runWorker(ThreadPoolExecutor.java:1136)
at java.base/java.util.concurrent.ThreadPoolExecutor$Worker.run(ThreadPoolExecutor.java:635)
at java.base/java.lang.Thread.run(Thread.java:833)
... Removed 21 stack frames]]>
    </failure>
  </testcase> <!-- @BeforeMethod setUp -->
  <testcase classname="com.browserstack.SeleniumTest" name="@BeforeMethod setUp" time="1.65">
    <failure type="org.openqa.selenium.SessionNotCreatedException" message="Could not start a new session. Handshake response does not match any supported protocol 
Host info: host: &amp;apos;DESKTOP-SS9KUUU&amp;apos;, ip: &amp;apos;192.168.1.178&amp;apos;
Build info: version: &amp;apos;4.9.1&amp;apos;, revision: &amp;apos;eb2032df7f&amp;apos;
System info: os.name: &amp;apos;Windows 11&amp;apos;, os.arch: &amp;apos;amd64&amp;apos;, os.version: &amp;apos;10.0&amp;apos;, java.version: &amp;apos;17.0.7&amp;apos;
Driver info: org.openqa.selenium.chrome.ChromeDriver
Command: [null, newSession {capabilities=[Capabilities {browserName: Safari, browserVersion: latest, bstack:options: {accessKey: twqxQydQD82kykCXeAwz, browser: Safari, browserName: Safari, browserVersion: latest, browserstackSDK: testng-javaagent/1.5.2, buildIdentifier: #58, buildName: jenkins_BrowserStack-, consoleLogs: errors, debug: false, hostName: DESKTOP-SS9KUUU, local: true, localIdentifier: 30_May_1127_DESKTOP_SS9KUUU..., networkLogs: false, os: OS X, osVersion: Big Sur, projectName: BrowserStack Samples, source: testng:sample-master:v1.1, userName: deepakkumar_rQ89ol}, goog:chromeOptions: {args: [--remote-allow-origins=*, start-maximized, --disable-notifications], extensions: []}}]}]">
      <![CDATA[org.openqa.selenium.SessionNotCreatedException: Could not start a new session. Handshake response does not match any supported protocol 
Host info: host: 'DESKTOP-SS9KUUU', ip: '192.168.1.178'
Build info: version: '4.9.1', revision: 'eb2032df7f'
System info: os.name: 'Windows 11', os.arch: 'amd64', os.version: '10.0', java.version: '17.0.7'
Driver info: org.openqa.selenium.chrome.ChromeDriver
Command: [null, newSession {capabilities=[Capabilities {browserName: Safari, browserVersion: latest, bstack:options: {accessKey: twqxQydQD82kykCXeAwz, browser: Safari, browserName: Safari, browserVersion: latest, browserstackSDK: testng-javaagent/1.5.2, buildIdentifier: #58, buildName: jenkins_BrowserStack-, consoleLogs: errors, debug: false, hostName: DESKTOP-SS9KUUU, local: true, localIdentifier: 30_May_1127_DESKTOP_SS9KUUU..., networkLogs: false, os: OS X, osVersion: Big Sur, projectName: BrowserStack Samples, source: testng:sample-master:v1.1, userName: deepakkumar_rQ89ol}, goog:chromeOptions: {args: [--remote-allow-origins=*, start-maximized, --disable-notifications], extensions: []}}]}]
at org.openqa.selenium.remote.ProtocolHandshake.lambda$createSession$2(ProtocolHandshake.java:145)
at java.base/java.util.Optional.orElseGet(Optional.java:364)
at org.openqa.selenium.remote.ProtocolHandshake.createSession(ProtocolHandshake.java:145)
at org.openqa.selenium.remote.ProtocolHandshake.createSession(ProtocolHandshake.java:94)
at org.openqa.selenium.remote.ProtocolHandshake.createSession(ProtocolHandshake.java:68)
at org.openqa.selenium.remote.HttpCommandExecutor.execute(HttpCommandExecutor.java:165)
at org.openqa.selenium.remote.RemoteWebDriver.execute(RemoteWebDriver.java:543)
at org.openqa.selenium.remote.RemoteWebDriver.startSession(RemoteWebDriver.java:229)
at org.openqa.selenium.remote.RemoteWebDriver.<init>(RemoteWebDriver.java:157)
at org.openqa.selenium.chromium.ChromiumDriver.<init>(ChromiumDriver.java:101)
at org.openqa.selenium.chrome.ChromeDriver.<init>(ChromeDriver.java:88)
at org.openqa.selenium.chrome.ChromeDriver.<init>(ChromeDriver.java:84)
at org.openqa.selenium.chrome.ChromeDriver.<init>(ChromeDriver.java:73)
at com.browserstack.SeleniumTest.setUp(SeleniumTest.java:19)
at java.base/java.util.ArrayList.forEach(ArrayList.java:1511)
at java.base/java.util.concurrent.FutureTask.run(FutureTask.java:264)
at java.base/java.util.concurrent.ThreadPoolExecutor.runWorker(ThreadPoolExecutor.java:1136)
at java.base/java.util.concurrent.ThreadPoolExecutor$Worker.run(ThreadPoolExecutor.java:635)
at java.base/java.lang.Thread.run(Thread.java:833)
... Removed 21 stack frames]]>
    </failure>
  </testcase> <!-- @BeforeMethod setUp -->
  <testcase classname="com.browserstack.SeleniumTest" name="@BeforeMethod setUp" time="1.101">
    <failure type="org.openqa.selenium.SessionNotCreatedException" message="Could not start a new session. Possible causes are invalid address of the remote server or browser start-up failure. 
Host info: host: &amp;apos;DESKTOP-SS9KUUU&amp;apos;, ip: &amp;apos;192.168.1.178&amp;apos;">
      <![CDATA[org.openqa.selenium.SessionNotCreatedException: Could not start a new session. Possible causes are invalid address of the remote server or browser start-up failure. 
Host info: host: 'DESKTOP-SS9KUUU', ip: '192.168.1.178'
at org.openqa.selenium.remote.RemoteWebDriver.execute(RemoteWebDriver.java:561)
at org.openqa.selenium.remote.RemoteWebDriver.startSession(RemoteWebDriver.java:229)
at org.openqa.selenium.remote.RemoteWebDriver.<init>(RemoteWebDriver.java:157)
at org.openqa.selenium.chromium.ChromiumDriver.<init>(ChromiumDriver.java:101)
at org.openqa.selenium.chrome.ChromeDriver.<init>(ChromeDriver.java:88)
at org.openqa.selenium.chrome.ChromeDriver.<init>(ChromeDriver.java:84)
at org.openqa.selenium.chrome.ChromeDriver.<init>(ChromeDriver.java:73)
at com.browserstack.SeleniumTest.setUp(SeleniumTest.java:19)
at java.base/java.util.ArrayList.forEach(ArrayList.java:1511)
at java.base/java.util.concurrent.FutureTask.run(FutureTask.java:264)
at java.base/java.util.concurrent.ThreadPoolExecutor.runWorker(ThreadPoolExecutor.java:1136)
at java.base/java.util.concurrent.ThreadPoolExecutor$Worker.run(ThreadPoolExecutor.java:635)
at java.base/java.lang.Thread.run(Thread.java:833)
Caused by: org.openqa.selenium.WebDriverException: Automate testing time expired.
Build info: version: '4.9.1', revision: 'eb2032df7f'
System info: os.name: 'Windows 11', os.arch: 'amd64', os.version: '10.0', java.version: '17.0.7'
Driver info: driver.version: ChromeDriver
remote stacktrace: 
at org.openqa.selenium.remote.W3CHandshakeResponse.lambda$errorHandler$0(W3CHandshakeResponse.java:59)
at org.openqa.selenium.remote.HandshakeResponse.lambda$getResponseFunction$0(HandshakeResponse.java:30)
at org.openqa.selenium.remote.ProtocolHandshake.lambda$createSession$1(ProtocolHandshake.java:141)
at java.base/java.util.stream.ReferencePipeline$3$1.accept(ReferencePipeline.java:197)
at java.base/java.util.stream.Streams$StreamBuilderImpl.tryAdvance(Streams.java:397)
at java.base/java.util.stream.ReferencePipeline.forEachWithCancel(ReferencePipeline.java:129)
at java.base/java.util.stream.AbstractPipeline.copyIntoWithCancel(AbstractPipeline.java:527)
at java.base/java.util.stream.AbstractPipeline.copyInto(AbstractPipeline.java:513)
at java.base/java.util.stream.AbstractPipeline.wrapAndCopyInto(AbstractPipeline.java:499)
at java.base/java.util.stream.FindOps$FindOp.evaluateSequential(FindOps.java:150)
at java.base/java.util.stream.AbstractPipeline.evaluate(AbstractPipeline.java:234)
at java.base/java.util.stream.ReferencePipeline.findFirst(ReferencePipeline.java:647)
at org.openqa.selenium.remote.ProtocolHandshake.createSession(ProtocolHandshake.java:143)
at org.openqa.selenium.remote.ProtocolHandshake.createSession(ProtocolHandshake.java:94)
at org.openqa.selenium.remote.ProtocolHandshake.createSession(ProtocolHandshake.java:68)
at org.openqa.selenium.remote.HttpCommandExecutor.execute(HttpCommandExecutor.java:165)
at org.openqa.selenium.remote.RemoteWebDriver.execute(RemoteWebDriver.java:543)
... 33 more
... Removed 26 stack frames]]>
    </failure>
  </testcase> <!-- @BeforeMethod setUp -->
  <testcase classname="com.browserstack.SeleniumTest" name="@BeforeMethod setUp" time="1.655">
    <failure type="org.openqa.selenium.SessionNotCreatedException" message="Could not start a new session. Handshake response does not match any supported protocol 
Host info: host: &amp;apos;DESKTOP-SS9KUUU&amp;apos;, ip: &amp;apos;192.168.1.178&amp;apos;
Build info: version: &amp;apos;4.9.1&amp;apos;, revision: &amp;apos;eb2032df7f&amp;apos;
System info: os.name: &amp;apos;Windows 11&amp;apos;, os.arch: &amp;apos;amd64&amp;apos;, os.version: &amp;apos;10.0&amp;apos;, java.version: &amp;apos;17.0.7&amp;apos;
Driver info: org.openqa.selenium.chrome.ChromeDriver
Command: [null, newSession {capabilities=[Capabilities {browserName: Safari, browserVersion: latest, bstack:options: {accessKey: twqxQydQD82kykCXeAwz, browser: Safari, browserName: Safari, browserVersion: latest, browserstackSDK: testng-javaagent/1.5.2, buildIdentifier: #58, buildName: jenkins_BrowserStack-, consoleLogs: errors, debug: false, hostName: DESKTOP-SS9KUUU, local: true, localIdentifier: 30_May_1127_DESKTOP_SS9KUUU..., networkLogs: false, os: OS X, osVersion: Big Sur, projectName: BrowserStack Samples, source: testng:sample-master:v1.1, userName: deepakkumar_rQ89ol}, goog:chromeOptions: {args: [--remote-allow-origins=*, start-maximized, --disable-notifications], extensions: []}}]}]">
      <![CDATA[org.openqa.selenium.SessionNotCreatedException: Could not start a new session. Handshake response does not match any supported protocol 
Host info: host: 'DESKTOP-SS9KUUU', ip: '192.168.1.178'
Build info: version: '4.9.1', revision: 'eb2032df7f'
System info: os.name: 'Windows 11', os.arch: 'amd64', os.version: '10.0', java.version: '17.0.7'
Driver info: org.openqa.selenium.chrome.ChromeDriver
Command: [null, newSession {capabilities=[Capabilities {browserName: Safari, browserVersion: latest, bstack:options: {accessKey: twqxQydQD82kykCXeAwz, browser: Safari, browserName: Safari, browserVersion: latest, browserstackSDK: testng-javaagent/1.5.2, buildIdentifier: #58, buildName: jenkins_BrowserStack-, consoleLogs: errors, debug: false, hostName: DESKTOP-SS9KUUU, local: true, localIdentifier: 30_May_1127_DESKTOP_SS9KUUU..., networkLogs: false, os: OS X, osVersion: Big Sur, projectName: BrowserStack Samples, source: testng:sample-master:v1.1, userName: deepakkumar_rQ89ol}, goog:chromeOptions: {args: [--remote-allow-origins=*, start-maximized, --disable-notifications], extensions: []}}]}]
at org.openqa.selenium.remote.ProtocolHandshake.lambda$createSession$2(ProtocolHandshake.java:145)
at java.base/java.util.Optional.orElseGet(Optional.java:364)
at org.openqa.selenium.remote.ProtocolHandshake.createSession(ProtocolHandshake.java:145)
at org.openqa.selenium.remote.ProtocolHandshake.createSession(ProtocolHandshake.java:94)
at org.openqa.selenium.remote.ProtocolHandshake.createSession(ProtocolHandshake.java:68)
at org.openqa.selenium.remote.HttpCommandExecutor.execute(HttpCommandExecutor.java:165)
at org.openqa.selenium.remote.RemoteWebDriver.execute(RemoteWebDriver.java:543)
at org.openqa.selenium.remote.RemoteWebDriver.startSession(RemoteWebDriver.java:229)
at org.openqa.selenium.remote.RemoteWebDriver.<init>(RemoteWebDriver.java:157)
at org.openqa.selenium.chromium.ChromiumDriver.<init>(ChromiumDriver.java:101)
at org.openqa.selenium.chrome.ChromeDriver.<init>(ChromeDriver.java:88)
at org.openqa.selenium.chrome.ChromeDriver.<init>(ChromeDriver.java:84)
at org.openqa.selenium.chrome.ChromeDriver.<init>(ChromeDriver.java:73)
at com.browserstack.SeleniumTest.setUp(SeleniumTest.java:19)
at java.base/java.util.ArrayList.forEach(ArrayList.java:1511)
at java.base/java.util.concurrent.FutureTask.run(FutureTask.java:264)
at java.base/java.util.concurrent.ThreadPoolExecutor.runWorker(ThreadPoolExecutor.java:1136)
at java.base/java.util.concurrent.ThreadPoolExecutor$Worker.run(ThreadPoolExecutor.java:635)
at java.base/java.lang.Thread.run(Thread.java:833)
... Removed 21 stack frames]]>
    </failure>
  </testcase> <!-- @BeforeMethod setUp -->
  <testcase classname="com.browserstack.SeleniumTest" name="@BeforeMethod setUp" time="1.649">
    <failure type="org.openqa.selenium.SessionNotCreatedException" message="Could not start a new session. Handshake response does not match any supported protocol 
Host info: host: &amp;apos;DESKTOP-SS9KUUU&amp;apos;, ip: &amp;apos;192.168.1.178&amp;apos;
Build info: version: &amp;apos;4.9.1&amp;apos;, revision: &amp;apos;eb2032df7f&amp;apos;
System info: os.name: &amp;apos;Windows 11&amp;apos;, os.arch: &amp;apos;amd64&amp;apos;, os.version: &amp;apos;10.0&amp;apos;, java.version: &amp;apos;17.0.7&amp;apos;
Driver info: org.openqa.selenium.chrome.ChromeDriver
Command: [null, newSession {capabilities=[Capabilities {browserName: safari, browserVersion: null, bstack:options: {accessKey: twqxQydQD82kykCXeAwz, browser: safari, browserName: safari, browserVersion: null, browserstackSDK: testng-javaagent/1.5.2, buildIdentifier: #58, buildName: jenkins_BrowserStack-, consoleLogs: errors, debug: false, deviceName: iPhone 12, hostName: DESKTOP-SS9KUUU, local: true, localIdentifier: 30_May_1127_DESKTOP_SS9KUUU..., networkLogs: false, os: ios, osVersion: 14.0, projectName: BrowserStack Samples, source: testng:sample-master:v1.1, userName: deepakkumar_rQ89ol}, goog:chromeOptions: {args: [--remote-allow-origins=*, start-maximized, --disable-notifications], extensions: []}}]}]">
      <![CDATA[org.openqa.selenium.SessionNotCreatedException: Could not start a new session. Handshake response does not match any supported protocol 
Host info: host: 'DESKTOP-SS9KUUU', ip: '192.168.1.178'
Build info: version: '4.9.1', revision: 'eb2032df7f'
System info: os.name: 'Windows 11', os.arch: 'amd64', os.version: '10.0', java.version: '17.0.7'
Driver info: org.openqa.selenium.chrome.ChromeDriver
Command: [null, newSession {capabilities=[Capabilities {browserName: safari, browserVersion: null, bstack:options: {accessKey: twqxQydQD82kykCXeAwz, browser: safari, browserName: safari, browserVersion: null, browserstackSDK: testng-javaagent/1.5.2, buildIdentifier: #58, buildName: jenkins_BrowserStack-, consoleLogs: errors, debug: false, deviceName: iPhone 12, hostName: DESKTOP-SS9KUUU, local: true, localIdentifier: 30_May_1127_DESKTOP_SS9KUUU..., networkLogs: false, os: ios, osVersion: 14.0, projectName: BrowserStack Samples, source: testng:sample-master:v1.1, userName: deepakkumar_rQ89ol}, goog:chromeOptions: {args: [--remote-allow-origins=*, start-maximized, --disable-notifications], extensions: []}}]}]
at org.openqa.selenium.remote.ProtocolHandshake.lambda$createSession$2(ProtocolHandshake.java:145)
at java.base/java.util.Optional.orElseGet(Optional.java:364)
at org.openqa.selenium.remote.ProtocolHandshake.createSession(ProtocolHandshake.java:145)
at org.openqa.selenium.remote.ProtocolHandshake.createSession(ProtocolHandshake.java:94)
at org.openqa.selenium.remote.ProtocolHandshake.createSession(ProtocolHandshake.java:68)
at org.openqa.selenium.remote.HttpCommandExecutor.execute(HttpCommandExecutor.java:165)
at org.openqa.selenium.remote.RemoteWebDriver.execute(RemoteWebDriver.java:543)
at org.openqa.selenium.remote.RemoteWebDriver.startSession(RemoteWebDriver.java:229)
at org.openqa.selenium.remote.RemoteWebDriver.<init>(RemoteWebDriver.java:157)
at org.openqa.selenium.chromium.ChromiumDriver.<init>(ChromiumDriver.java:101)
at org.openqa.selenium.chrome.ChromeDriver.<init>(ChromeDriver.java:88)
at org.openqa.selenium.chrome.ChromeDriver.<init>(ChromeDriver.java:84)
at org.openqa.selenium.chrome.ChromeDriver.<init>(ChromeDriver.java:73)
at com.browserstack.SeleniumTest.setUp(SeleniumTest.java:19)
at java.base/java.util.ArrayList.forEach(ArrayList.java:1511)
at java.base/java.util.concurrent.FutureTask.run(FutureTask.java:264)
at java.base/java.util.concurrent.ThreadPoolExecutor.runWorker(ThreadPoolExecutor.java:1136)
at java.base/java.util.concurrent.ThreadPoolExecutor$Worker.run(ThreadPoolExecutor.java:635)
at java.base/java.lang.Thread.run(Thread.java:833)
... Removed 21 stack frames]]>
    </failure>
  </testcase> <!-- @BeforeMethod setUp -->
  <testcase classname="com.browserstack.staticpages" name="Beagle" time="14.396"/>
  <testcase classname="com.browserstack.staticpages" name="aboutus" time="12.363"/>
  <testcase classname="com.browserstack.staticpages" name="alldogtreats" time="12.156"/>
  <testcase classname="com.browserstack.staticpages" name="awards" time="0.0">
    <skipped/>
  </testcase> <!-- awards -->
  <testcase classname="com.browserstack.staticpages" name="birthdayclub" time="0.0">
    <skipped/>
  </testcase> <!-- birthdayclub -->
  <testcase classname="com.browserstack.staticpages" name="blogs" time="0.0">
    <skipped/>
  </testcase> <!-- blogs -->
  <testcase classname="com.browserstack.staticpages" name="boxer" time="0.0">
    <skipped/>
  </testcase> <!-- boxer -->
  <testcase classname="com.browserstack.staticpages" name="career" time="0.0">
    <skipped/>
  </testcase> <!-- career -->
  <testcase classname="com.browserstack.staticpages" name="cats" time="0.0">
    <skipped/>
  </testcase> <!-- cats -->
  <testcase classname="com.browserstack.staticpages" name="contactus" time="0.0">
    <skipped/>
  </testcase> <!-- contactus -->
  <testcase classname="com.browserstack.staticpages" name="dashdog" time="0.0">
    <skipped/>
  </testcase> <!-- dashdog -->
  <testcase classname="com.browserstack.staticpages" name="downloadhuftapp" time="0.0">
    <skipped/>
  </testcase> <!-- downloadhuftapp -->
  <testcase classname="com.browserstack.staticpages" name="germanshepherd" time="0.0">
    <skipped/>
  </testcase> <!-- germanshepherd -->
  <testcase classname="com.browserstack.staticpages" name="goldenretriever" time="0.0">
    <skipped/>
  </testcase> <!-- goldenretriever -->
  <testcase classname="com.browserstack.staticpages" name="huftcommunity" time="0.0">
    <skipped/>
  </testcase> <!-- huftcommunity -->
  <testcase classname="com.browserstack.staticpages" name="huftreward" time="0.0">
    <skipped/>
  </testcase> <!-- huftreward -->
  <testcase classname="com.browserstack.staticpages" name="huskies" time="0.0">
    <skipped/>
  </testcase> <!-- huskies -->
  <testcase classname="com.browserstack.staticpages" name="indies" time="0.0">
    <skipped/>
  </testcase> <!-- indies -->
  <testcase classname="com.browserstack.staticpages" name="kitten" time="0.0">
    <skipped/>
  </testcase> <!-- kitten -->
  <testcase classname="com.browserstack.staticpages" name="learnwithhuft" time="0.0">
    <skipped/>
  </testcase> <!-- learnwithhuft -->
  <testcase classname="com.browserstack.staticpages" name="nauturehug" time="0.0">
    <skipped/>
  </testcase> <!-- nauturehug -->
  <testcase classname="com.browserstack.staticpages" name="offer" time="0.0">
    <skipped/>
  </testcase> <!-- offer -->
  <testcase classname="com.browserstack.staticpages" name="petspa" time="0.0">
    <skipped/>
  </testcase> <!-- petspa -->
  <testcase classname="com.browserstack.staticpages" name="privacypolicy" time="0.0">
    <skipped/>
  </testcase> <!-- privacypolicy -->
  <testcase classname="com.browserstack.staticpages" name="pugs" time="0.0">
    <skipped/>
  </testcase> <!-- pugs -->
  <testcase classname="com.browserstack.staticpages" name="puppy" time="0.0">
    <skipped/>
  </testcase> <!-- puppy -->
  <testcase classname="com.browserstack.staticpages" name="referafriend" time="0.0">
    <skipped/>
  </testcase> <!-- referafriend -->
  <testcase classname="com.browserstack.staticpages" name="senoirdogessentials" time="0.0">
    <skipped/>
  </testcase> <!-- senoirdogessentials -->
  <testcase classname="com.browserstack.staticpages" name="shihtzus" time="0.0">
    <skipped/>
  </testcase> <!-- shihtzus -->
  <testcase classname="com.browserstack.staticpages" name="store" time="0.0">
    <skipped/>
  </testcase> <!-- store -->
  <testcase classname="com.browserstack.staticpages" name="termofuses" time="0.0">
    <skipped/>
  </testcase> <!-- termofuses -->
</testsuite> <!-- BStackDemo-2 -->
