<?xml version="1.0" encoding="UTF-8"?>
<!-- Generated by org.testng.reporters.JUnitXMLReporter -->
<testsuite ignored="0" hostname="DESKTOP-SS9KUUU" failures="0" tests="2" name="BStackDemo-1" time="64.148" errors="0" timestamp="2023-05-25T13:28:30 IST">
  <testcase classname="com.browserstack.Headsupfortails" name="verifyHomepageTitle" time="8.893"/>
  <testcase classname="com.browserstack.Headsupfortails" name="verifyProductSearchFunctionality" time="14.584"/>
</testsuite> <!-- BStackDemo-1 -->
